2022-09-18 19:40:11 INFO     Starting training
2022-09-18 19:40:11 INFO     Epoch 0
2022-09-18 19:40:11 INFO     Number of samples in train dataset 156907
2022-09-18 19:41:03 INFO     Critic training done in epoch 0
2022-09-18 19:41:26 INFO     Encoder decoder training done in epoch 0
2022-09-18 19:41:26 INFO     critic x loss -364.276 critic z loss -1.699 encoder loss 636.274 decoder loss 3.785

2022-09-18 19:41:26 INFO     Epoch 1
2022-09-18 19:41:26 INFO     Number of samples in train dataset 156907
2022-09-18 19:42:21 INFO     Critic training done in epoch 1
2022-09-18 19:42:43 INFO     Encoder decoder training done in epoch 1
2022-09-18 19:42:43 INFO     critic x loss -765.769 critic z loss -4.761 encoder loss 1172.621 decoder loss 5.641

2022-09-18 19:42:43 INFO     Epoch 2
2022-09-18 19:42:44 INFO     Number of samples in train dataset 156907
2022-09-18 19:43:39 INFO     Critic training done in epoch 2
2022-09-18 19:44:01 INFO     Encoder decoder training done in epoch 2
2022-09-18 19:44:01 INFO     critic x loss -1373.887 critic z loss -6.157 encoder loss 1904.788 decoder loss 8.447

2022-09-18 19:44:01 INFO     Epoch 3
2022-09-18 19:44:02 INFO     Number of samples in train dataset 156907
2022-09-18 19:44:57 INFO     Critic training done in epoch 3
2022-09-18 19:45:19 INFO     Encoder decoder training done in epoch 3
2022-09-18 19:45:19 INFO     critic x loss -1993.806 critic z loss -10.195 encoder loss 2674.438 decoder loss 14.638

2022-09-18 19:45:19 INFO     Epoch 4
2022-09-18 19:45:20 INFO     Number of samples in train dataset 156907
2022-09-18 19:46:15 INFO     Critic training done in epoch 4
2022-09-18 19:46:37 INFO     Encoder decoder training done in epoch 4
2022-09-18 19:46:37 INFO     critic x loss -2710.010 critic z loss -16.718 encoder loss 3632.030 decoder loss 21.480

2022-09-18 19:46:37 INFO     Epoch 5
2022-09-18 19:46:38 INFO     Number of samples in train dataset 156907
2022-09-18 19:47:33 INFO     Critic training done in epoch 5
2022-09-18 19:47:55 INFO     Encoder decoder training done in epoch 5
2022-09-18 19:47:55 INFO     critic x loss -3538.444 critic z loss -23.055 encoder loss 4712.873 decoder loss 27.706

2022-09-18 19:47:55 INFO     Epoch 6
2022-09-18 19:47:55 INFO     Number of samples in train dataset 156907
2022-09-18 19:48:51 INFO     Critic training done in epoch 6
2022-09-18 19:49:14 INFO     Encoder decoder training done in epoch 6
2022-09-18 19:49:14 INFO     critic x loss -4467.671 critic z loss -28.309 encoder loss 6046.040 decoder loss 32.869

2022-09-18 19:49:14 INFO     Epoch 7
2022-09-18 19:49:14 INFO     Number of samples in train dataset 156907
2022-09-18 19:50:09 INFO     Critic training done in epoch 7
2022-09-18 19:50:32 INFO     Encoder decoder training done in epoch 7
2022-09-18 19:50:32 INFO     critic x loss -5639.220 critic z loss -32.345 encoder loss 7583.860 decoder loss 36.797

2022-09-18 19:50:32 INFO     Epoch 8
2022-09-18 19:50:32 INFO     Number of samples in train dataset 156907
2022-09-18 19:51:28 INFO     Critic training done in epoch 8
2022-09-18 19:51:50 INFO     Encoder decoder training done in epoch 8
2022-09-18 19:51:50 INFO     critic x loss -6913.202 critic z loss -35.953 encoder loss 9191.680 decoder loss 40.508

2022-09-18 19:51:50 INFO     Epoch 9
2022-09-18 19:51:50 INFO     Number of samples in train dataset 156907
2022-09-18 19:52:47 INFO     Critic training done in epoch 9
2022-09-18 19:53:10 INFO     Encoder decoder training done in epoch 9
2022-09-18 19:53:10 INFO     critic x loss -8177.873 critic z loss -39.473 encoder loss 10855.308 decoder loss 44.253

2022-09-18 19:53:10 INFO     Epoch 10
2022-09-18 19:53:10 INFO     Number of samples in train dataset 156907
2022-09-18 19:54:06 INFO     Critic training done in epoch 10
2022-09-18 19:54:28 INFO     Encoder decoder training done in epoch 10
2022-09-18 19:54:28 INFO     critic x loss -9491.240 critic z loss -42.873 encoder loss 12678.518 decoder loss 47.958

2022-09-18 19:54:28 INFO     Epoch 11
2022-09-18 19:54:29 INFO     Number of samples in train dataset 156907
2022-09-18 19:55:25 INFO     Critic training done in epoch 11
2022-09-18 19:55:47 INFO     Encoder decoder training done in epoch 11
2022-09-18 19:55:47 INFO     critic x loss -10820.894 critic z loss -45.942 encoder loss 14755.604 decoder loss 51.307

2022-09-18 19:55:47 INFO     Epoch 12
2022-09-18 19:55:47 INFO     Number of samples in train dataset 156907
2022-09-18 19:56:43 INFO     Critic training done in epoch 12
2022-09-18 19:57:05 INFO     Encoder decoder training done in epoch 12
2022-09-18 19:57:05 INFO     critic x loss -12647.675 critic z loss -48.639 encoder loss 17040.670 decoder loss 54.559

2022-09-18 19:57:05 INFO     Epoch 13
2022-09-18 19:57:06 INFO     Number of samples in train dataset 156907
2022-09-18 19:58:02 INFO     Critic training done in epoch 13
2022-09-18 19:58:25 INFO     Encoder decoder training done in epoch 13
2022-09-18 19:58:25 INFO     critic x loss -14371.861 critic z loss -51.797 encoder loss 19406.090 decoder loss 57.946

2022-09-18 19:58:25 INFO     Epoch 14
2022-09-18 19:58:25 INFO     Number of samples in train dataset 156907
2022-09-18 19:59:21 INFO     Critic training done in epoch 14
2022-09-18 19:59:44 INFO     Encoder decoder training done in epoch 14
2022-09-18 19:59:44 INFO     critic x loss -16193.795 critic z loss -54.861 encoder loss 21773.943 decoder loss 61.475

2022-09-18 19:59:44 INFO     Epoch 15
2022-09-18 19:59:45 INFO     Number of samples in train dataset 156907
2022-09-18 20:00:41 INFO     Critic training done in epoch 15
2022-09-18 20:01:03 INFO     Encoder decoder training done in epoch 15
2022-09-18 20:01:03 INFO     critic x loss -18071.502 critic z loss -58.413 encoder loss 24557.311 decoder loss 65.051

2022-09-18 20:01:03 INFO     Epoch 16
2022-09-18 20:01:03 INFO     Number of samples in train dataset 156907
2022-09-18 20:02:00 INFO     Critic training done in epoch 16
2022-09-18 20:02:22 INFO     Encoder decoder training done in epoch 16
2022-09-18 20:02:22 INFO     critic x loss -20441.839 critic z loss -61.138 encoder loss 27646.205 decoder loss 68.414

2022-09-18 20:02:22 INFO     Epoch 17
2022-09-18 20:02:23 INFO     Number of samples in train dataset 156907
2022-09-18 20:03:19 INFO     Critic training done in epoch 17
2022-09-18 20:03:42 INFO     Encoder decoder training done in epoch 17
2022-09-18 20:03:42 INFO     critic x loss -22673.593 critic z loss -64.227 encoder loss 30642.377 decoder loss 71.714

2022-09-18 20:03:42 INFO     Epoch 18
2022-09-18 20:03:42 INFO     Number of samples in train dataset 156907
2022-09-18 20:04:38 INFO     Critic training done in epoch 18
2022-09-18 20:05:01 INFO     Encoder decoder training done in epoch 18
2022-09-18 20:05:01 INFO     critic x loss -25322.998 critic z loss -67.377 encoder loss 34095.879 decoder loss 74.851

2022-09-18 20:05:01 INFO     Epoch 19
2022-09-18 20:05:01 INFO     Number of samples in train dataset 156907
2022-09-18 20:05:58 INFO     Critic training done in epoch 19
2022-09-18 20:06:20 INFO     Encoder decoder training done in epoch 19
2022-09-18 20:06:20 INFO     critic x loss -27540.092 critic z loss -69.992 encoder loss 37527.910 decoder loss 77.861

2022-09-18 20:06:20 INFO     Epoch 20
2022-09-18 20:06:21 INFO     Number of samples in train dataset 156907
2022-09-18 20:07:17 INFO     Critic training done in epoch 20
2022-09-18 20:07:40 INFO     Encoder decoder training done in epoch 20
2022-09-18 20:07:40 INFO     critic x loss -30171.553 critic z loss -72.380 encoder loss 41299.324 decoder loss 81.256

2022-09-18 20:07:40 INFO     Epoch 21
2022-09-18 20:07:40 INFO     Number of samples in train dataset 156907
2022-09-18 20:08:36 INFO     Critic training done in epoch 21
2022-09-18 20:08:59 INFO     Encoder decoder training done in epoch 21
2022-09-18 20:08:59 INFO     critic x loss -33325.618 critic z loss -75.068 encoder loss 45030.852 decoder loss 84.168

2022-09-18 20:08:59 INFO     Epoch 22
2022-09-18 20:08:59 INFO     Number of samples in train dataset 156907
2022-09-18 20:09:55 INFO     Critic training done in epoch 22
2022-09-18 20:10:18 INFO     Encoder decoder training done in epoch 22
2022-09-18 20:10:18 INFO     critic x loss -36399.833 critic z loss -78.766 encoder loss 48738.801 decoder loss 87.617

2022-09-18 20:10:18 INFO     Epoch 23
2022-09-18 20:10:19 INFO     Number of samples in train dataset 156907
2022-09-18 20:11:15 INFO     Critic training done in epoch 23
2022-09-18 20:11:38 INFO     Encoder decoder training done in epoch 23
2022-09-18 20:11:38 INFO     critic x loss -38767.853 critic z loss -81.322 encoder loss 52473.379 decoder loss 90.517

2022-09-18 20:11:38 INFO     Epoch 24
2022-09-18 20:11:38 INFO     Number of samples in train dataset 156907
2022-09-18 20:12:34 INFO     Critic training done in epoch 24
2022-09-18 20:12:57 INFO     Encoder decoder training done in epoch 24
2022-09-18 20:12:57 INFO     critic x loss -41993.011 critic z loss -83.314 encoder loss 56505.512 decoder loss 93.044

2022-09-18 20:12:57 INFO     Epoch 25
2022-09-18 20:12:57 INFO     Number of samples in train dataset 156907
2022-09-18 20:13:54 INFO     Critic training done in epoch 25
2022-09-18 20:14:16 INFO     Encoder decoder training done in epoch 25
2022-09-18 20:14:16 INFO     critic x loss -44883.389 critic z loss -85.495 encoder loss 60341.906 decoder loss 96.029

2022-09-18 20:14:16 INFO     Epoch 26
2022-09-18 20:14:17 INFO     Number of samples in train dataset 156907
2022-09-18 20:15:13 INFO     Critic training done in epoch 26
2022-09-18 20:15:36 INFO     Encoder decoder training done in epoch 26
2022-09-18 20:15:36 INFO     critic x loss -47658.243 critic z loss -88.283 encoder loss 64237.598 decoder loss 99.150

2022-09-18 20:15:36 INFO     Epoch 27
2022-09-18 20:15:36 INFO     Number of samples in train dataset 156907
2022-09-18 20:16:33 INFO     Critic training done in epoch 27
2022-09-18 20:16:56 INFO     Encoder decoder training done in epoch 27
2022-09-18 20:16:56 INFO     critic x loss -50586.819 critic z loss -90.405 encoder loss 68240.711 decoder loss 101.473

2022-09-18 20:16:56 INFO     Epoch 28
2022-09-18 20:16:56 INFO     Number of samples in train dataset 156907
2022-09-18 20:17:53 INFO     Critic training done in epoch 28
2022-09-18 20:18:16 INFO     Encoder decoder training done in epoch 28
2022-09-18 20:18:16 INFO     critic x loss -53250.889 critic z loss -91.564 encoder loss 72582.992 decoder loss 103.949

2022-09-18 20:18:16 INFO     Epoch 29
2022-09-18 20:18:16 INFO     Number of samples in train dataset 156907
2022-09-18 20:19:13 INFO     Critic training done in epoch 29
2022-09-18 20:19:36 INFO     Encoder decoder training done in epoch 29
2022-09-18 20:19:36 INFO     critic x loss -56857.124 critic z loss -94.955 encoder loss 77376.133 decoder loss 106.368

2022-09-18 20:19:36 INFO     Epoch 30
2022-09-18 20:19:36 INFO     Number of samples in train dataset 156907
2022-09-18 20:20:32 INFO     Critic training done in epoch 30
2022-09-18 20:20:56 INFO     Encoder decoder training done in epoch 30
2022-09-18 20:20:56 INFO     critic x loss -61182.039 critic z loss -97.481 encoder loss 81630.406 decoder loss 109.369

2022-09-18 20:20:56 INFO     Epoch 31
2022-09-18 20:20:56 INFO     Number of samples in train dataset 156907
2022-09-18 20:21:52 INFO     Critic training done in epoch 31
2022-09-18 20:22:16 INFO     Encoder decoder training done in epoch 31
2022-09-18 20:22:16 INFO     critic x loss -61894.792 critic z loss -99.603 encoder loss 85460.945 decoder loss 111.643

2022-09-18 20:22:16 INFO     Epoch 32
2022-09-18 20:22:16 INFO     Number of samples in train dataset 156907
2022-09-18 20:23:13 INFO     Critic training done in epoch 32
2022-09-18 20:23:35 INFO     Encoder decoder training done in epoch 32
2022-09-18 20:23:35 INFO     critic x loss -66399.626 critic z loss -102.027 encoder loss 90096.617 decoder loss 113.716

2022-09-18 20:23:35 INFO     Epoch 33
2022-09-18 20:23:36 INFO     Number of samples in train dataset 156907
2022-09-18 20:24:33 INFO     Critic training done in epoch 33
2022-09-18 20:24:55 INFO     Encoder decoder training done in epoch 33
2022-09-18 20:24:55 INFO     critic x loss -69295.518 critic z loss -103.189 encoder loss 94722.875 decoder loss 115.700

2022-09-18 20:24:55 INFO     Epoch 34
2022-09-18 20:24:56 INFO     Number of samples in train dataset 156907
2022-09-18 20:25:53 INFO     Critic training done in epoch 34
2022-09-18 20:26:16 INFO     Encoder decoder training done in epoch 34
2022-09-18 20:26:16 INFO     critic x loss -71043.195 critic z loss -106.008 encoder loss 99145.844 decoder loss 118.309

2022-09-18 20:26:16 INFO     Epoch 35
2022-09-18 20:26:16 INFO     Number of samples in train dataset 156907
2022-09-18 20:27:13 INFO     Critic training done in epoch 35
2022-09-18 20:27:36 INFO     Encoder decoder training done in epoch 35
2022-09-18 20:27:36 INFO     critic x loss -75424.978 critic z loss -107.354 encoder loss 103394.125 decoder loss 121.160

2022-09-18 20:27:36 INFO     Epoch 36
2022-09-18 20:27:36 INFO     Number of samples in train dataset 156907
2022-09-18 20:28:32 INFO     Critic training done in epoch 36
2022-09-18 20:28:56 INFO     Encoder decoder training done in epoch 36
2022-09-18 20:28:56 INFO     critic x loss -78025.087 critic z loss -109.451 encoder loss 107995.438 decoder loss 123.441

2022-09-18 20:28:56 INFO     Epoch 37
2022-09-18 20:28:56 INFO     Number of samples in train dataset 156907
2022-09-18 20:29:53 INFO     Critic training done in epoch 37
2022-09-18 20:30:16 INFO     Encoder decoder training done in epoch 37
2022-09-18 20:30:16 INFO     critic x loss -80477.166 critic z loss -112.256 encoder loss 113030.422 decoder loss 126.580

2022-09-18 20:30:16 INFO     Epoch 38
2022-09-18 20:30:16 INFO     Number of samples in train dataset 156907
2022-09-18 20:31:13 INFO     Critic training done in epoch 38
2022-09-18 20:31:36 INFO     Encoder decoder training done in epoch 38
2022-09-18 20:31:36 INFO     critic x loss -85761.333 critic z loss -114.724 encoder loss 118486.938 decoder loss 129.009

2022-09-18 20:31:36 INFO     Epoch 39
2022-09-18 20:31:36 INFO     Number of samples in train dataset 156907
2022-09-18 20:32:34 INFO     Critic training done in epoch 39
2022-09-18 20:32:56 INFO     Encoder decoder training done in epoch 39
2022-09-18 20:32:56 INFO     critic x loss -87644.475 critic z loss -116.927 encoder loss 123139.117 decoder loss 131.678

2022-09-18 20:32:56 INFO     Epoch 40
2022-09-18 20:32:57 INFO     Number of samples in train dataset 156907
2022-09-18 20:33:54 INFO     Critic training done in epoch 40
2022-09-18 20:34:17 INFO     Encoder decoder training done in epoch 40
2022-09-18 20:34:17 INFO     critic x loss -88650.333 critic z loss -119.074 encoder loss 126716.734 decoder loss 134.259

2022-09-18 20:34:17 INFO     Epoch 41
2022-09-18 20:34:17 INFO     Number of samples in train dataset 156907
2022-09-18 20:35:15 INFO     Critic training done in epoch 41
2022-09-18 20:35:37 INFO     Encoder decoder training done in epoch 41
2022-09-18 20:35:37 INFO     critic x loss -92446.920 critic z loss -120.970 encoder loss 132343.562 decoder loss 136.612

2022-09-18 20:35:37 INFO     Epoch 42
2022-09-18 20:35:37 INFO     Number of samples in train dataset 156907
2022-09-18 20:36:35 INFO     Critic training done in epoch 42
2022-09-18 20:36:57 INFO     Encoder decoder training done in epoch 42
2022-09-18 20:36:57 INFO     critic x loss -95871.062 critic z loss -125.849 encoder loss 137606.828 decoder loss 140.261

2022-09-18 20:36:57 INFO     Epoch 43
2022-09-18 20:36:57 INFO     Number of samples in train dataset 156907
2022-09-18 20:37:54 INFO     Critic training done in epoch 43
2022-09-18 20:38:18 INFO     Encoder decoder training done in epoch 43
2022-09-18 20:38:18 INFO     critic x loss -100211.576 critic z loss -126.379 encoder loss 141278.172 decoder loss 141.953

2022-09-18 20:38:18 INFO     Epoch 44
2022-09-18 20:38:18 INFO     Number of samples in train dataset 156907
2022-09-18 20:39:14 INFO     Critic training done in epoch 44
2022-09-18 20:39:38 INFO     Encoder decoder training done in epoch 44
2022-09-18 20:39:38 INFO     critic x loss -102165.045 critic z loss -126.894 encoder loss 145810.641 decoder loss 144.906

2022-09-18 20:39:38 INFO     Epoch 45
2022-09-18 20:39:38 INFO     Number of samples in train dataset 156907
2022-09-18 20:40:34 INFO     Critic training done in epoch 45
2022-09-18 20:40:58 INFO     Encoder decoder training done in epoch 45
2022-09-18 20:40:58 INFO     critic x loss -103350.515 critic z loss -129.405 encoder loss 153892.906 decoder loss 148.025

2022-09-18 20:40:58 INFO     Epoch 46
2022-09-18 20:40:58 INFO     Number of samples in train dataset 156907
2022-09-18 20:41:55 INFO     Critic training done in epoch 46
2022-09-18 20:42:18 INFO     Encoder decoder training done in epoch 46
2022-09-18 20:42:18 INFO     critic x loss -112156.253 critic z loss -136.032 encoder loss 159076.594 decoder loss 151.321

2022-09-18 20:42:18 INFO     Epoch 47
2022-09-18 20:42:18 INFO     Number of samples in train dataset 156907
2022-09-18 20:43:15 INFO     Critic training done in epoch 47
2022-09-18 20:43:38 INFO     Encoder decoder training done in epoch 47
2022-09-18 20:43:38 INFO     critic x loss -111096.919 critic z loss -133.636 encoder loss 163923.969 decoder loss 153.918

2022-09-18 20:43:38 INFO     Epoch 48
2022-09-18 20:43:38 INFO     Number of samples in train dataset 156907
2022-09-18 20:44:35 INFO     Critic training done in epoch 48
2022-09-18 20:44:58 INFO     Encoder decoder training done in epoch 48
2022-09-18 20:44:58 INFO     critic x loss -117154.502 critic z loss -141.011 encoder loss 171173.469 decoder loss 158.166

2022-09-18 20:44:58 INFO     Epoch 49
2022-09-18 20:44:58 INFO     Number of samples in train dataset 156907
2022-09-18 20:45:56 INFO     Critic training done in epoch 49
2022-09-18 20:46:19 INFO     Encoder decoder training done in epoch 49
2022-09-18 20:46:19 INFO     critic x loss -120719.159 critic z loss -142.441 encoder loss 176958.844 decoder loss 160.744

2022-09-18 20:46:19 INFO     Epoch 50
2022-09-18 20:46:19 INFO     Number of samples in train dataset 156907
2022-09-18 20:47:16 INFO     Critic training done in epoch 50
2022-09-18 20:47:39 INFO     Encoder decoder training done in epoch 50
2022-09-18 20:47:39 INFO     critic x loss -125379.610 critic z loss -141.194 encoder loss 183343.266 decoder loss 165.219

2022-09-18 20:47:39 INFO     Epoch 51
2022-09-18 20:47:39 INFO     Number of samples in train dataset 156907
2022-09-18 20:48:37 INFO     Critic training done in epoch 51
2022-09-18 20:49:00 INFO     Encoder decoder training done in epoch 51
2022-09-18 20:49:00 INFO     critic x loss -127217.149 critic z loss -147.900 encoder loss 188742.906 decoder loss 168.164

2022-09-18 20:49:00 INFO     Epoch 52
2022-09-18 20:49:00 INFO     Number of samples in train dataset 156907
2022-09-18 20:49:57 INFO     Critic training done in epoch 52
2022-09-18 20:50:20 INFO     Encoder decoder training done in epoch 52
2022-09-18 20:50:20 INFO     critic x loss -131146.225 critic z loss -152.880 encoder loss 197731.297 decoder loss 171.218

2022-09-18 20:50:20 INFO     Epoch 53
2022-09-18 20:50:20 INFO     Number of samples in train dataset 156907
2022-09-18 20:51:18 INFO     Critic training done in epoch 53
2022-09-18 20:51:40 INFO     Encoder decoder training done in epoch 53
2022-09-18 20:51:40 INFO     critic x loss -138600.801 critic z loss -154.755 encoder loss 204903.266 decoder loss 174.859

2022-09-18 20:51:40 INFO     Epoch 54
2022-09-18 20:51:40 INFO     Number of samples in train dataset 156907
2022-09-18 20:52:39 INFO     Critic training done in epoch 54
2022-09-18 20:53:02 INFO     Encoder decoder training done in epoch 54
2022-09-18 20:53:02 INFO     critic x loss -144397.398 critic z loss -156.949 encoder loss 209454.531 decoder loss 177.947

2022-09-18 20:53:02 INFO     Epoch 55
2022-09-18 20:53:02 INFO     Number of samples in train dataset 156907
2022-09-18 20:53:59 INFO     Critic training done in epoch 55
2022-09-18 20:54:22 INFO     Encoder decoder training done in epoch 55
2022-09-18 20:54:22 INFO     critic x loss -143167.162 critic z loss -159.502 encoder loss 215566.453 decoder loss 181.142

2022-09-18 20:54:22 INFO     Epoch 56
2022-09-18 20:54:22 INFO     Number of samples in train dataset 156907
2022-09-18 20:55:19 INFO     Critic training done in epoch 56
2022-09-18 20:55:43 INFO     Encoder decoder training done in epoch 56
2022-09-18 20:55:43 INFO     critic x loss -152698.674 critic z loss -164.134 encoder loss 223142.000 decoder loss 184.744

2022-09-18 20:55:43 INFO     Epoch 57
2022-09-18 20:55:43 INFO     Number of samples in train dataset 156907
2022-09-18 20:56:40 INFO     Critic training done in epoch 57
2022-09-18 20:57:04 INFO     Encoder decoder training done in epoch 57
2022-09-18 20:57:04 INFO     critic x loss -158477.952 critic z loss -168.264 encoder loss 229386.109 decoder loss 187.823

2022-09-18 20:57:04 INFO     Epoch 58
2022-09-18 20:57:04 INFO     Number of samples in train dataset 156907
2022-09-18 20:58:02 INFO     Critic training done in epoch 58
2022-09-18 20:58:25 INFO     Encoder decoder training done in epoch 58
2022-09-18 20:58:25 INFO     critic x loss -155405.715 critic z loss -170.868 encoder loss 232238.422 decoder loss 191.591

2022-09-18 20:58:25 INFO     Epoch 59
2022-09-18 20:58:25 INFO     Number of samples in train dataset 156907
2022-09-18 20:59:22 INFO     Critic training done in epoch 59
2022-09-18 20:59:45 INFO     Encoder decoder training done in epoch 59
2022-09-18 20:59:45 INFO     critic x loss -158105.269 critic z loss -171.211 encoder loss 239373.344 decoder loss 195.174

2022-09-18 20:59:45 INFO     Epoch 60
2022-09-18 20:59:45 INFO     Number of samples in train dataset 156907
2022-09-18 21:00:43 INFO     Critic training done in epoch 60
2022-09-18 21:01:06 INFO     Encoder decoder training done in epoch 60
2022-09-18 21:01:06 INFO     critic x loss -160387.098 critic z loss -173.883 encoder loss 241192.734 decoder loss 197.366

2022-09-18 21:01:06 INFO     Epoch 61
2022-09-18 21:01:06 INFO     Number of samples in train dataset 156907
2022-09-18 21:02:04 INFO     Critic training done in epoch 61
2022-09-18 21:02:27 INFO     Encoder decoder training done in epoch 61
2022-09-18 21:02:27 INFO     critic x loss -164763.887 critic z loss -178.965 encoder loss 251391.719 decoder loss 201.448

2022-09-18 21:02:27 INFO     Epoch 62
2022-09-18 21:02:27 INFO     Number of samples in train dataset 156907
2022-09-18 21:03:24 INFO     Critic training done in epoch 62
2022-09-18 21:03:47 INFO     Encoder decoder training done in epoch 62
2022-09-18 21:03:47 INFO     critic x loss -167899.559 critic z loss -182.044 encoder loss 254771.203 decoder loss 204.379

2022-09-18 21:03:47 INFO     Epoch 63
2022-09-18 21:03:48 INFO     Number of samples in train dataset 156907
2022-09-18 21:04:45 INFO     Critic training done in epoch 63
2022-09-18 21:05:08 INFO     Encoder decoder training done in epoch 63
2022-09-18 21:05:08 INFO     critic x loss -168299.947 critic z loss -183.754 encoder loss 257981.000 decoder loss 207.347

2022-09-18 21:05:08 INFO     Epoch 64
2022-09-18 21:05:08 INFO     Number of samples in train dataset 156907
2022-09-18 21:06:05 INFO     Critic training done in epoch 64
2022-09-18 21:06:28 INFO     Encoder decoder training done in epoch 64
2022-09-18 21:06:28 INFO     critic x loss -161668.000 critic z loss -184.428 encoder loss 255340.438 decoder loss 209.349

2022-09-18 21:06:28 INFO     Epoch 65
2022-09-18 21:06:28 INFO     Number of samples in train dataset 156907
2022-09-18 21:07:26 INFO     Critic training done in epoch 65
2022-09-18 21:07:49 INFO     Encoder decoder training done in epoch 65
2022-09-18 21:07:49 INFO     critic x loss -165848.719 critic z loss -190.266 encoder loss 262342.875 decoder loss 214.787

2022-09-18 21:07:49 INFO     Epoch 66
2022-09-18 21:07:50 INFO     Number of samples in train dataset 156907
2022-09-18 21:08:48 INFO     Critic training done in epoch 66
2022-09-18 21:09:10 INFO     Encoder decoder training done in epoch 66
2022-09-18 21:09:10 INFO     critic x loss -167116.150 critic z loss -192.026 encoder loss 267887.469 decoder loss 217.009

2022-09-18 21:09:10 INFO     Epoch 67
2022-09-18 21:09:11 INFO     Number of samples in train dataset 156907
2022-09-18 21:10:09 INFO     Critic training done in epoch 67
2022-09-18 21:10:31 INFO     Encoder decoder training done in epoch 67
2022-09-18 21:10:31 INFO     critic x loss -173467.204 critic z loss -192.327 encoder loss 276655.938 decoder loss 221.345

2022-09-18 21:10:31 INFO     Epoch 68
2022-09-18 21:10:32 INFO     Number of samples in train dataset 156907
2022-09-18 21:11:30 INFO     Critic training done in epoch 68
2022-09-18 21:11:52 INFO     Encoder decoder training done in epoch 68
2022-09-18 21:11:52 INFO     critic x loss -173056.381 critic z loss -200.621 encoder loss 278234.625 decoder loss 224.456

2022-09-18 21:11:52 INFO     Epoch 69
2022-09-18 21:11:53 INFO     Number of samples in train dataset 156907
2022-09-18 21:12:50 INFO     Critic training done in epoch 69
2022-09-18 21:13:13 INFO     Encoder decoder training done in epoch 69
2022-09-18 21:13:13 INFO     critic x loss -175014.581 critic z loss -202.183 encoder loss 282996.656 decoder loss 228.705

2022-09-18 21:13:13 INFO     Epoch 70
2022-09-18 21:13:13 INFO     Number of samples in train dataset 156907
2022-09-18 21:14:10 INFO     Critic training done in epoch 70
2022-09-18 21:14:34 INFO     Encoder decoder training done in epoch 70
2022-09-18 21:14:34 INFO     critic x loss -186751.439 critic z loss -209.262 encoder loss 290527.844 decoder loss 233.882

2022-09-18 21:14:34 INFO     Epoch 71
2022-09-18 21:14:34 INFO     Number of samples in train dataset 156907
2022-09-18 21:15:31 INFO     Critic training done in epoch 71
2022-09-18 21:15:54 INFO     Encoder decoder training done in epoch 71
2022-09-18 21:15:54 INFO     critic x loss -172496.377 critic z loss -209.663 encoder loss 293644.156 decoder loss 237.356

2022-09-18 21:15:54 INFO     Epoch 72
2022-09-18 21:15:54 INFO     Number of samples in train dataset 156907
2022-09-18 21:16:51 INFO     Critic training done in epoch 72
2022-09-18 21:17:14 INFO     Encoder decoder training done in epoch 72
2022-09-18 21:17:14 INFO     critic x loss -180248.229 critic z loss -211.918 encoder loss 300943.062 decoder loss 243.816

2022-09-18 21:17:14 INFO     Epoch 73
2022-09-18 21:17:14 INFO     Number of samples in train dataset 156907
2022-09-18 21:18:12 INFO     Critic training done in epoch 73
2022-09-18 21:18:35 INFO     Encoder decoder training done in epoch 73
2022-09-18 21:18:35 INFO     critic x loss -189096.284 critic z loss -220.389 encoder loss 310195.656 decoder loss 248.411

2022-09-18 21:18:35 INFO     Epoch 74
2022-09-18 21:18:35 INFO     Number of samples in train dataset 156907
2022-09-18 21:19:33 INFO     Critic training done in epoch 74
2022-09-18 21:19:56 INFO     Encoder decoder training done in epoch 74
2022-09-18 21:19:56 INFO     critic x loss -194420.989 critic z loss -224.552 encoder loss 316457.938 decoder loss 253.373

2022-09-18 21:19:56 INFO     Epoch 75
2022-09-18 21:19:56 INFO     Number of samples in train dataset 156907
2022-09-18 21:20:54 INFO     Critic training done in epoch 75
2022-09-18 21:21:17 INFO     Encoder decoder training done in epoch 75
2022-09-18 21:21:17 INFO     critic x loss -196484.244 critic z loss -231.994 encoder loss 321699.188 decoder loss 258.315

2022-09-18 21:21:17 INFO     Epoch 76
2022-09-18 21:21:17 INFO     Number of samples in train dataset 156907
2022-09-18 21:22:14 INFO     Critic training done in epoch 76
2022-09-18 21:22:37 INFO     Encoder decoder training done in epoch 76
2022-09-18 21:22:37 INFO     critic x loss -200133.877 critic z loss -231.297 encoder loss 331192.344 decoder loss 261.824

2022-09-18 21:22:37 INFO     Epoch 77
2022-09-18 21:22:37 INFO     Number of samples in train dataset 156907
2022-09-18 21:23:35 INFO     Critic training done in epoch 77
2022-09-18 21:23:58 INFO     Encoder decoder training done in epoch 77
2022-09-18 21:23:58 INFO     critic x loss -204942.467 critic z loss -236.876 encoder loss 340433.688 decoder loss 269.127

2022-09-18 21:23:58 INFO     Epoch 78
2022-09-18 21:23:58 INFO     Number of samples in train dataset 156907
2022-09-18 21:24:56 INFO     Critic training done in epoch 78
2022-09-18 21:25:19 INFO     Encoder decoder training done in epoch 78
2022-09-18 21:25:19 INFO     critic x loss -210051.038 critic z loss -239.290 encoder loss 350494.906 decoder loss 274.149

2022-09-18 21:25:19 INFO     Epoch 79
2022-09-18 21:25:19 INFO     Number of samples in train dataset 156907
2022-09-18 21:26:16 INFO     Critic training done in epoch 79
2022-09-18 21:26:39 INFO     Encoder decoder training done in epoch 79
2022-09-18 21:26:39 INFO     critic x loss -214996.206 critic z loss -247.176 encoder loss 360843.188 decoder loss 280.176

2022-09-18 21:26:39 INFO     Epoch 80
2022-09-18 21:26:40 INFO     Number of samples in train dataset 156907
2022-09-18 21:27:38 INFO     Critic training done in epoch 80
2022-09-18 21:28:00 INFO     Encoder decoder training done in epoch 80
2022-09-18 21:28:00 INFO     critic x loss -230228.810 critic z loss -255.662 encoder loss 370155.344 decoder loss 286.486

2022-09-18 21:28:00 INFO     Epoch 81
2022-09-18 21:28:00 INFO     Number of samples in train dataset 156907
2022-09-18 21:28:59 INFO     Critic training done in epoch 81
2022-09-18 21:29:21 INFO     Encoder decoder training done in epoch 81
2022-09-18 21:29:21 INFO     critic x loss -238644.855 critic z loss -263.534 encoder loss 381779.344 decoder loss 292.548

2022-09-18 21:29:21 INFO     Epoch 82
2022-09-18 21:29:21 INFO     Number of samples in train dataset 156907
2022-09-18 21:30:19 INFO     Critic training done in epoch 82
2022-09-18 21:30:42 INFO     Encoder decoder training done in epoch 82
2022-09-18 21:30:42 INFO     critic x loss -237368.396 critic z loss -263.565 encoder loss 392051.250 decoder loss 297.661

2022-09-18 21:30:42 INFO     Epoch 83
2022-09-18 21:30:42 INFO     Number of samples in train dataset 156907
2022-09-18 21:31:40 INFO     Critic training done in epoch 83
2022-09-18 21:32:03 INFO     Encoder decoder training done in epoch 83
2022-09-18 21:32:03 INFO     critic x loss -245993.946 critic z loss -273.350 encoder loss 403943.812 decoder loss 304.801

2022-09-18 21:32:03 INFO     Epoch 84
2022-09-18 21:32:03 INFO     Number of samples in train dataset 156907
2022-09-18 21:33:01 INFO     Critic training done in epoch 84
2022-09-18 21:33:24 INFO     Encoder decoder training done in epoch 84
2022-09-18 21:33:24 INFO     critic x loss -258712.830 critic z loss -276.912 encoder loss 417417.938 decoder loss 311.725

2022-09-18 21:33:24 INFO     Epoch 85
2022-09-18 21:33:24 INFO     Number of samples in train dataset 156907
2022-09-18 21:34:22 INFO     Critic training done in epoch 85
2022-09-18 21:34:45 INFO     Encoder decoder training done in epoch 85
2022-09-18 21:34:45 INFO     critic x loss -258649.325 critic z loss -284.823 encoder loss 429951.844 decoder loss 318.194

2022-09-18 21:34:45 INFO     Epoch 86
2022-09-18 21:34:45 INFO     Number of samples in train dataset 156907
2022-09-18 21:35:42 INFO     Critic training done in epoch 86
2022-09-18 21:36:05 INFO     Encoder decoder training done in epoch 86
2022-09-18 21:36:05 INFO     critic x loss -272408.448 critic z loss -294.089 encoder loss 443169.219 decoder loss 326.450

2022-09-18 21:36:05 INFO     Epoch 87
2022-09-18 21:36:05 INFO     Number of samples in train dataset 156907
2022-09-18 21:37:03 INFO     Critic training done in epoch 87
2022-09-18 21:37:26 INFO     Encoder decoder training done in epoch 87
2022-09-18 21:37:26 INFO     critic x loss -283662.065 critic z loss -298.464 encoder loss 458922.000 decoder loss 333.751

2022-09-18 21:37:26 INFO     Epoch 88
2022-09-18 21:37:26 INFO     Number of samples in train dataset 156907
2022-09-18 21:38:24 INFO     Critic training done in epoch 88
2022-09-18 21:38:47 INFO     Encoder decoder training done in epoch 88
2022-09-18 21:38:47 INFO     critic x loss -304856.460 critic z loss -305.663 encoder loss 471711.812 decoder loss 340.847

2022-09-18 21:38:47 INFO     Epoch 89
2022-09-18 21:38:48 INFO     Number of samples in train dataset 156907
2022-09-18 21:39:45 INFO     Critic training done in epoch 89
2022-09-18 21:40:08 INFO     Encoder decoder training done in epoch 89
2022-09-18 21:40:08 INFO     critic x loss -310427.837 critic z loss -317.139 encoder loss 485552.688 decoder loss 348.915

2022-09-18 21:40:08 INFO     Epoch 90
2022-09-18 21:40:08 INFO     Number of samples in train dataset 156907
2022-09-18 21:41:06 INFO     Critic training done in epoch 90
2022-09-18 21:41:29 INFO     Encoder decoder training done in epoch 90
2022-09-18 21:41:29 INFO     critic x loss -317223.975 critic z loss -319.869 encoder loss 503303.875 decoder loss 356.257

2022-09-18 21:41:29 INFO     Epoch 91
2022-09-18 21:41:29 INFO     Number of samples in train dataset 156907
2022-09-18 21:42:27 INFO     Critic training done in epoch 91
2022-09-18 21:42:50 INFO     Encoder decoder training done in epoch 91
2022-09-18 21:42:50 INFO     critic x loss -331651.651 critic z loss -326.966 encoder loss 519085.594 decoder loss 362.857

2022-09-18 21:42:50 INFO     Epoch 92
2022-09-18 21:42:50 INFO     Number of samples in train dataset 156907
2022-09-18 21:43:48 INFO     Critic training done in epoch 92
2022-09-18 21:44:11 INFO     Encoder decoder training done in epoch 92
2022-09-18 21:44:11 INFO     critic x loss -342161.659 critic z loss -333.747 encoder loss 535000.188 decoder loss 371.979

2022-09-18 21:44:11 INFO     Epoch 93
2022-09-18 21:44:11 INFO     Number of samples in train dataset 156907
2022-09-18 21:45:09 INFO     Critic training done in epoch 93
2022-09-18 21:45:32 INFO     Encoder decoder training done in epoch 93
2022-09-18 21:45:32 INFO     critic x loss -353380.486 critic z loss -345.558 encoder loss 554054.000 decoder loss 381.525

2022-09-18 21:45:32 INFO     Epoch 94
2022-09-18 21:45:32 INFO     Number of samples in train dataset 156907
2022-09-18 21:46:31 INFO     Critic training done in epoch 94
2022-09-18 21:46:54 INFO     Encoder decoder training done in epoch 94
2022-09-18 21:46:54 INFO     critic x loss -361428.324 critic z loss -348.379 encoder loss 568443.438 decoder loss 389.591

2022-09-18 21:46:54 INFO     Epoch 95
2022-09-18 21:46:54 INFO     Number of samples in train dataset 156907
2022-09-18 21:47:52 INFO     Critic training done in epoch 95
2022-09-18 21:48:15 INFO     Encoder decoder training done in epoch 95
2022-09-18 21:48:15 INFO     critic x loss -382241.216 critic z loss -361.781 encoder loss 586628.938 decoder loss 399.260

2022-09-18 21:48:15 INFO     Epoch 96
2022-09-18 21:48:15 INFO     Number of samples in train dataset 156907
2022-09-18 21:49:13 INFO     Critic training done in epoch 96
2022-09-18 21:49:36 INFO     Encoder decoder training done in epoch 96
2022-09-18 21:49:36 INFO     critic x loss -395365.507 critic z loss -368.009 encoder loss 602140.688 decoder loss 407.591

2022-09-18 21:49:36 INFO     Epoch 97
2022-09-18 21:49:36 INFO     Number of samples in train dataset 156907
2022-09-18 21:50:33 INFO     Critic training done in epoch 97
2022-09-18 21:50:56 INFO     Encoder decoder training done in epoch 97
2022-09-18 21:50:56 INFO     critic x loss -412676.557 critic z loss -377.673 encoder loss 618615.250 decoder loss 416.912

2022-09-18 21:50:56 INFO     Epoch 98
2022-09-18 21:50:57 INFO     Number of samples in train dataset 156907
2022-09-18 21:51:54 INFO     Critic training done in epoch 98
2022-09-18 21:52:17 INFO     Encoder decoder training done in epoch 98
2022-09-18 21:52:17 INFO     critic x loss -424803.570 critic z loss -386.951 encoder loss 635856.625 decoder loss 425.294

2022-09-18 21:52:17 INFO     Epoch 99
2022-09-18 21:52:17 INFO     Number of samples in train dataset 156907
2022-09-18 21:53:15 INFO     Critic training done in epoch 99
2022-09-18 21:53:39 INFO     Encoder decoder training done in epoch 99
2022-09-18 21:53:39 INFO     critic x loss -435083.458 critic z loss -396.536 encoder loss 652080.812 decoder loss 434.372

2022-09-18 21:53:39 INFO     Epoch 100
2022-09-18 21:53:39 INFO     Number of samples in train dataset 156907
2022-09-18 21:54:37 INFO     Critic training done in epoch 100
2022-09-18 21:55:00 INFO     Encoder decoder training done in epoch 100
2022-09-18 21:55:00 INFO     critic x loss -443894.686 critic z loss -406.021 encoder loss 671017.688 decoder loss 444.623

2022-09-18 21:55:00 INFO     Epoch 101
2022-09-18 21:55:00 INFO     Number of samples in train dataset 156907
2022-09-18 21:55:58 INFO     Critic training done in epoch 101
2022-09-18 21:56:21 INFO     Encoder decoder training done in epoch 101
2022-09-18 21:56:21 INFO     critic x loss -458675.941 critic z loss -415.177 encoder loss 688293.812 decoder loss 453.935

2022-09-18 21:56:21 INFO     Epoch 102
2022-09-18 21:56:21 INFO     Number of samples in train dataset 156907
2022-09-18 21:57:19 INFO     Critic training done in epoch 102
2022-09-18 21:57:42 INFO     Encoder decoder training done in epoch 102
2022-09-18 21:57:42 INFO     critic x loss -482036.922 critic z loss -424.609 encoder loss 711659.562 decoder loss 464.267

2022-09-18 21:57:42 INFO     Epoch 103
2022-09-18 21:57:42 INFO     Number of samples in train dataset 156907
2022-09-18 21:58:40 INFO     Critic training done in epoch 103
2022-09-18 21:59:03 INFO     Encoder decoder training done in epoch 103
2022-09-18 21:59:03 INFO     critic x loss -496574.244 critic z loss -436.010 encoder loss 726461.000 decoder loss 474.760

2022-09-18 21:59:03 INFO     Epoch 104
2022-09-18 21:59:03 INFO     Number of samples in train dataset 156907
2022-09-18 22:00:00 INFO     Critic training done in epoch 104
2022-09-18 22:00:24 INFO     Encoder decoder training done in epoch 104
2022-09-18 22:00:24 INFO     critic x loss -513663.027 critic z loss -447.029 encoder loss 747918.250 decoder loss 484.329

2022-09-18 22:00:24 INFO     Epoch 105
2022-09-18 22:00:24 INFO     Number of samples in train dataset 156907
2022-09-18 22:01:21 INFO     Critic training done in epoch 105
2022-09-18 22:01:45 INFO     Encoder decoder training done in epoch 105
2022-09-18 22:01:45 INFO     critic x loss -524423.364 critic z loss -453.362 encoder loss 767626.062 decoder loss 494.283

2022-09-18 22:01:45 INFO     Epoch 106
2022-09-18 22:01:45 INFO     Number of samples in train dataset 156907
2022-09-18 22:02:43 INFO     Critic training done in epoch 106
2022-09-18 22:03:06 INFO     Encoder decoder training done in epoch 106
2022-09-18 22:03:06 INFO     critic x loss -549821.318 critic z loss -462.414 encoder loss 786154.688 decoder loss 504.405

2022-09-18 22:03:06 INFO     Epoch 107
2022-09-18 22:03:06 INFO     Number of samples in train dataset 156907
2022-09-18 22:04:04 INFO     Critic training done in epoch 107
2022-09-18 22:04:27 INFO     Encoder decoder training done in epoch 107
2022-09-18 22:04:27 INFO     critic x loss -553463.636 critic z loss -470.009 encoder loss 810087.750 decoder loss 514.553

2022-09-18 22:04:27 INFO     Epoch 108
2022-09-18 22:04:27 INFO     Number of samples in train dataset 156907
2022-09-18 22:05:25 INFO     Critic training done in epoch 108
2022-09-18 22:05:48 INFO     Encoder decoder training done in epoch 108
2022-09-18 22:05:48 INFO     critic x loss -572840.981 critic z loss -484.923 encoder loss 830769.312 decoder loss 524.286

2022-09-18 22:05:48 INFO     Epoch 109
2022-09-18 22:05:48 INFO     Number of samples in train dataset 156907
2022-09-18 22:06:46 INFO     Critic training done in epoch 109
2022-09-18 22:07:09 INFO     Encoder decoder training done in epoch 109
2022-09-18 22:07:09 INFO     critic x loss -587430.741 critic z loss -487.176 encoder loss 851195.312 decoder loss 533.138

2022-09-18 22:07:09 INFO     Epoch 110
2022-09-18 22:07:09 INFO     Number of samples in train dataset 156907
2022-09-18 22:08:08 INFO     Critic training done in epoch 110
2022-09-18 22:08:30 INFO     Encoder decoder training done in epoch 110
2022-09-18 22:08:30 INFO     critic x loss -609719.978 critic z loss -498.882 encoder loss 873573.500 decoder loss 543.339

2022-09-18 22:08:30 INFO     Epoch 111
2022-09-18 22:08:31 INFO     Number of samples in train dataset 156907
2022-09-18 22:09:29 INFO     Critic training done in epoch 111
2022-09-18 22:09:52 INFO     Encoder decoder training done in epoch 111
2022-09-18 22:09:52 INFO     critic x loss -626766.496 critic z loss -505.705 encoder loss 896971.250 decoder loss 552.658

2022-09-18 22:09:52 INFO     Epoch 112
2022-09-18 22:09:52 INFO     Number of samples in train dataset 156907
2022-09-18 22:10:49 INFO     Critic training done in epoch 112
2022-09-18 22:11:13 INFO     Encoder decoder training done in epoch 112
2022-09-18 22:11:13 INFO     critic x loss -643240.156 critic z loss -517.584 encoder loss 918583.438 decoder loss 563.225

2022-09-18 22:11:13 INFO     Epoch 113
2022-09-18 22:11:13 INFO     Number of samples in train dataset 156907
2022-09-18 22:12:10 INFO     Critic training done in epoch 113
2022-09-18 22:12:33 INFO     Encoder decoder training done in epoch 113
2022-09-18 22:12:33 INFO     critic x loss -652943.592 critic z loss -527.720 encoder loss 939575.438 decoder loss 574.636

2022-09-18 22:12:33 INFO     Epoch 114
2022-09-18 22:12:34 INFO     Number of samples in train dataset 156907
2022-09-18 22:13:31 INFO     Critic training done in epoch 114
2022-09-18 22:13:54 INFO     Encoder decoder training done in epoch 114
2022-09-18 22:13:54 INFO     critic x loss -675456.707 critic z loss -542.910 encoder loss 963177.375 decoder loss 587.138

2022-09-18 22:13:54 INFO     Epoch 115
2022-09-18 22:13:54 INFO     Number of samples in train dataset 156907
2022-09-18 22:14:52 INFO     Critic training done in epoch 115
2022-09-18 22:15:15 INFO     Encoder decoder training done in epoch 115
2022-09-18 22:15:15 INFO     critic x loss -684645.945 critic z loss -549.609 encoder loss 985960.000 decoder loss 598.451

2022-09-18 22:15:15 INFO     Epoch 116
2022-09-18 22:15:15 INFO     Number of samples in train dataset 156907
2022-09-18 22:16:14 INFO     Critic training done in epoch 116
2022-09-18 22:16:37 INFO     Encoder decoder training done in epoch 116
2022-09-18 22:16:37 INFO     critic x loss -727698.668 critic z loss -564.248 encoder loss 1014674.875 decoder loss 610.333

2022-09-18 22:16:37 INFO     Epoch 117
2022-09-18 22:16:37 INFO     Number of samples in train dataset 156907
2022-09-18 22:17:35 INFO     Critic training done in epoch 117
2022-09-18 22:17:58 INFO     Encoder decoder training done in epoch 117
2022-09-18 22:17:58 INFO     critic x loss -735813.472 critic z loss -576.308 encoder loss 1031989.812 decoder loss 621.685

2022-09-18 22:17:58 INFO     Epoch 118
2022-09-18 22:17:58 INFO     Number of samples in train dataset 156907
2022-09-18 22:18:56 INFO     Critic training done in epoch 118
2022-09-18 22:19:19 INFO     Encoder decoder training done in epoch 118
2022-09-18 22:19:19 INFO     critic x loss -744301.766 critic z loss -584.629 encoder loss 1053804.000 decoder loss 633.272

2022-09-18 22:19:19 INFO     Epoch 119
2022-09-18 22:19:19 INFO     Number of samples in train dataset 156907
2022-09-18 22:20:17 INFO     Critic training done in epoch 119
2022-09-18 22:20:40 INFO     Encoder decoder training done in epoch 119
2022-09-18 22:20:40 INFO     critic x loss -774357.928 critic z loss -595.252 encoder loss 1075810.000 decoder loss 646.999

2022-09-18 22:20:40 INFO     Epoch 120
2022-09-18 22:20:40 INFO     Number of samples in train dataset 156907
2022-09-18 22:21:38 INFO     Critic training done in epoch 120
2022-09-18 22:22:01 INFO     Encoder decoder training done in epoch 120
2022-09-18 22:22:01 INFO     critic x loss -807633.577 critic z loss -611.933 encoder loss 1104644.125 decoder loss 659.393

2022-09-18 22:22:01 INFO     Epoch 121
2022-09-18 22:22:01 INFO     Number of samples in train dataset 156907
2022-09-18 22:23:00 INFO     Critic training done in epoch 121
2022-09-18 22:23:23 INFO     Encoder decoder training done in epoch 121
2022-09-18 22:23:23 INFO     critic x loss -815394.143 critic z loss -627.077 encoder loss 1128098.875 decoder loss 671.617

2022-09-18 22:23:23 INFO     Epoch 122
2022-09-18 22:23:23 INFO     Number of samples in train dataset 156907
2022-09-18 22:24:26 INFO     Critic training done in epoch 122
2022-09-18 22:24:49 INFO     Encoder decoder training done in epoch 122
2022-09-18 22:24:49 INFO     critic x loss -830447.614 critic z loss -632.011 encoder loss 1150656.500 decoder loss 682.984

2022-09-18 22:24:49 INFO     Epoch 123
2022-09-18 22:24:49 INFO     Number of samples in train dataset 156907
2022-09-18 22:25:50 INFO     Critic training done in epoch 123
2022-09-18 22:26:13 INFO     Encoder decoder training done in epoch 123
2022-09-18 22:26:13 INFO     critic x loss -849659.230 critic z loss -643.964 encoder loss 1175953.500 decoder loss 696.809

2022-09-18 22:26:13 INFO     Epoch 124
2022-09-18 22:26:13 INFO     Number of samples in train dataset 156907
2022-09-18 22:27:12 INFO     Critic training done in epoch 124
2022-09-18 22:27:35 INFO     Encoder decoder training done in epoch 124
2022-09-18 22:27:35 INFO     critic x loss -855637.900 critic z loss -660.556 encoder loss 1195449.750 decoder loss 707.022

2022-09-18 22:27:35 INFO     Epoch 125
2022-09-18 22:27:35 INFO     Number of samples in train dataset 156907
2022-09-18 22:28:37 INFO     Critic training done in epoch 125
2022-09-18 22:29:00 INFO     Encoder decoder training done in epoch 125
2022-09-18 22:29:00 INFO     critic x loss -880726.953 critic z loss -672.804 encoder loss 1224510.625 decoder loss 721.789

2022-09-18 22:29:00 INFO     Epoch 126
2022-09-18 22:29:00 INFO     Number of samples in train dataset 156907
2022-09-18 22:30:02 INFO     Critic training done in epoch 126
2022-09-18 22:30:25 INFO     Encoder decoder training done in epoch 126
2022-09-18 22:30:25 INFO     critic x loss -904502.560 critic z loss -683.814 encoder loss 1251530.500 decoder loss 734.363

2022-09-18 22:30:25 INFO     Epoch 127
2022-09-18 22:30:25 INFO     Number of samples in train dataset 156907
2022-09-18 22:31:24 INFO     Critic training done in epoch 127
2022-09-18 22:31:47 INFO     Encoder decoder training done in epoch 127
2022-09-18 22:31:47 INFO     critic x loss -925887.175 critic z loss -700.143 encoder loss 1282904.500 decoder loss 749.906

2022-09-18 22:31:47 INFO     Epoch 128
2022-09-18 22:31:47 INFO     Number of samples in train dataset 156907
2022-09-18 22:32:49 INFO     Critic training done in epoch 128
2022-09-18 22:33:11 INFO     Encoder decoder training done in epoch 128
2022-09-18 22:33:11 INFO     critic x loss -952831.669 critic z loss -712.460 encoder loss 1302903.750 decoder loss 763.495

2022-09-18 22:33:11 INFO     Epoch 129
2022-09-18 22:33:12 INFO     Number of samples in train dataset 156907
2022-09-18 22:34:12 INFO     Critic training done in epoch 129
2022-09-18 22:34:36 INFO     Encoder decoder training done in epoch 129
2022-09-18 22:34:36 INFO     critic x loss -959651.637 critic z loss -719.212 encoder loss 1324606.250 decoder loss 773.854

2022-09-18 22:34:36 INFO     Epoch 130
2022-09-18 22:34:36 INFO     Number of samples in train dataset 156907
2022-09-18 22:35:35 INFO     Critic training done in epoch 130
2022-09-18 22:35:58 INFO     Encoder decoder training done in epoch 130
2022-09-18 22:35:58 INFO     critic x loss -980487.841 critic z loss -730.336 encoder loss 1351043.125 decoder loss 786.552

2022-09-18 22:35:58 INFO     Epoch 131
2022-09-18 22:35:58 INFO     Number of samples in train dataset 156907
2022-09-18 22:36:58 INFO     Critic training done in epoch 131
2022-09-18 22:37:21 INFO     Encoder decoder training done in epoch 131
2022-09-18 22:37:21 INFO     critic x loss -1001993.534 critic z loss -751.155 encoder loss 1381760.375 decoder loss 800.198

2022-09-18 22:37:21 INFO     Epoch 132
2022-09-18 22:37:21 INFO     Number of samples in train dataset 156907
2022-09-18 22:38:20 INFO     Critic training done in epoch 132
2022-09-18 22:38:42 INFO     Encoder decoder training done in epoch 132
2022-09-18 22:38:42 INFO     critic x loss -1012740.720 critic z loss -767.223 encoder loss 1401598.625 decoder loss 814.179

2022-09-18 22:38:42 INFO     Epoch 133
2022-09-18 22:38:43 INFO     Number of samples in train dataset 156907
2022-09-18 22:39:43 INFO     Critic training done in epoch 133
2022-09-18 22:40:06 INFO     Encoder decoder training done in epoch 133
2022-09-18 22:40:06 INFO     critic x loss -1042391.971 critic z loss -776.132 encoder loss 1432498.500 decoder loss 831.193

2022-09-18 22:40:06 INFO     Epoch 134
2022-09-18 22:40:06 INFO     Number of samples in train dataset 156907
2022-09-18 22:41:06 INFO     Critic training done in epoch 134
2022-09-18 22:41:29 INFO     Encoder decoder training done in epoch 134
2022-09-18 22:41:29 INFO     critic x loss -1056755.647 critic z loss -793.075 encoder loss 1454808.750 decoder loss 846.852

2022-09-18 22:41:29 INFO     Epoch 135
2022-09-18 22:41:29 INFO     Number of samples in train dataset 156907
2022-09-18 22:42:28 INFO     Critic training done in epoch 135
2022-09-18 22:42:51 INFO     Encoder decoder training done in epoch 135
2022-09-18 22:42:51 INFO     critic x loss -1084564.748 critic z loss -806.169 encoder loss 1486115.625 decoder loss 858.237

2022-09-18 22:42:51 INFO     Epoch 136
2022-09-18 22:42:51 INFO     Number of samples in train dataset 156907
2022-09-18 22:43:53 INFO     Critic training done in epoch 136
2022-09-18 22:44:16 INFO     Encoder decoder training done in epoch 136
2022-09-18 22:44:16 INFO     critic x loss -1127726.836 critic z loss -821.415 encoder loss 1518007.000 decoder loss 873.906

2022-09-18 22:44:16 INFO     Epoch 137
2022-09-18 22:44:16 INFO     Number of samples in train dataset 156907
2022-09-18 22:45:17 INFO     Critic training done in epoch 137
2022-09-18 22:45:40 INFO     Encoder decoder training done in epoch 137
2022-09-18 22:45:40 INFO     critic x loss -1162654.150 critic z loss -842.835 encoder loss 1540627.000 decoder loss 888.999

2022-09-18 22:45:40 INFO     Epoch 138
2022-09-18 22:45:40 INFO     Number of samples in train dataset 156907
2022-09-18 22:46:40 INFO     Critic training done in epoch 138
2022-09-18 22:47:03 INFO     Encoder decoder training done in epoch 138
2022-09-18 22:47:03 INFO     critic x loss -1165943.040 critic z loss -852.063 encoder loss 1570692.750 decoder loss 904.167

2022-09-18 22:47:03 INFO     Epoch 139
2022-09-18 22:47:03 INFO     Number of samples in train dataset 156907
2022-09-18 22:48:04 INFO     Critic training done in epoch 139
2022-09-18 22:48:27 INFO     Encoder decoder training done in epoch 139
2022-09-18 22:48:27 INFO     critic x loss -1186593.352 critic z loss -866.947 encoder loss 1596338.125 decoder loss 918.174

2022-09-18 22:48:27 INFO     Epoch 140
2022-09-18 22:48:28 INFO     Number of samples in train dataset 156907
2022-09-18 22:49:27 INFO     Critic training done in epoch 140
2022-09-18 22:49:50 INFO     Encoder decoder training done in epoch 140
2022-09-18 22:49:50 INFO     critic x loss -1206960.196 critic z loss -885.126 encoder loss 1627889.250 decoder loss 934.825

2022-09-18 22:49:50 INFO     Epoch 141
2022-09-18 22:49:50 INFO     Number of samples in train dataset 156907
2022-09-18 22:50:53 INFO     Critic training done in epoch 141
2022-09-18 22:51:15 INFO     Encoder decoder training done in epoch 141
2022-09-18 22:51:15 INFO     critic x loss -1220966.895 critic z loss -884.991 encoder loss 1654699.625 decoder loss 947.724

2022-09-18 22:51:15 INFO     Epoch 142
2022-09-18 22:51:15 INFO     Number of samples in train dataset 156907
2022-09-18 22:52:20 INFO     Critic training done in epoch 142
2022-09-18 22:52:43 INFO     Encoder decoder training done in epoch 142
2022-09-18 22:52:43 INFO     critic x loss -1244664.154 critic z loss -914.470 encoder loss 1683686.500 decoder loss 962.792

2022-09-18 22:52:43 INFO     Epoch 143
2022-09-18 22:52:43 INFO     Number of samples in train dataset 156907
2022-09-18 22:53:43 INFO     Critic training done in epoch 143
2022-09-18 22:54:07 INFO     Encoder decoder training done in epoch 143
2022-09-18 22:54:07 INFO     critic x loss -1264673.023 critic z loss -916.848 encoder loss 1711832.375 decoder loss 977.376

2022-09-18 22:54:07 INFO     Epoch 144
2022-09-18 22:54:07 INFO     Number of samples in train dataset 156907
2022-09-18 22:55:07 INFO     Critic training done in epoch 144
2022-09-18 22:55:30 INFO     Encoder decoder training done in epoch 144
2022-09-18 22:55:30 INFO     critic x loss -1315298.024 critic z loss -938.441 encoder loss 1745677.000 decoder loss 995.405

2022-09-18 22:55:30 INFO     Epoch 145
2022-09-18 22:55:30 INFO     Number of samples in train dataset 156907
2022-09-18 22:56:28 INFO     Critic training done in epoch 145
