2022-09-18 19:40:21 INFO     Starting training
2022-09-18 19:40:21 INFO     Epoch 0
2022-09-18 19:40:21 INFO     Number of samples in train dataset 156907
2022-09-18 19:41:26 INFO     Critic training done in epoch 0
2022-09-18 19:41:48 INFO     Encoder decoder training done in epoch 0
2022-09-18 19:41:48 INFO     critic x loss -532.904 critic z loss -2.221 encoder loss 936.112 decoder loss 4.773

2022-09-18 19:41:48 INFO     Epoch 1
2022-09-18 19:41:48 INFO     Number of samples in train dataset 156907
2022-09-18 19:42:57 INFO     Critic training done in epoch 1
2022-09-18 19:43:19 INFO     Encoder decoder training done in epoch 1
2022-09-18 19:43:19 INFO     critic x loss -1151.242 critic z loss -5.855 encoder loss 1774.555 decoder loss 6.867

2022-09-18 19:43:19 INFO     Epoch 2
2022-09-18 19:43:20 INFO     Number of samples in train dataset 156907
2022-09-18 19:44:28 INFO     Critic training done in epoch 2
2022-09-18 19:44:51 INFO     Encoder decoder training done in epoch 2
2022-09-18 19:44:51 INFO     critic x loss -2082.749 critic z loss -7.430 encoder loss 2893.890 decoder loss 10.245

2022-09-18 19:44:51 INFO     Epoch 3
2022-09-18 19:44:51 INFO     Number of samples in train dataset 156907
2022-09-18 19:46:00 INFO     Critic training done in epoch 3
2022-09-18 19:46:22 INFO     Encoder decoder training done in epoch 3
2022-09-18 19:46:22 INFO     critic x loss -3032.689 critic z loss -12.396 encoder loss 4078.171 decoder loss 17.944

2022-09-18 19:46:22 INFO     Epoch 4
2022-09-18 19:46:22 INFO     Number of samples in train dataset 156907
2022-09-18 19:47:31 INFO     Critic training done in epoch 4
2022-09-18 19:47:53 INFO     Encoder decoder training done in epoch 4
2022-09-18 19:47:53 INFO     critic x loss -4136.698 critic z loss -20.517 encoder loss 5552.597 decoder loss 26.487

2022-09-18 19:47:53 INFO     Epoch 5
2022-09-18 19:47:54 INFO     Number of samples in train dataset 156907
2022-09-18 19:49:03 INFO     Critic training done in epoch 5
2022-09-18 19:49:25 INFO     Encoder decoder training done in epoch 5
2022-09-18 19:49:25 INFO     critic x loss -5412.536 critic z loss -28.457 encoder loss 7217.391 decoder loss 34.331

2022-09-18 19:49:25 INFO     Epoch 6
2022-09-18 19:49:25 INFO     Number of samples in train dataset 156907
2022-09-18 19:50:35 INFO     Critic training done in epoch 6
2022-09-18 19:50:57 INFO     Encoder decoder training done in epoch 6
2022-09-18 19:50:57 INFO     critic x loss -6843.865 critic z loss -35.053 encoder loss 9279.205 decoder loss 40.829

2022-09-18 19:50:57 INFO     Epoch 7
2022-09-18 19:50:57 INFO     Number of samples in train dataset 156907
2022-09-18 19:52:07 INFO     Critic training done in epoch 7
2022-09-18 19:52:30 INFO     Encoder decoder training done in epoch 7
2022-09-18 19:52:30 INFO     critic x loss -8657.822 critic z loss -40.166 encoder loss 11650.147 decoder loss 45.747

2022-09-18 19:52:30 INFO     Epoch 8
2022-09-18 19:52:30 INFO     Number of samples in train dataset 156907
2022-09-18 19:53:40 INFO     Critic training done in epoch 8
2022-09-18 19:54:02 INFO     Encoder decoder training done in epoch 8
2022-09-18 19:54:02 INFO     critic x loss -10629.444 critic z loss -44.720 encoder loss 14129.493 decoder loss 50.447

2022-09-18 19:54:02 INFO     Epoch 9
2022-09-18 19:54:02 INFO     Number of samples in train dataset 156907
2022-09-18 19:55:12 INFO     Critic training done in epoch 9
2022-09-18 19:55:35 INFO     Encoder decoder training done in epoch 9
2022-09-18 19:55:35 INFO     critic x loss -12573.457 critic z loss -49.140 encoder loss 16718.770 decoder loss 55.136

2022-09-18 19:55:35 INFO     Epoch 10
2022-09-18 19:55:35 INFO     Number of samples in train dataset 156907
2022-09-18 19:56:44 INFO     Critic training done in epoch 10
2022-09-18 19:57:06 INFO     Encoder decoder training done in epoch 10
2022-09-18 19:57:06 INFO     critic x loss -14603.757 critic z loss -53.397 encoder loss 19531.896 decoder loss 59.791

2022-09-18 19:57:06 INFO     Epoch 11
2022-09-18 19:57:07 INFO     Number of samples in train dataset 156907
2022-09-18 19:58:16 INFO     Critic training done in epoch 11
2022-09-18 19:58:39 INFO     Encoder decoder training done in epoch 11
2022-09-18 19:58:39 INFO     critic x loss -16679.075 critic z loss -57.232 encoder loss 22792.283 decoder loss 63.865

2022-09-18 19:58:39 INFO     Epoch 12
2022-09-18 19:58:39 INFO     Number of samples in train dataset 156907
2022-09-18 19:59:50 INFO     Critic training done in epoch 12
2022-09-18 20:00:12 INFO     Encoder decoder training done in epoch 12
2022-09-18 20:00:12 INFO     critic x loss -19502.342 critic z loss -60.622 encoder loss 26328.641 decoder loss 67.970

2022-09-18 20:00:12 INFO     Epoch 13
2022-09-18 20:00:12 INFO     Number of samples in train dataset 156907
2022-09-18 20:01:22 INFO     Critic training done in epoch 13
2022-09-18 20:01:45 INFO     Encoder decoder training done in epoch 13
2022-09-18 20:01:45 INFO     critic x loss -22178.370 critic z loss -64.577 encoder loss 29954.705 decoder loss 72.276

2022-09-18 20:01:45 INFO     Epoch 14
2022-09-18 20:01:45 INFO     Number of samples in train dataset 156907
2022-09-18 20:02:55 INFO     Critic training done in epoch 14
2022-09-18 20:03:18 INFO     Encoder decoder training done in epoch 14
2022-09-18 20:03:18 INFO     critic x loss -25003.050 critic z loss -68.401 encoder loss 33655.820 decoder loss 76.643

2022-09-18 20:03:18 INFO     Epoch 15
2022-09-18 20:03:18 INFO     Number of samples in train dataset 156907
2022-09-18 20:04:28 INFO     Critic training done in epoch 15
2022-09-18 20:04:50 INFO     Encoder decoder training done in epoch 15
2022-09-18 20:04:50 INFO     critic x loss -27937.948 critic z loss -72.807 encoder loss 37954.957 decoder loss 81.089

2022-09-18 20:04:50 INFO     Epoch 16
2022-09-18 20:04:51 INFO     Number of samples in train dataset 156907
2022-09-18 20:06:01 INFO     Critic training done in epoch 16
2022-09-18 20:06:24 INFO     Encoder decoder training done in epoch 16
2022-09-18 20:06:24 INFO     critic x loss -31619.950 critic z loss -76.252 encoder loss 42706.043 decoder loss 85.243

2022-09-18 20:06:24 INFO     Epoch 17
2022-09-18 20:06:24 INFO     Number of samples in train dataset 156907
2022-09-18 20:07:34 INFO     Critic training done in epoch 17
2022-09-18 20:07:57 INFO     Encoder decoder training done in epoch 17
2022-09-18 20:07:57 INFO     critic x loss -35069.339 critic z loss -80.087 encoder loss 47434.883 decoder loss 89.461

2022-09-18 20:07:57 INFO     Epoch 18
2022-09-18 20:07:57 INFO     Number of samples in train dataset 156907
2022-09-18 20:09:07 INFO     Critic training done in epoch 18
2022-09-18 20:09:29 INFO     Encoder decoder training done in epoch 18
2022-09-18 20:09:29 INFO     critic x loss -39211.713 critic z loss -84.073 encoder loss 52784.449 decoder loss 93.431

2022-09-18 20:09:29 INFO     Epoch 19
2022-09-18 20:09:30 INFO     Number of samples in train dataset 156907
2022-09-18 20:10:39 INFO     Critic training done in epoch 19
2022-09-18 20:11:02 INFO     Encoder decoder training done in epoch 19
2022-09-18 20:11:02 INFO     critic x loss -42631.116 critic z loss -87.320 encoder loss 58085.867 decoder loss 97.079

2022-09-18 20:11:02 INFO     Epoch 20
2022-09-18 20:11:02 INFO     Number of samples in train dataset 156907
2022-09-18 20:12:12 INFO     Critic training done in epoch 20
2022-09-18 20:12:36 INFO     Encoder decoder training done in epoch 20
2022-09-18 20:12:36 INFO     critic x loss -46765.130 critic z loss -90.295 encoder loss 64070.738 decoder loss 101.376

2022-09-18 20:12:36 INFO     Epoch 21
2022-09-18 20:12:36 INFO     Number of samples in train dataset 156907
2022-09-18 20:13:46 INFO     Critic training done in epoch 21
2022-09-18 20:14:08 INFO     Encoder decoder training done in epoch 21
2022-09-18 20:14:08 INFO     critic x loss -51665.273 critic z loss -93.656 encoder loss 69824.734 decoder loss 105.112

2022-09-18 20:14:08 INFO     Epoch 22
2022-09-18 20:14:09 INFO     Number of samples in train dataset 156907
2022-09-18 20:15:19 INFO     Critic training done in epoch 22
2022-09-18 20:15:42 INFO     Encoder decoder training done in epoch 22
2022-09-18 20:15:42 INFO     critic x loss -56439.639 critic z loss -98.232 encoder loss 75576.414 decoder loss 109.547

2022-09-18 20:15:42 INFO     Epoch 23
2022-09-18 20:15:42 INFO     Number of samples in train dataset 156907
2022-09-18 20:16:52 INFO     Critic training done in epoch 23
2022-09-18 20:17:15 INFO     Encoder decoder training done in epoch 23
2022-09-18 20:17:15 INFO     critic x loss -60039.177 critic z loss -101.486 encoder loss 81441.492 decoder loss 113.127

2022-09-18 20:17:15 INFO     Epoch 24
2022-09-18 20:17:15 INFO     Number of samples in train dataset 156907
2022-09-18 20:18:26 INFO     Critic training done in epoch 24
2022-09-18 20:18:49 INFO     Encoder decoder training done in epoch 24
2022-09-18 20:18:49 INFO     critic x loss -65111.498 critic z loss -104.025 encoder loss 87644.844 decoder loss 116.234

2022-09-18 20:18:49 INFO     Epoch 25
2022-09-18 20:18:49 INFO     Number of samples in train dataset 156907
2022-09-18 20:19:59 INFO     Critic training done in epoch 25
2022-09-18 20:20:22 INFO     Encoder decoder training done in epoch 25
2022-09-18 20:20:22 INFO     critic x loss -69679.377 critic z loss -106.779 encoder loss 93576.797 decoder loss 119.999

2022-09-18 20:20:22 INFO     Epoch 26
2022-09-18 20:20:22 INFO     Number of samples in train dataset 156907
2022-09-18 20:21:33 INFO     Critic training done in epoch 26
2022-09-18 20:21:56 INFO     Encoder decoder training done in epoch 26
2022-09-18 20:21:56 INFO     critic x loss -73921.584 critic z loss -110.221 encoder loss 99705.320 decoder loss 123.921

2022-09-18 20:21:56 INFO     Epoch 27
2022-09-18 20:21:56 INFO     Number of samples in train dataset 156907
2022-09-18 20:23:07 INFO     Critic training done in epoch 27
2022-09-18 20:23:30 INFO     Encoder decoder training done in epoch 27
2022-09-18 20:23:30 INFO     critic x loss -78508.730 critic z loss -112.862 encoder loss 105850.188 decoder loss 126.722

2022-09-18 20:23:30 INFO     Epoch 28
2022-09-18 20:23:30 INFO     Number of samples in train dataset 156907
2022-09-18 20:24:41 INFO     Critic training done in epoch 28
2022-09-18 20:25:03 INFO     Encoder decoder training done in epoch 28
2022-09-18 20:25:03 INFO     critic x loss -82546.922 critic z loss -114.288 encoder loss 112568.320 decoder loss 129.636

2022-09-18 20:25:03 INFO     Epoch 29
2022-09-18 20:25:04 INFO     Number of samples in train dataset 156907
2022-09-18 20:26:14 INFO     Critic training done in epoch 29
2022-09-18 20:26:37 INFO     Encoder decoder training done in epoch 29
2022-09-18 20:26:37 INFO     critic x loss -88221.901 critic z loss -118.520 encoder loss 119787.258 decoder loss 132.882

2022-09-18 20:26:37 INFO     Epoch 30
2022-09-18 20:26:37 INFO     Number of samples in train dataset 156907
2022-09-18 20:27:48 INFO     Critic training done in epoch 30
2022-09-18 20:28:10 INFO     Encoder decoder training done in epoch 30
2022-09-18 20:28:10 INFO     critic x loss -94886.089 critic z loss -121.701 encoder loss 126507.086 decoder loss 136.575

2022-09-18 20:28:10 INFO     Epoch 31
2022-09-18 20:28:10 INFO     Number of samples in train dataset 156907
2022-09-18 20:29:21 INFO     Critic training done in epoch 31
2022-09-18 20:29:44 INFO     Encoder decoder training done in epoch 31
2022-09-18 20:29:44 INFO     critic x loss -95976.956 critic z loss -124.330 encoder loss 132719.328 decoder loss 139.436

2022-09-18 20:29:44 INFO     Epoch 32
2022-09-18 20:29:44 INFO     Number of samples in train dataset 156907
2022-09-18 20:30:55 INFO     Critic training done in epoch 32
2022-09-18 20:31:18 INFO     Encoder decoder training done in epoch 32
2022-09-18 20:31:18 INFO     critic x loss -102908.419 critic z loss -127.434 encoder loss 139728.484 decoder loss 141.915

2022-09-18 20:31:18 INFO     Epoch 33
2022-09-18 20:31:18 INFO     Number of samples in train dataset 156907
2022-09-18 20:32:30 INFO     Critic training done in epoch 33
2022-09-18 20:32:52 INFO     Encoder decoder training done in epoch 33
2022-09-18 20:32:52 INFO     critic x loss -107473.209 critic z loss -128.790 encoder loss 147083.453 decoder loss 144.636

2022-09-18 20:32:52 INFO     Epoch 34
2022-09-18 20:32:52 INFO     Number of samples in train dataset 156907
2022-09-18 20:34:04 INFO     Critic training done in epoch 34
2022-09-18 20:34:27 INFO     Encoder decoder training done in epoch 34
2022-09-18 20:34:27 INFO     critic x loss -110156.079 critic z loss -132.461 encoder loss 154128.547 decoder loss 147.790

2022-09-18 20:34:27 INFO     Epoch 35
2022-09-18 20:34:27 INFO     Number of samples in train dataset 156907
2022-09-18 20:35:38 INFO     Critic training done in epoch 35
2022-09-18 20:36:01 INFO     Encoder decoder training done in epoch 35
2022-09-18 20:36:01 INFO     critic x loss -116846.429 critic z loss -134.019 encoder loss 160361.266 decoder loss 151.320

2022-09-18 20:36:01 INFO     Epoch 36
2022-09-18 20:36:01 INFO     Number of samples in train dataset 156907
2022-09-18 20:37:12 INFO     Critic training done in epoch 36
2022-09-18 20:37:35 INFO     Encoder decoder training done in epoch 36
2022-09-18 20:37:35 INFO     critic x loss -121114.183 critic z loss -136.651 encoder loss 167614.453 decoder loss 154.200

2022-09-18 20:37:35 INFO     Epoch 37
2022-09-18 20:37:35 INFO     Number of samples in train dataset 156907
2022-09-18 20:38:46 INFO     Critic training done in epoch 37
2022-09-18 20:39:08 INFO     Encoder decoder training done in epoch 37
2022-09-18 20:39:08 INFO     critic x loss -124955.507 critic z loss -140.176 encoder loss 175147.219 decoder loss 158.232

2022-09-18 20:39:08 INFO     Epoch 38
2022-09-18 20:39:09 INFO     Number of samples in train dataset 156907
2022-09-18 20:40:19 INFO     Critic training done in epoch 38
2022-09-18 20:40:43 INFO     Encoder decoder training done in epoch 38
2022-09-18 20:40:43 INFO     critic x loss -133058.956 critic z loss -143.160 encoder loss 184239.125 decoder loss 161.158

2022-09-18 20:40:43 INFO     Epoch 39
2022-09-18 20:40:43 INFO     Number of samples in train dataset 156907
2022-09-18 20:41:54 INFO     Critic training done in epoch 39
2022-09-18 20:42:17 INFO     Encoder decoder training done in epoch 39
2022-09-18 20:42:17 INFO     critic x loss -136052.507 critic z loss -145.955 encoder loss 191250.219 decoder loss 164.689

2022-09-18 20:42:17 INFO     Epoch 40
2022-09-18 20:42:17 INFO     Number of samples in train dataset 156907
2022-09-18 20:43:28 INFO     Critic training done in epoch 40
2022-09-18 20:43:51 INFO     Encoder decoder training done in epoch 40
2022-09-18 20:43:51 INFO     critic x loss -137667.208 critic z loss -148.776 encoder loss 196850.422 decoder loss 167.688

2022-09-18 20:43:51 INFO     Epoch 41
2022-09-18 20:43:51 INFO     Number of samples in train dataset 156907
2022-09-18 20:45:02 INFO     Critic training done in epoch 41
2022-09-18 20:45:25 INFO     Encoder decoder training done in epoch 41
2022-09-18 20:45:25 INFO     critic x loss -143650.361 critic z loss -151.105 encoder loss 205107.312 decoder loss 170.958

2022-09-18 20:45:25 INFO     Epoch 42
2022-09-18 20:45:25 INFO     Number of samples in train dataset 156907
2022-09-18 20:46:36 INFO     Critic training done in epoch 42
2022-09-18 20:46:59 INFO     Encoder decoder training done in epoch 42
2022-09-18 20:46:59 INFO     critic x loss -148924.589 critic z loss -157.145 encoder loss 213761.047 decoder loss 175.428

2022-09-18 20:46:59 INFO     Epoch 43
2022-09-18 20:46:59 INFO     Number of samples in train dataset 156907
2022-09-18 20:48:11 INFO     Critic training done in epoch 43
2022-09-18 20:48:34 INFO     Encoder decoder training done in epoch 43
2022-09-18 20:48:34 INFO     critic x loss -155512.551 critic z loss -157.847 encoder loss 219788.109 decoder loss 177.505

2022-09-18 20:48:34 INFO     Epoch 44
2022-09-18 20:48:34 INFO     Number of samples in train dataset 156907
2022-09-18 20:49:45 INFO     Critic training done in epoch 44
2022-09-18 20:50:08 INFO     Encoder decoder training done in epoch 44
2022-09-18 20:50:08 INFO     critic x loss -158571.354 critic z loss -158.446 encoder loss 226776.266 decoder loss 180.942

2022-09-18 20:50:08 INFO     Epoch 45
2022-09-18 20:50:08 INFO     Number of samples in train dataset 156907
2022-09-18 20:51:19 INFO     Critic training done in epoch 45
2022-09-18 20:51:42 INFO     Encoder decoder training done in epoch 45
2022-09-18 20:51:42 INFO     critic x loss -160667.420 critic z loss -161.661 encoder loss 239961.094 decoder loss 184.856

2022-09-18 20:51:42 INFO     Epoch 46
2022-09-18 20:51:42 INFO     Number of samples in train dataset 156907
2022-09-18 20:52:54 INFO     Critic training done in epoch 46
2022-09-18 20:53:17 INFO     Encoder decoder training done in epoch 46
2022-09-18 20:53:17 INFO     critic x loss -174423.324 critic z loss -170.066 encoder loss 247239.359 decoder loss 188.949

2022-09-18 20:53:17 INFO     Epoch 47
2022-09-18 20:53:17 INFO     Number of samples in train dataset 156907
2022-09-18 20:54:28 INFO     Critic training done in epoch 47
2022-09-18 20:54:51 INFO     Encoder decoder training done in epoch 47
2022-09-18 20:54:51 INFO     critic x loss -172459.669 critic z loss -166.926 encoder loss 255234.250 decoder loss 192.410

2022-09-18 20:54:51 INFO     Epoch 48
2022-09-18 20:54:52 INFO     Number of samples in train dataset 156907
2022-09-18 20:56:03 INFO     Critic training done in epoch 48
2022-09-18 20:56:26 INFO     Encoder decoder training done in epoch 48
2022-09-18 20:56:26 INFO     critic x loss -182248.769 critic z loss -176.162 encoder loss 266292.812 decoder loss 197.533

2022-09-18 20:56:26 INFO     Epoch 49
2022-09-18 20:56:26 INFO     Number of samples in train dataset 156907
2022-09-18 20:57:38 INFO     Critic training done in epoch 49
2022-09-18 20:58:01 INFO     Encoder decoder training done in epoch 49
2022-09-18 20:58:01 INFO     critic x loss -187392.380 critic z loss -178.014 encoder loss 274422.875 decoder loss 200.928

2022-09-18 20:58:01 INFO     Epoch 50
2022-09-18 20:58:01 INFO     Number of samples in train dataset 156907
2022-09-18 20:59:12 INFO     Critic training done in epoch 50
2022-09-18 20:59:35 INFO     Encoder decoder training done in epoch 50
2022-09-18 20:59:35 INFO     critic x loss -194884.801 critic z loss -176.299 encoder loss 285360.250 decoder loss 206.266

2022-09-18 20:59:35 INFO     Epoch 51
2022-09-18 20:59:35 INFO     Number of samples in train dataset 156907
2022-09-18 21:00:46 INFO     Critic training done in epoch 51
2022-09-18 21:01:09 INFO     Encoder decoder training done in epoch 51
2022-09-18 21:01:09 INFO     critic x loss -197574.588 critic z loss -184.901 encoder loss 293451.125 decoder loss 210.246

2022-09-18 21:01:09 INFO     Epoch 52
2022-09-18 21:01:09 INFO     Number of samples in train dataset 156907
2022-09-18 21:02:21 INFO     Critic training done in epoch 52
2022-09-18 21:02:44 INFO     Encoder decoder training done in epoch 52
2022-09-18 21:02:44 INFO     critic x loss -203740.888 critic z loss -190.948 encoder loss 306780.031 decoder loss 214.019

2022-09-18 21:02:44 INFO     Epoch 53
2022-09-18 21:02:44 INFO     Number of samples in train dataset 156907
2022-09-18 21:03:55 INFO     Critic training done in epoch 53
2022-09-18 21:04:18 INFO     Encoder decoder training done in epoch 53
2022-09-18 21:04:18 INFO     critic x loss -215274.347 critic z loss -193.160 encoder loss 318070.219 decoder loss 218.254

2022-09-18 21:04:18 INFO     Epoch 54
2022-09-18 21:04:18 INFO     Number of samples in train dataset 156907
2022-09-18 21:05:30 INFO     Critic training done in epoch 54
2022-09-18 21:05:53 INFO     Encoder decoder training done in epoch 54
2022-09-18 21:05:53 INFO     critic x loss -224853.280 critic z loss -196.061 encoder loss 326299.312 decoder loss 222.470

2022-09-18 21:05:53 INFO     Epoch 55
2022-09-18 21:05:53 INFO     Number of samples in train dataset 156907
2022-09-18 21:07:05 INFO     Critic training done in epoch 55
2022-09-18 21:07:28 INFO     Encoder decoder training done in epoch 55
2022-09-18 21:07:28 INFO     critic x loss -223048.804 critic z loss -199.097 encoder loss 335786.062 decoder loss 226.055

2022-09-18 21:07:28 INFO     Epoch 56
2022-09-18 21:07:28 INFO     Number of samples in train dataset 156907
2022-09-18 21:08:40 INFO     Critic training done in epoch 56
2022-09-18 21:09:03 INFO     Encoder decoder training done in epoch 56
2022-09-18 21:09:03 INFO     critic x loss -237470.026 critic z loss -205.144 encoder loss 347550.969 decoder loss 230.667

2022-09-18 21:09:03 INFO     Epoch 57
2022-09-18 21:09:03 INFO     Number of samples in train dataset 156907
2022-09-18 21:10:15 INFO     Critic training done in epoch 57
2022-09-18 21:10:37 INFO     Encoder decoder training done in epoch 57
2022-09-18 21:10:37 INFO     critic x loss -246254.530 critic z loss -210.327 encoder loss 356364.125 decoder loss 234.744

2022-09-18 21:10:37 INFO     Epoch 58
2022-09-18 21:10:37 INFO     Number of samples in train dataset 156907
2022-09-18 21:11:49 INFO     Critic training done in epoch 58
2022-09-18 21:12:12 INFO     Encoder decoder training done in epoch 58
2022-09-18 21:12:12 INFO     critic x loss -241688.417 critic z loss -213.511 encoder loss 361384.750 decoder loss 239.732

2022-09-18 21:12:12 INFO     Epoch 59
2022-09-18 21:12:12 INFO     Number of samples in train dataset 156907
2022-09-18 21:13:24 INFO     Critic training done in epoch 59
2022-09-18 21:13:47 INFO     Encoder decoder training done in epoch 59
2022-09-18 21:13:47 INFO     critic x loss -245187.228 critic z loss -213.865 encoder loss 371762.406 decoder loss 244.151

2022-09-18 21:13:47 INFO     Epoch 60
2022-09-18 21:13:47 INFO     Number of samples in train dataset 156907
2022-09-18 21:14:58 INFO     Critic training done in epoch 60
2022-09-18 21:15:21 INFO     Encoder decoder training done in epoch 60
2022-09-18 21:15:21 INFO     critic x loss -249206.240 critic z loss -217.305 encoder loss 374267.906 decoder loss 246.438

2022-09-18 21:15:21 INFO     Epoch 61
2022-09-18 21:15:21 INFO     Number of samples in train dataset 156907
2022-09-18 21:16:33 INFO     Critic training done in epoch 61
2022-09-18 21:16:56 INFO     Encoder decoder training done in epoch 61
2022-09-18 21:16:56 INFO     critic x loss -255694.458 critic z loss -223.403 encoder loss 389723.062 decoder loss 251.980

2022-09-18 21:16:56 INFO     Epoch 62
2022-09-18 21:16:56 INFO     Number of samples in train dataset 156907
2022-09-18 21:18:07 INFO     Critic training done in epoch 62
2022-09-18 21:18:30 INFO     Encoder decoder training done in epoch 62
2022-09-18 21:18:30 INFO     critic x loss -261634.362 critic z loss -227.650 encoder loss 396369.156 decoder loss 255.250

2022-09-18 21:18:30 INFO     Epoch 63
2022-09-18 21:18:30 INFO     Number of samples in train dataset 156907
2022-09-18 21:19:42 INFO     Critic training done in epoch 63
2022-09-18 21:20:05 INFO     Encoder decoder training done in epoch 63
2022-09-18 21:20:05 INFO     critic x loss -261621.980 critic z loss -229.669 encoder loss 400876.062 decoder loss 258.895

2022-09-18 21:20:05 INFO     Epoch 64
2022-09-18 21:20:05 INFO     Number of samples in train dataset 156907
2022-09-18 21:21:16 INFO     Critic training done in epoch 64
2022-09-18 21:21:39 INFO     Encoder decoder training done in epoch 64
2022-09-18 21:21:39 INFO     critic x loss -251568.229 critic z loss -230.304 encoder loss 398214.906 decoder loss 261.871

2022-09-18 21:21:39 INFO     Epoch 65
2022-09-18 21:21:39 INFO     Number of samples in train dataset 156907
2022-09-18 21:22:51 INFO     Critic training done in epoch 65
2022-09-18 21:23:14 INFO     Encoder decoder training done in epoch 65
2022-09-18 21:23:14 INFO     critic x loss -257089.563 critic z loss -237.864 encoder loss 408562.250 decoder loss 268.539

2022-09-18 21:23:14 INFO     Epoch 66
2022-09-18 21:23:14 INFO     Number of samples in train dataset 156907
2022-09-18 21:24:26 INFO     Critic training done in epoch 66
2022-09-18 21:24:49 INFO     Encoder decoder training done in epoch 66
2022-09-18 21:24:49 INFO     critic x loss -259447.440 critic z loss -239.967 encoder loss 416288.312 decoder loss 270.981

2022-09-18 21:24:49 INFO     Epoch 67
2022-09-18 21:24:49 INFO     Number of samples in train dataset 156907
2022-09-18 21:26:01 INFO     Critic training done in epoch 67
2022-09-18 21:26:23 INFO     Encoder decoder training done in epoch 67
2022-09-18 21:26:23 INFO     critic x loss -269642.037 critic z loss -240.437 encoder loss 429942.344 decoder loss 277.190

2022-09-18 21:26:23 INFO     Epoch 68
2022-09-18 21:26:24 INFO     Number of samples in train dataset 156907
2022-09-18 21:27:35 INFO     Critic training done in epoch 68
2022-09-18 21:27:58 INFO     Encoder decoder training done in epoch 68
2022-09-18 21:27:58 INFO     critic x loss -268410.425 critic z loss -250.715 encoder loss 432019.750 decoder loss 279.978

2022-09-18 21:27:58 INFO     Epoch 69
2022-09-18 21:27:58 INFO     Number of samples in train dataset 156907
2022-09-18 21:29:10 INFO     Critic training done in epoch 69
2022-09-18 21:29:33 INFO     Encoder decoder training done in epoch 69
2022-09-18 21:29:33 INFO     critic x loss -272275.617 critic z loss -252.692 encoder loss 439117.281 decoder loss 285.773

2022-09-18 21:29:33 INFO     Epoch 70
2022-09-18 21:29:33 INFO     Number of samples in train dataset 156907
2022-09-18 21:30:45 INFO     Critic training done in epoch 70
2022-09-18 21:31:08 INFO     Encoder decoder training done in epoch 70
2022-09-18 21:31:08 INFO     critic x loss -290101.852 critic z loss -261.532 encoder loss 452666.531 decoder loss 292.627

2022-09-18 21:31:08 INFO     Epoch 71
2022-09-18 21:31:08 INFO     Number of samples in train dataset 156907
2022-09-18 21:32:20 INFO     Critic training done in epoch 71
2022-09-18 21:32:42 INFO     Encoder decoder training done in epoch 71
2022-09-18 21:32:42 INFO     critic x loss -268199.639 critic z loss -262.001 encoder loss 456611.812 decoder loss 296.374

2022-09-18 21:32:42 INFO     Epoch 72
2022-09-18 21:32:42 INFO     Number of samples in train dataset 156907
2022-09-18 21:33:55 INFO     Critic training done in epoch 72
2022-09-18 21:34:17 INFO     Encoder decoder training done in epoch 72
2022-09-18 21:34:17 INFO     critic x loss -280407.060 critic z loss -264.595 encoder loss 468612.969 decoder loss 304.659

2022-09-18 21:34:17 INFO     Epoch 73
2022-09-18 21:34:17 INFO     Number of samples in train dataset 156907
2022-09-18 21:35:29 INFO     Critic training done in epoch 73
2022-09-18 21:35:52 INFO     Encoder decoder training done in epoch 73
2022-09-18 21:35:52 INFO     critic x loss -293821.732 critic z loss -275.468 encoder loss 482923.906 decoder loss 310.365

2022-09-18 21:35:52 INFO     Epoch 74
2022-09-18 21:35:52 INFO     Number of samples in train dataset 156907
2022-09-18 21:37:03 INFO     Critic training done in epoch 74
2022-09-18 21:37:26 INFO     Encoder decoder training done in epoch 74
2022-09-18 21:37:26 INFO     critic x loss -302290.365 critic z loss -280.739 encoder loss 493728.312 decoder loss 316.839

2022-09-18 21:37:26 INFO     Epoch 75
2022-09-18 21:37:27 INFO     Number of samples in train dataset 156907
2022-09-18 21:38:38 INFO     Critic training done in epoch 75
2022-09-18 21:39:01 INFO     Encoder decoder training done in epoch 75
2022-09-18 21:39:01 INFO     critic x loss -305799.866 critic z loss -289.928 encoder loss 501799.531 decoder loss 322.555

2022-09-18 21:39:01 INFO     Epoch 76
2022-09-18 21:39:01 INFO     Number of samples in train dataset 156907
2022-09-18 21:40:13 INFO     Critic training done in epoch 76
2022-09-18 21:40:36 INFO     Encoder decoder training done in epoch 76
2022-09-18 21:40:36 INFO     critic x loss -311369.224 critic z loss -288.996 encoder loss 514799.562 decoder loss 327.233

2022-09-18 21:40:36 INFO     Epoch 77
2022-09-18 21:40:36 INFO     Number of samples in train dataset 156907
2022-09-18 21:41:49 INFO     Critic training done in epoch 77
2022-09-18 21:42:11 INFO     Encoder decoder training done in epoch 77
2022-09-18 21:42:11 INFO     critic x loss -318610.180 critic z loss -296.066 encoder loss 530827.125 decoder loss 336.054

2022-09-18 21:42:11 INFO     Epoch 78
2022-09-18 21:42:11 INFO     Number of samples in train dataset 156907
2022-09-18 21:43:23 INFO     Critic training done in epoch 78
2022-09-18 21:43:46 INFO     Encoder decoder training done in epoch 78
2022-09-18 21:43:46 INFO     critic x loss -327007.565 critic z loss -299.096 encoder loss 546120.250 decoder loss 342.931

2022-09-18 21:43:46 INFO     Epoch 79
2022-09-18 21:43:46 INFO     Number of samples in train dataset 156907
2022-09-18 21:44:58 INFO     Critic training done in epoch 79
2022-09-18 21:45:21 INFO     Encoder decoder training done in epoch 79
2022-09-18 21:45:21 INFO     critic x loss -334135.292 critic z loss -309.021 encoder loss 562394.062 decoder loss 350.625

2022-09-18 21:45:21 INFO     Epoch 80
2022-09-18 21:45:21 INFO     Number of samples in train dataset 156907
2022-09-18 21:46:34 INFO     Critic training done in epoch 80
2022-09-18 21:46:56 INFO     Encoder decoder training done in epoch 80
2022-09-18 21:46:56 INFO     critic x loss -357508.603 critic z loss -319.400 encoder loss 575825.812 decoder loss 358.213

2022-09-18 21:46:56 INFO     Epoch 81
2022-09-18 21:46:57 INFO     Number of samples in train dataset 156907
2022-09-18 21:48:08 INFO     Critic training done in epoch 81
2022-09-18 21:48:31 INFO     Encoder decoder training done in epoch 81
2022-09-18 21:48:31 INFO     critic x loss -371278.662 critic z loss -329.364 encoder loss 594860.938 decoder loss 365.673

2022-09-18 21:48:31 INFO     Epoch 82
2022-09-18 21:48:31 INFO     Number of samples in train dataset 156907
2022-09-18 21:49:43 INFO     Critic training done in epoch 82
2022-09-18 21:50:06 INFO     Encoder decoder training done in epoch 82
2022-09-18 21:50:06 INFO     critic x loss -369278.664 critic z loss -329.313 encoder loss 610526.188 decoder loss 371.930

2022-09-18 21:50:06 INFO     Epoch 83
2022-09-18 21:50:06 INFO     Number of samples in train dataset 156907
2022-09-18 21:51:18 INFO     Critic training done in epoch 83
2022-09-18 21:51:41 INFO     Encoder decoder training done in epoch 83
2022-09-18 21:51:41 INFO     critic x loss -382549.667 critic z loss -341.381 encoder loss 629529.938 decoder loss 380.947

2022-09-18 21:51:41 INFO     Epoch 84
2022-09-18 21:51:41 INFO     Number of samples in train dataset 156907
2022-09-18 21:52:53 INFO     Critic training done in epoch 84
2022-09-18 21:53:16 INFO     Encoder decoder training done in epoch 84
2022-09-18 21:53:16 INFO     critic x loss -402594.821 critic z loss -346.280 encoder loss 649990.188 decoder loss 389.295

2022-09-18 21:53:16 INFO     Epoch 85
2022-09-18 21:53:16 INFO     Number of samples in train dataset 156907
2022-09-18 21:54:28 INFO     Critic training done in epoch 85
2022-09-18 21:54:51 INFO     Encoder decoder training done in epoch 85
2022-09-18 21:54:51 INFO     critic x loss -402698.477 critic z loss -356.215 encoder loss 669551.000 decoder loss 397.805

2022-09-18 21:54:51 INFO     Epoch 86
2022-09-18 21:54:51 INFO     Number of samples in train dataset 156907
2022-09-18 21:56:03 INFO     Critic training done in epoch 86
2022-09-18 21:56:26 INFO     Encoder decoder training done in epoch 86
2022-09-18 21:56:26 INFO     critic x loss -424259.631 critic z loss -367.648 encoder loss 689305.188 decoder loss 407.676

2022-09-18 21:56:26 INFO     Epoch 87
2022-09-18 21:56:26 INFO     Number of samples in train dataset 156907
2022-09-18 21:57:38 INFO     Critic training done in epoch 87
2022-09-18 21:58:01 INFO     Encoder decoder training done in epoch 87
2022-09-18 21:58:01 INFO     critic x loss -440988.395 critic z loss -373.263 encoder loss 715166.500 decoder loss 417.217

2022-09-18 21:58:01 INFO     Epoch 88
2022-09-18 21:58:01 INFO     Number of samples in train dataset 156907
2022-09-18 21:59:12 INFO     Critic training done in epoch 88
2022-09-18 21:59:36 INFO     Encoder decoder training done in epoch 88
2022-09-18 21:59:36 INFO     critic x loss -474607.330 critic z loss -382.106 encoder loss 733621.312 decoder loss 425.591

2022-09-18 21:59:36 INFO     Epoch 89
2022-09-18 21:59:36 INFO     Number of samples in train dataset 156907
2022-09-18 22:00:47 INFO     Critic training done in epoch 89
2022-09-18 22:01:10 INFO     Encoder decoder training done in epoch 89
2022-09-18 22:01:10 INFO     critic x loss -483405.995 critic z loss -396.562 encoder loss 755738.000 decoder loss 436.118

2022-09-18 22:01:10 INFO     Epoch 90
2022-09-18 22:01:10 INFO     Number of samples in train dataset 156907
2022-09-18 22:02:23 INFO     Critic training done in epoch 90
2022-09-18 22:02:46 INFO     Encoder decoder training done in epoch 90
2022-09-18 22:02:46 INFO     critic x loss -493609.941 critic z loss -399.565 encoder loss 782472.562 decoder loss 445.730

2022-09-18 22:02:46 INFO     Epoch 91
2022-09-18 22:02:46 INFO     Number of samples in train dataset 156907
2022-09-18 22:03:58 INFO     Critic training done in epoch 91
2022-09-18 22:04:21 INFO     Encoder decoder training done in epoch 91
2022-09-18 22:04:21 INFO     critic x loss -515821.740 critic z loss -408.719 encoder loss 808214.688 decoder loss 453.242

2022-09-18 22:04:21 INFO     Epoch 92
2022-09-18 22:04:21 INFO     Number of samples in train dataset 156907
2022-09-18 22:05:33 INFO     Critic training done in epoch 92
2022-09-18 22:05:56 INFO     Encoder decoder training done in epoch 92
2022-09-18 22:05:56 INFO     critic x loss -532321.535 critic z loss -417.523 encoder loss 831956.250 decoder loss 465.078

2022-09-18 22:05:56 INFO     Epoch 93
2022-09-18 22:05:56 INFO     Number of samples in train dataset 156907
2022-09-18 22:07:08 INFO     Critic training done in epoch 93
2022-09-18 22:07:31 INFO     Encoder decoder training done in epoch 93
2022-09-18 22:07:31 INFO     critic x loss -550022.029 critic z loss -432.188 encoder loss 862422.375 decoder loss 477.202

2022-09-18 22:07:31 INFO     Epoch 94
2022-09-18 22:07:31 INFO     Number of samples in train dataset 156907
2022-09-18 22:08:43 INFO     Critic training done in epoch 94
2022-09-18 22:09:06 INFO     Encoder decoder training done in epoch 94
2022-09-18 22:09:06 INFO     critic x loss -562590.859 critic z loss -435.406 encoder loss 884598.938 decoder loss 486.182

2022-09-18 22:09:06 INFO     Epoch 95
2022-09-18 22:09:06 INFO     Number of samples in train dataset 156907
2022-09-18 22:10:19 INFO     Critic training done in epoch 95
2022-09-18 22:10:42 INFO     Encoder decoder training done in epoch 95
2022-09-18 22:10:42 INFO     critic x loss -594359.591 critic z loss -452.422 encoder loss 912998.562 decoder loss 499.919

2022-09-18 22:10:42 INFO     Epoch 96
2022-09-18 22:10:42 INFO     Number of samples in train dataset 156907
2022-09-18 22:11:53 INFO     Critic training done in epoch 96
2022-09-18 22:12:17 INFO     Encoder decoder training done in epoch 96
2022-09-18 22:12:17 INFO     critic x loss -615576.072 critic z loss -460.017 encoder loss 937435.438 decoder loss 509.289

2022-09-18 22:12:17 INFO     Epoch 97
2022-09-18 22:12:17 INFO     Number of samples in train dataset 156907
2022-09-18 22:13:28 INFO     Critic training done in epoch 97
2022-09-18 22:13:51 INFO     Encoder decoder training done in epoch 97
2022-09-18 22:13:51 INFO     critic x loss -642204.587 critic z loss -472.292 encoder loss 964301.125 decoder loss 520.608

2022-09-18 22:13:51 INFO     Epoch 98
2022-09-18 22:13:51 INFO     Number of samples in train dataset 156907
2022-09-18 22:15:04 INFO     Critic training done in epoch 98
2022-09-18 22:15:26 INFO     Encoder decoder training done in epoch 98
2022-09-18 22:15:26 INFO     critic x loss -661173.948 critic z loss -483.644 encoder loss 989781.562 decoder loss 531.980

2022-09-18 22:15:26 INFO     Epoch 99
2022-09-18 22:15:26 INFO     Number of samples in train dataset 156907
2022-09-18 22:16:39 INFO     Critic training done in epoch 99
2022-09-18 22:17:02 INFO     Encoder decoder training done in epoch 99
2022-09-18 22:17:02 INFO     critic x loss -676919.045 critic z loss -496.056 encoder loss 1014044.188 decoder loss 543.169

2022-09-18 22:17:02 INFO     Epoch 100
2022-09-18 22:17:02 INFO     Number of samples in train dataset 156907
2022-09-18 22:18:14 INFO     Critic training done in epoch 100
2022-09-18 22:18:37 INFO     Encoder decoder training done in epoch 100
2022-09-18 22:18:37 INFO     critic x loss -691593.182 critic z loss -507.746 encoder loss 1044375.688 decoder loss 554.794

2022-09-18 22:18:37 INFO     Epoch 101
2022-09-18 22:18:37 INFO     Number of samples in train dataset 156907
2022-09-18 22:19:49 INFO     Critic training done in epoch 101
2022-09-18 22:20:12 INFO     Encoder decoder training done in epoch 101
2022-09-18 22:20:12 INFO     critic x loss -713973.560 critic z loss -519.335 encoder loss 1073205.625 decoder loss 567.146

2022-09-18 22:20:12 INFO     Epoch 102
2022-09-18 22:20:12 INFO     Number of samples in train dataset 156907
2022-09-18 22:21:24 INFO     Critic training done in epoch 102
2022-09-18 22:21:47 INFO     Encoder decoder training done in epoch 102
2022-09-18 22:21:47 INFO     critic x loss -750478.857 critic z loss -530.844 encoder loss 1108160.375 decoder loss 580.447

2022-09-18 22:21:47 INFO     Epoch 103
2022-09-18 22:21:47 INFO     Number of samples in train dataset 156907
2022-09-18 22:23:00 INFO     Critic training done in epoch 103
2022-09-18 22:23:22 INFO     Encoder decoder training done in epoch 103
2022-09-18 22:23:22 INFO     critic x loss -772938.501 critic z loss -545.013 encoder loss 1131905.000 decoder loss 593.617

2022-09-18 22:23:22 INFO     Epoch 104
2022-09-18 22:23:23 INFO     Number of samples in train dataset 156907
2022-09-18 22:24:40 INFO     Critic training done in epoch 104
2022-09-18 22:25:02 INFO     Encoder decoder training done in epoch 104
2022-09-18 22:25:02 INFO     critic x loss -800746.532 critic z loss -558.502 encoder loss 1164569.750 decoder loss 605.204

2022-09-18 22:25:02 INFO     Epoch 105
2022-09-18 22:25:02 INFO     Number of samples in train dataset 156907
2022-09-18 22:26:17 INFO     Critic training done in epoch 105
2022-09-18 22:26:40 INFO     Encoder decoder training done in epoch 105
2022-09-18 22:26:40 INFO     critic x loss -816828.729 critic z loss -566.863 encoder loss 1195851.750 decoder loss 618.078

2022-09-18 22:26:40 INFO     Epoch 106
2022-09-18 22:26:40 INFO     Number of samples in train dataset 156907
2022-09-18 22:27:58 INFO     Critic training done in epoch 106
2022-09-18 22:28:21 INFO     Encoder decoder training done in epoch 106
2022-09-18 22:28:21 INFO     critic x loss -857285.025 critic z loss -578.111 encoder loss 1226345.750 decoder loss 629.929

2022-09-18 22:28:21 INFO     Epoch 107
2022-09-18 22:28:21 INFO     Number of samples in train dataset 156907
2022-09-18 22:29:36 INFO     Critic training done in epoch 107
2022-09-18 22:29:58 INFO     Encoder decoder training done in epoch 107
2022-09-18 22:29:58 INFO     critic x loss -864108.660 critic z loss -587.360 encoder loss 1265573.125 decoder loss 643.512

2022-09-18 22:29:58 INFO     Epoch 108
2022-09-18 22:29:59 INFO     Number of samples in train dataset 156907
2022-09-18 22:31:12 INFO     Critic training done in epoch 108
2022-09-18 22:31:35 INFO     Encoder decoder training done in epoch 108
2022-09-18 22:31:35 INFO     critic x loss -894672.208 critic z loss -606.289 encoder loss 1297898.500 decoder loss 654.579

2022-09-18 22:31:35 INFO     Epoch 109
2022-09-18 22:31:35 INFO     Number of samples in train dataset 156907
2022-09-18 22:32:51 INFO     Critic training done in epoch 109
2022-09-18 22:33:13 INFO     Encoder decoder training done in epoch 109
2022-09-18 22:33:13 INFO     critic x loss -917912.684 critic z loss -609.375 encoder loss 1332899.375 decoder loss 666.981

2022-09-18 22:33:13 INFO     Epoch 110
2022-09-18 22:33:14 INFO     Number of samples in train dataset 156907
2022-09-18 22:34:28 INFO     Critic training done in epoch 110
2022-09-18 22:34:52 INFO     Encoder decoder training done in epoch 110
2022-09-18 22:34:52 INFO     critic x loss -953292.858 critic z loss -623.683 encoder loss 1366979.750 decoder loss 679.367

2022-09-18 22:34:52 INFO     Epoch 111
2022-09-18 22:34:52 INFO     Number of samples in train dataset 156907
2022-09-18 22:36:05 INFO     Critic training done in epoch 111
2022-09-18 22:36:28 INFO     Encoder decoder training done in epoch 111
2022-09-18 22:36:28 INFO     critic x loss -980846.581 critic z loss -632.319 encoder loss 1404524.625 decoder loss 690.858

2022-09-18 22:36:28 INFO     Epoch 112
2022-09-18 22:36:28 INFO     Number of samples in train dataset 156907
2022-09-18 22:37:42 INFO     Critic training done in epoch 112
2022-09-18 22:38:06 INFO     Encoder decoder training done in epoch 112
2022-09-18 22:38:06 INFO     critic x loss -1006610.932 critic z loss -647.005 encoder loss 1440078.250 decoder loss 704.059

2022-09-18 22:38:06 INFO     Epoch 113
2022-09-18 22:38:06 INFO     Number of samples in train dataset 156907
2022-09-18 22:39:21 INFO     Critic training done in epoch 113
2022-09-18 22:39:44 INFO     Encoder decoder training done in epoch 113
2022-09-18 22:39:44 INFO     critic x loss -1023231.984 critic z loss -659.747 encoder loss 1473622.125 decoder loss 718.486

2022-09-18 22:39:44 INFO     Epoch 114
2022-09-18 22:39:44 INFO     Number of samples in train dataset 156907
2022-09-18 22:40:57 INFO     Critic training done in epoch 114
2022-09-18 22:41:20 INFO     Encoder decoder training done in epoch 114
2022-09-18 22:41:20 INFO     critic x loss -1059696.991 critic z loss -678.475 encoder loss 1511482.375 decoder loss 734.440

2022-09-18 22:41:20 INFO     Epoch 115
2022-09-18 22:41:20 INFO     Number of samples in train dataset 156907
2022-09-18 22:42:33 INFO     Critic training done in epoch 115
2022-09-18 22:42:55 INFO     Encoder decoder training done in epoch 115
2022-09-18 22:42:55 INFO     critic x loss -1073510.817 critic z loss -686.755 encoder loss 1548358.875 decoder loss 747.426

2022-09-18 22:42:55 INFO     Epoch 116
2022-09-18 22:42:56 INFO     Number of samples in train dataset 156907
2022-09-18 22:44:11 INFO     Critic training done in epoch 116
2022-09-18 22:44:34 INFO     Encoder decoder training done in epoch 116
2022-09-18 22:44:34 INFO     critic x loss -1141803.046 critic z loss -705.475 encoder loss 1592397.125 decoder loss 763.030

2022-09-18 22:44:34 INFO     Epoch 117
2022-09-18 22:44:34 INFO     Number of samples in train dataset 156907
2022-09-18 22:45:51 INFO     Critic training done in epoch 117
2022-09-18 22:46:14 INFO     Encoder decoder training done in epoch 117
2022-09-18 22:46:14 INFO     critic x loss -1154547.003 critic z loss -720.555 encoder loss 1622382.250 decoder loss 777.170

2022-09-18 22:46:14 INFO     Epoch 118
2022-09-18 22:46:14 INFO     Number of samples in train dataset 156907
2022-09-18 22:47:29 INFO     Critic training done in epoch 118
2022-09-18 22:47:52 INFO     Encoder decoder training done in epoch 118
2022-09-18 22:47:52 INFO     critic x loss -1168868.172 critic z loss -730.547 encoder loss 1655200.375 decoder loss 792.048

2022-09-18 22:47:52 INFO     Epoch 119
2022-09-18 22:47:53 INFO     Number of samples in train dataset 156907
2022-09-18 22:49:06 INFO     Critic training done in epoch 119
2022-09-18 22:49:29 INFO     Encoder decoder training done in epoch 119
2022-09-18 22:49:29 INFO     critic x loss -1217332.987 critic z loss -744.197 encoder loss 1692529.250 decoder loss 809.104

2022-09-18 22:49:29 INFO     Epoch 120
2022-09-18 22:49:29 INFO     Number of samples in train dataset 156907
2022-09-18 22:50:45 INFO     Critic training done in epoch 120
2022-09-18 22:51:08 INFO     Encoder decoder training done in epoch 120
2022-09-18 22:51:08 INFO     critic x loss -1269838.488 critic z loss -764.842 encoder loss 1737434.125 decoder loss 823.788

2022-09-18 22:51:08 INFO     Epoch 121
2022-09-18 22:51:08 INFO     Number of samples in train dataset 156907
2022-09-18 22:52:27 INFO     Critic training done in epoch 121
2022-09-18 22:52:50 INFO     Encoder decoder training done in epoch 121
2022-09-18 22:52:50 INFO     critic x loss -1283041.259 critic z loss -783.955 encoder loss 1776316.250 decoder loss 839.663

2022-09-18 22:52:50 INFO     Epoch 122
2022-09-18 22:52:50 INFO     Number of samples in train dataset 156907
2022-09-18 22:54:04 INFO     Critic training done in epoch 122
2022-09-18 22:54:27 INFO     Encoder decoder training done in epoch 122
2022-09-18 22:54:27 INFO     critic x loss -1308237.257 critic z loss -790.241 encoder loss 1812184.875 decoder loss 853.048

2022-09-18 22:54:27 INFO     Epoch 123
2022-09-18 22:54:27 INFO     Number of samples in train dataset 156907
2022-09-18 22:55:42 INFO     Critic training done in epoch 123
2022-09-18 22:56:05 INFO     Encoder decoder training done in epoch 123
2022-09-18 22:56:05 INFO     critic x loss -1336633.288 critic z loss -805.357 encoder loss 1853834.625 decoder loss 870.994

2022-09-18 22:56:05 INFO     Epoch 124
2022-09-18 22:56:05 INFO     Number of samples in train dataset 156907
