2022-09-20 22:25:52 INFO     Starting training
2022-09-20 22:25:52 INFO     Epoch 0
2022-09-20 22:25:52 INFO     Number of samples in train dataset 156907
2022-09-20 22:31:32 INFO     Critic training done
2022-09-20 22:33:31 INFO     Encoder decoder training done in epoch 0
2022-09-20 22:33:31 INFO     critic x loss -2.217 critic z loss 0.121 encoder loss 5.657 decoder loss 0.706

2022-09-20 22:33:31 INFO     Epoch 1
2022-09-20 22:33:31 INFO     Number of samples in train dataset 156907
2022-09-20 22:39:19 INFO     Critic training done
2022-09-20 22:41:19 INFO     Encoder decoder training done in epoch 1
2022-09-20 22:41:19 INFO     critic x loss -7.477 critic z loss -0.823 encoder loss 11.414 decoder loss 1.584

2022-09-20 22:41:19 INFO     Epoch 2
2022-09-20 22:41:19 INFO     Number of samples in train dataset 156907
2022-09-20 22:47:08 INFO     Critic training done
2022-09-20 22:49:09 INFO     Encoder decoder training done in epoch 2
2022-09-20 22:49:09 INFO     critic x loss -9.769 critic z loss -1.679 encoder loss 13.543 decoder loss 2.447

2022-09-20 22:49:09 INFO     Epoch 3
2022-09-20 22:49:09 INFO     Number of samples in train dataset 156907
2022-09-20 22:54:58 INFO     Critic training done
2022-09-20 22:56:59 INFO     Encoder decoder training done in epoch 3
2022-09-20 22:56:59 INFO     critic x loss -11.986 critic z loss -2.513 encoder loss 17.115 decoder loss 3.364

2022-09-20 22:56:59 INFO     Epoch 4
2022-09-20 22:56:59 INFO     Number of samples in train dataset 156907
2022-09-20 23:02:48 INFO     Critic training done
2022-09-20 23:04:49 INFO     Encoder decoder training done in epoch 4
2022-09-20 23:04:49 INFO     critic x loss -14.239 critic z loss -3.339 encoder loss 21.318 decoder loss 4.282

2022-09-20 23:04:49 INFO     Epoch 5
2022-09-20 23:04:49 INFO     Number of samples in train dataset 156907
2022-09-20 23:10:38 INFO     Critic training done
2022-09-20 23:12:39 INFO     Encoder decoder training done in epoch 5
2022-09-20 23:12:39 INFO     critic x loss -16.690 critic z loss -4.160 encoder loss 26.100 decoder loss 5.194

2022-09-20 23:12:39 INFO     Epoch 6
2022-09-20 23:12:39 INFO     Number of samples in train dataset 156907
2022-09-20 23:18:33 INFO     Critic training done
2022-09-20 23:20:34 INFO     Encoder decoder training done in epoch 6
2022-09-20 23:20:34 INFO     critic x loss -19.257 critic z loss -4.975 encoder loss 31.329 decoder loss 6.108

2022-09-20 23:20:34 INFO     Epoch 7
2022-09-20 23:20:34 INFO     Number of samples in train dataset 156907
2022-09-20 23:26:23 INFO     Critic training done
2022-09-20 23:28:24 INFO     Encoder decoder training done in epoch 7
2022-09-20 23:28:24 INFO     critic x loss -21.806 critic z loss -5.791 encoder loss 36.853 decoder loss 7.021

2022-09-20 23:28:24 INFO     Epoch 8
2022-09-20 23:28:24 INFO     Number of samples in train dataset 156907
2022-09-20 23:34:14 INFO     Critic training done
2022-09-20 23:36:16 INFO     Encoder decoder training done in epoch 8
2022-09-20 23:36:16 INFO     critic x loss -24.323 critic z loss -6.602 encoder loss 42.665 decoder loss 7.928

2022-09-20 23:36:16 INFO     Epoch 9
2022-09-20 23:36:16 INFO     Number of samples in train dataset 156907
2022-09-20 23:42:06 INFO     Critic training done
2022-09-20 23:44:07 INFO     Encoder decoder training done in epoch 9
2022-09-20 23:44:07 INFO     critic x loss -26.693 critic z loss -7.406 encoder loss 48.683 decoder loss 8.827

2022-09-20 23:44:07 INFO     Epoch 10
2022-09-20 23:44:07 INFO     Number of samples in train dataset 156907
2022-09-20 23:49:56 INFO     Critic training done
2022-09-20 23:51:57 INFO     Encoder decoder training done in epoch 10
2022-09-20 23:51:57 INFO     critic x loss -28.907 critic z loss -8.207 encoder loss 54.888 decoder loss 9.727

2022-09-20 23:51:57 INFO     Epoch 11
2022-09-20 23:51:58 INFO     Number of samples in train dataset 156907
