2022-09-19 19:16:55 INFO     Starting training
2022-09-19 19:16:55 INFO     Epoch 0
2022-09-19 19:16:56 INFO     Number of samples in train dataset 156907
2022-09-19 19:22:35 INFO     Critic training done in epoch 0
2022-09-19 19:24:32 INFO     Encoder decoder training done in epoch 0
2022-09-19 19:24:32 INFO     critic x loss -99.348 critic z loss -3.742 encoder loss 227.414 decoder loss 8.858

2022-09-19 19:24:32 INFO     Epoch 1
2022-09-19 19:24:32 INFO     Number of samples in train dataset 156907
2022-09-19 19:30:21 INFO     Critic training done in epoch 1
2022-09-19 19:32:20 INFO     Encoder decoder training done in epoch 1
2022-09-19 19:32:20 INFO     critic x loss -341.713 critic z loss -11.928 encoder loss 599.261 decoder loss 17.984

2022-09-19 19:32:20 INFO     Epoch 2
2022-09-19 19:32:20 INFO     Number of samples in train dataset 156907
2022-09-19 19:38:12 INFO     Critic training done in epoch 2
2022-09-19 19:40:12 INFO     Encoder decoder training done in epoch 2
2022-09-19 19:40:12 INFO     critic x loss -682.027 critic z loss -20.379 encoder loss 1072.734 decoder loss 27.862

2022-09-19 19:40:12 INFO     Epoch 3
2022-09-19 19:40:12 INFO     Number of samples in train dataset 156907
2022-09-19 19:46:05 INFO     Critic training done in epoch 3
2022-09-19 19:48:05 INFO     Encoder decoder training done in epoch 3
2022-09-19 19:48:05 INFO     critic x loss -1090.840 critic z loss -29.678 encoder loss 1604.482 decoder loss 38.103

2022-09-19 19:48:05 INFO     Epoch 4
2022-09-19 19:48:05 INFO     Number of samples in train dataset 156907
2022-09-19 19:53:58 INFO     Critic training done in epoch 4
2022-09-19 19:55:58 INFO     Encoder decoder training done in epoch 4
2022-09-19 19:55:58 INFO     critic x loss -1491.897 critic z loss -39.034 encoder loss 2151.646 decoder loss 48.381

2022-09-19 19:55:58 INFO     Epoch 5
2022-09-19 19:55:58 INFO     Number of samples in train dataset 156907
2022-09-19 20:01:52 INFO     Critic training done in epoch 5
2022-09-19 20:03:52 INFO     Encoder decoder training done in epoch 5
2022-09-19 20:03:52 INFO     critic x loss -1890.097 critic z loss -48.267 encoder loss 2729.749 decoder loss 58.401

2022-09-19 20:03:52 INFO     Epoch 6
2022-09-19 20:03:52 INFO     Number of samples in train dataset 156907
2022-09-19 20:09:47 INFO     Critic training done in epoch 6
2022-09-19 20:11:47 INFO     Encoder decoder training done in epoch 6
2022-09-19 20:11:47 INFO     critic x loss -2313.294 critic z loss -57.791 encoder loss 3388.028 decoder loss 69.209

2022-09-19 20:11:47 INFO     Epoch 7
2022-09-19 20:11:48 INFO     Number of samples in train dataset 156907
2022-09-19 20:17:43 INFO     Critic training done in epoch 7
2022-09-19 20:19:43 INFO     Encoder decoder training done in epoch 7
2022-09-19 20:19:43 INFO     critic x loss -2739.396 critic z loss -67.627 encoder loss 4027.630 decoder loss 79.481

2022-09-19 20:19:43 INFO     Epoch 8
2022-09-19 20:19:44 INFO     Number of samples in train dataset 156907
2022-09-19 20:25:39 INFO     Critic training done in epoch 8
2022-09-19 20:27:40 INFO     Encoder decoder training done in epoch 8
2022-09-19 20:27:40 INFO     critic x loss -3097.022 critic z loss -76.565 encoder loss 4646.811 decoder loss 88.960

2022-09-19 20:27:40 INFO     Epoch 9
2022-09-19 20:27:40 INFO     Number of samples in train dataset 156907
2022-09-19 20:33:36 INFO     Critic training done in epoch 9
2022-09-19 20:35:36 INFO     Encoder decoder training done in epoch 9
2022-09-19 20:35:36 INFO     critic x loss -3407.267 critic z loss -84.941 encoder loss 5269.472 decoder loss 98.066

2022-09-19 20:35:36 INFO     Epoch 10
2022-09-19 20:35:37 INFO     Number of samples in train dataset 156907
2022-09-19 20:41:33 INFO     Critic training done in epoch 10
2022-09-19 20:43:34 INFO     Encoder decoder training done in epoch 10
2022-09-19 20:43:34 INFO     critic x loss -3691.674 critic z loss -93.344 encoder loss 5903.659 decoder loss 107.348

2022-09-19 20:43:34 INFO     Epoch 11
2022-09-19 20:43:34 INFO     Number of samples in train dataset 156907
2022-09-19 20:49:31 INFO     Critic training done in epoch 11
2022-09-19 20:51:32 INFO     Encoder decoder training done in epoch 11
2022-09-19 20:51:32 INFO     critic x loss -3913.423 critic z loss -101.975 encoder loss 6522.390 decoder loss 116.641

2022-09-19 20:51:32 INFO     Epoch 12
2022-09-19 20:51:32 INFO     Number of samples in train dataset 156907
2022-09-19 20:57:29 INFO     Critic training done in epoch 12
2022-09-19 20:59:30 INFO     Encoder decoder training done in epoch 12
2022-09-19 20:59:30 INFO     critic x loss -4112.336 critic z loss -110.786 encoder loss 7169.181 decoder loss 126.163

2022-09-19 20:59:30 INFO     Epoch 13
2022-09-19 20:59:30 INFO     Number of samples in train dataset 156907
2022-09-19 21:05:28 INFO     Critic training done in epoch 13
2022-09-19 21:07:29 INFO     Encoder decoder training done in epoch 13
2022-09-19 21:07:29 INFO     critic x loss -4321.969 critic z loss -120.154 encoder loss 7854.118 decoder loss 136.570

2022-09-19 21:07:29 INFO     Epoch 14
2022-09-19 21:07:29 INFO     Number of samples in train dataset 156907
2022-09-19 21:13:27 INFO     Critic training done in epoch 14
2022-09-19 21:15:28 INFO     Encoder decoder training done in epoch 14
2022-09-19 21:15:28 INFO     critic x loss -4475.107 critic z loss -129.782 encoder loss 8505.569 decoder loss 146.822

2022-09-19 21:15:28 INFO     Epoch 15
2022-09-19 21:15:28 INFO     Number of samples in train dataset 156907
2022-09-19 21:21:26 INFO     Critic training done in epoch 15
2022-09-19 21:23:27 INFO     Encoder decoder training done in epoch 15
2022-09-19 21:23:27 INFO     critic x loss -4549.232 critic z loss -139.021 encoder loss 9106.015 decoder loss 156.858

2022-09-19 21:23:27 INFO     Epoch 16
2022-09-19 21:23:27 INFO     Number of samples in train dataset 156907
2022-09-19 21:29:26 INFO     Critic training done in epoch 16
2022-09-19 21:31:27 INFO     Encoder decoder training done in epoch 16
2022-09-19 21:31:27 INFO     critic x loss -4610.187 critic z loss -148.215 encoder loss 9787.373 decoder loss 166.762

2022-09-19 21:31:27 INFO     Epoch 17
2022-09-19 21:31:27 INFO     Number of samples in train dataset 156907
2022-09-19 21:37:26 INFO     Critic training done in epoch 17
2022-09-19 21:39:27 INFO     Encoder decoder training done in epoch 17
2022-09-19 21:39:27 INFO     critic x loss -4577.421 critic z loss -156.927 encoder loss 10428.072 decoder loss 176.543

2022-09-19 21:39:27 INFO     Epoch 18
2022-09-19 21:39:27 INFO     Number of samples in train dataset 156907
2022-09-19 21:45:26 INFO     Critic training done in epoch 18
2022-09-19 21:47:27 INFO     Encoder decoder training done in epoch 18
2022-09-19 21:47:27 INFO     critic x loss -4473.097 critic z loss -165.418 encoder loss 11032.760 decoder loss 186.151

2022-09-19 21:47:27 INFO     Epoch 19
2022-09-19 21:47:27 INFO     Number of samples in train dataset 156907
2022-09-19 21:53:26 INFO     Critic training done in epoch 19
2022-09-19 21:55:28 INFO     Encoder decoder training done in epoch 19
2022-09-19 21:55:28 INFO     critic x loss -4447.611 critic z loss -173.868 encoder loss 11810.757 decoder loss 196.163

2022-09-19 21:55:28 INFO     Epoch 20
2022-09-19 21:55:28 INFO     Number of samples in train dataset 156907
2022-09-19 22:01:27 INFO     Critic training done in epoch 20
2022-09-19 22:03:28 INFO     Encoder decoder training done in epoch 20
2022-09-19 22:03:28 INFO     critic x loss -4365.105 critic z loss -182.300 encoder loss 12564.211 decoder loss 205.960

2022-09-19 22:03:28 INFO     Epoch 21
2022-09-19 22:03:28 INFO     Number of samples in train dataset 156907
2022-09-19 22:09:27 INFO     Critic training done in epoch 21
2022-09-19 22:11:29 INFO     Encoder decoder training done in epoch 21
2022-09-19 22:11:29 INFO     critic x loss -4409.630 critic z loss -191.106 encoder loss 13426.424 decoder loss 216.001

2022-09-19 22:11:29 INFO     Epoch 22
2022-09-19 22:11:29 INFO     Number of samples in train dataset 156907
2022-09-19 22:17:29 INFO     Critic training done in epoch 22
2022-09-19 22:19:31 INFO     Encoder decoder training done in epoch 22
2022-09-19 22:19:31 INFO     critic x loss -4467.511 critic z loss -199.843 encoder loss 14351.801 decoder loss 225.624

2022-09-19 22:19:31 INFO     Epoch 23
2022-09-19 22:19:31 INFO     Number of samples in train dataset 156907
2022-09-19 22:25:30 INFO     Critic training done in epoch 23
2022-09-19 22:27:32 INFO     Encoder decoder training done in epoch 23
2022-09-19 22:27:32 INFO     critic x loss -4493.073 critic z loss -208.420 encoder loss 15269.725 decoder loss 234.921

2022-09-19 22:27:32 INFO     Epoch 24
2022-09-19 22:27:32 INFO     Number of samples in train dataset 156907
2022-09-19 22:33:32 INFO     Critic training done in epoch 24
2022-09-19 22:35:34 INFO     Encoder decoder training done in epoch 24
2022-09-19 22:35:34 INFO     critic x loss -4562.214 critic z loss -216.563 encoder loss 16271.648 decoder loss 243.864

2022-09-19 22:35:34 INFO     Epoch 25
2022-09-19 22:35:34 INFO     Number of samples in train dataset 156907
2022-09-19 22:41:35 INFO     Critic training done in epoch 25
2022-09-19 22:43:37 INFO     Encoder decoder training done in epoch 25
2022-09-19 22:43:37 INFO     critic x loss -4563.810 critic z loss -224.474 encoder loss 17236.576 decoder loss 252.835

2022-09-19 22:43:37 INFO     Epoch 26
2022-09-19 22:43:37 INFO     Number of samples in train dataset 156907
2022-09-19 22:49:38 INFO     Critic training done in epoch 26
2022-09-19 22:51:40 INFO     Encoder decoder training done in epoch 26
2022-09-19 22:51:40 INFO     critic x loss -4638.317 critic z loss -232.603 encoder loss 18280.256 decoder loss 261.912

2022-09-19 22:51:40 INFO     Epoch 27
2022-09-19 22:51:40 INFO     Number of samples in train dataset 156907
2022-09-19 22:57:41 INFO     Critic training done in epoch 27
2022-09-19 22:59:43 INFO     Encoder decoder training done in epoch 27
2022-09-19 22:59:43 INFO     critic x loss -4768.322 critic z loss -240.984 encoder loss 19436.283 decoder loss 271.088

2022-09-19 22:59:43 INFO     Epoch 28
2022-09-19 22:59:43 INFO     Number of samples in train dataset 156907
2022-09-19 23:05:44 INFO     Critic training done in epoch 28
2022-09-19 23:07:47 INFO     Encoder decoder training done in epoch 28
2022-09-19 23:07:47 INFO     critic x loss -4815.457 critic z loss -248.966 encoder loss 20553.650 decoder loss 279.831

2022-09-19 23:07:47 INFO     Epoch 29
2022-09-19 23:07:48 INFO     Number of samples in train dataset 156907
2022-09-19 23:13:50 INFO     Critic training done in epoch 29
2022-09-19 23:15:52 INFO     Encoder decoder training done in epoch 29
2022-09-19 23:15:52 INFO     critic x loss -4964.230 critic z loss -257.084 encoder loss 21746.191 decoder loss 288.895

2022-09-19 23:15:52 INFO     Epoch 30
2022-09-19 23:15:52 INFO     Number of samples in train dataset 156907
2022-09-19 23:21:54 INFO     Critic training done in epoch 30
2022-09-19 23:23:56 INFO     Encoder decoder training done in epoch 30
2022-09-19 23:23:56 INFO     critic x loss -4963.935 critic z loss -264.974 encoder loss 23012.660 decoder loss 297.867

2022-09-19 23:23:56 INFO     Epoch 31
2022-09-19 23:23:56 INFO     Number of samples in train dataset 156907
2022-09-19 23:29:58 INFO     Critic training done in epoch 31
2022-09-19 23:32:00 INFO     Encoder decoder training done in epoch 31
2022-09-19 23:32:00 INFO     critic x loss -5132.440 critic z loss -272.958 encoder loss 24351.205 decoder loss 306.533

2022-09-19 23:32:00 INFO     Epoch 32
2022-09-19 23:32:00 INFO     Number of samples in train dataset 156907
2022-09-19 23:38:02 INFO     Critic training done in epoch 32
2022-09-19 23:40:05 INFO     Encoder decoder training done in epoch 32
2022-09-19 23:40:05 INFO     critic x loss -5329.365 critic z loss -280.567 encoder loss 26009.842 decoder loss 315.170

2022-09-19 23:40:05 INFO     Epoch 33
2022-09-19 23:40:05 INFO     Number of samples in train dataset 156907
2022-09-19 23:46:07 INFO     Critic training done in epoch 33
2022-09-19 23:48:10 INFO     Encoder decoder training done in epoch 33
2022-09-19 23:48:10 INFO     critic x loss -5678.358 critic z loss -287.912 encoder loss 27777.502 decoder loss 323.400

2022-09-19 23:48:10 INFO     Epoch 34
2022-09-19 23:48:10 INFO     Number of samples in train dataset 156907
2022-09-19 23:54:12 INFO     Critic training done in epoch 34
2022-09-19 23:56:14 INFO     Encoder decoder training done in epoch 34
2022-09-19 23:56:14 INFO     critic x loss -6386.955 critic z loss -295.500 encoder loss 29929.117 decoder loss 331.573

2022-09-19 23:56:14 INFO     Epoch 35
2022-09-19 23:56:14 INFO     Number of samples in train dataset 156907
2022-09-20 00:02:16 INFO     Critic training done in epoch 35
2022-09-20 00:04:22 INFO     Encoder decoder training done in epoch 35
2022-09-20 00:04:22 INFO     critic x loss -7071.349 critic z loss -302.333 encoder loss 32119.207 decoder loss 339.463

2022-09-20 00:04:22 INFO     Epoch 36
2022-09-20 00:04:22 INFO     Number of samples in train dataset 156907
2022-09-20 00:10:30 INFO     Critic training done in epoch 36
2022-09-20 00:12:32 INFO     Encoder decoder training done in epoch 36
2022-09-20 00:12:32 INFO     critic x loss -8253.199 critic z loss -309.551 encoder loss 34820.512 decoder loss 347.152

2022-09-20 00:12:32 INFO     Epoch 37
2022-09-20 00:12:33 INFO     Number of samples in train dataset 156907
2022-09-20 00:18:40 INFO     Critic training done in epoch 37
2022-09-20 00:20:43 INFO     Encoder decoder training done in epoch 37
2022-09-20 00:20:43 INFO     critic x loss -9373.150 critic z loss -316.727 encoder loss 37548.660 decoder loss 355.045

2022-09-20 00:20:43 INFO     Epoch 38
2022-09-20 00:20:43 INFO     Number of samples in train dataset 156907
2022-09-20 00:26:48 INFO     Critic training done in epoch 38
2022-09-20 00:28:50 INFO     Encoder decoder training done in epoch 38
2022-09-20 00:28:50 INFO     critic x loss -11039.148 critic z loss -323.993 encoder loss 40800.691 decoder loss 363.573

2022-09-20 00:28:50 INFO     Epoch 39
2022-09-20 00:28:51 INFO     Number of samples in train dataset 156907
2022-09-20 00:34:54 INFO     Critic training done in epoch 39
2022-09-20 00:36:56 INFO     Encoder decoder training done in epoch 39
2022-09-20 00:36:56 INFO     critic x loss -12572.246 critic z loss -331.796 encoder loss 44087.762 decoder loss 371.988

2022-09-20 00:36:56 INFO     Epoch 40
2022-09-20 00:36:56 INFO     Number of samples in train dataset 156907
2022-09-20 00:43:08 INFO     Critic training done in epoch 40
2022-09-20 00:45:13 INFO     Encoder decoder training done in epoch 40
2022-09-20 00:45:13 INFO     critic x loss -14505.617 critic z loss -339.530 encoder loss 47644.184 decoder loss 380.615

2022-09-20 00:45:13 INFO     Epoch 41
2022-09-20 00:45:13 INFO     Number of samples in train dataset 156907
2022-09-20 00:51:25 INFO     Critic training done in epoch 41
2022-09-20 00:53:28 INFO     Encoder decoder training done in epoch 41
2022-09-20 00:53:28 INFO     critic x loss -16353.373 critic z loss -347.257 encoder loss 51135.117 decoder loss 389.166

2022-09-20 00:53:28 INFO     Epoch 42
2022-09-20 00:53:28 INFO     Number of samples in train dataset 156907
2022-09-20 00:59:32 INFO     Critic training done in epoch 42
2022-09-20 01:01:34 INFO     Encoder decoder training done in epoch 42
2022-09-20 01:01:34 INFO     critic x loss -18480.594 critic z loss -355.240 encoder loss 55065.805 decoder loss 398.304

2022-09-20 01:01:34 INFO     Epoch 43
2022-09-20 01:01:35 INFO     Number of samples in train dataset 156907
2022-09-20 01:07:37 INFO     Critic training done in epoch 43
2022-09-20 01:09:39 INFO     Encoder decoder training done in epoch 43
2022-09-20 01:09:39 INFO     critic x loss -20302.041 critic z loss -363.364 encoder loss 58358.848 decoder loss 407.212

2022-09-20 01:09:39 INFO     Epoch 44
2022-09-20 01:09:39 INFO     Number of samples in train dataset 156907
2022-09-20 01:15:42 INFO     Critic training done in epoch 44
2022-09-20 01:17:44 INFO     Encoder decoder training done in epoch 44
2022-09-20 01:17:44 INFO     critic x loss -22309.365 critic z loss -371.706 encoder loss 62197.074 decoder loss 416.335

2022-09-20 01:17:44 INFO     Epoch 45
2022-09-20 01:17:45 INFO     Number of samples in train dataset 156907
2022-09-20 01:23:47 INFO     Critic training done in epoch 45
2022-09-20 01:25:49 INFO     Encoder decoder training done in epoch 45
2022-09-20 01:25:49 INFO     critic x loss -24325.379 critic z loss -379.784 encoder loss 65883.953 decoder loss 425.405

2022-09-20 01:25:49 INFO     Epoch 46
2022-09-20 01:25:50 INFO     Number of samples in train dataset 156907
2022-09-20 01:31:52 INFO     Critic training done in epoch 46
2022-09-20 01:33:55 INFO     Encoder decoder training done in epoch 46
2022-09-20 01:33:55 INFO     critic x loss -25876.058 critic z loss -388.023 encoder loss 69430.625 decoder loss 434.617

2022-09-20 01:33:55 INFO     Epoch 47
2022-09-20 01:33:55 INFO     Number of samples in train dataset 156907
2022-09-20 01:39:58 INFO     Critic training done in epoch 47
2022-09-20 01:42:01 INFO     Encoder decoder training done in epoch 47
2022-09-20 01:42:01 INFO     critic x loss -28093.157 critic z loss -396.758 encoder loss 73678.250 decoder loss 444.213

2022-09-20 01:42:01 INFO     Epoch 48
2022-09-20 01:42:01 INFO     Number of samples in train dataset 156907
2022-09-20 01:48:04 INFO     Critic training done in epoch 48
2022-09-20 01:50:07 INFO     Encoder decoder training done in epoch 48
2022-09-20 01:50:07 INFO     critic x loss -29954.478 critic z loss -404.881 encoder loss 77256.844 decoder loss 453.256

2022-09-20 01:50:07 INFO     Epoch 49
2022-09-20 01:50:07 INFO     Number of samples in train dataset 156907
2022-09-20 01:56:11 INFO     Critic training done in epoch 49
2022-09-20 01:58:13 INFO     Encoder decoder training done in epoch 49
2022-09-20 01:58:13 INFO     critic x loss -32222.955 critic z loss -413.518 encoder loss 81553.992 decoder loss 462.550

2022-09-20 01:58:13 INFO     Epoch 50
2022-09-20 01:58:14 INFO     Number of samples in train dataset 156907
2022-09-20 02:04:17 INFO     Critic training done in epoch 50
2022-09-20 02:06:20 INFO     Encoder decoder training done in epoch 50
2022-09-20 02:06:20 INFO     critic x loss -34323.756 critic z loss -421.480 encoder loss 85778.602 decoder loss 471.653

2022-09-20 02:06:20 INFO     Epoch 51
2022-09-20 02:06:20 INFO     Number of samples in train dataset 156907
2022-09-20 02:12:24 INFO     Critic training done in epoch 51
2022-09-20 02:14:26 INFO     Encoder decoder training done in epoch 51
2022-09-20 02:14:26 INFO     critic x loss -36761.599 critic z loss -430.234 encoder loss 90439.188 decoder loss 480.929

2022-09-20 02:14:26 INFO     Epoch 52
2022-09-20 02:14:27 INFO     Number of samples in train dataset 156907
2022-09-20 02:20:30 INFO     Critic training done in epoch 52
2022-09-20 02:22:33 INFO     Encoder decoder training done in epoch 52
2022-09-20 02:22:33 INFO     critic x loss -39372.966 critic z loss -438.829 encoder loss 95070.555 decoder loss 490.710

2022-09-20 02:22:33 INFO     Epoch 53
2022-09-20 02:22:33 INFO     Number of samples in train dataset 156907
2022-09-20 02:28:37 INFO     Critic training done in epoch 53
2022-09-20 02:30:40 INFO     Encoder decoder training done in epoch 53
2022-09-20 02:30:40 INFO     critic x loss -41706.601 critic z loss -447.457 encoder loss 99826.391 decoder loss 499.781

2022-09-20 02:30:40 INFO     Epoch 54
2022-09-20 02:30:40 INFO     Number of samples in train dataset 156907
2022-09-20 02:36:44 INFO     Critic training done in epoch 54
2022-09-20 02:38:47 INFO     Encoder decoder training done in epoch 54
2022-09-20 02:38:47 INFO     critic x loss -44285.112 critic z loss -455.714 encoder loss 104817.586 decoder loss 509.454

2022-09-20 02:38:47 INFO     Epoch 55
2022-09-20 02:38:47 INFO     Number of samples in train dataset 156907
2022-09-20 02:44:51 INFO     Critic training done in epoch 55
2022-09-20 02:46:54 INFO     Encoder decoder training done in epoch 55
2022-09-20 02:46:54 INFO     critic x loss -47070.060 critic z loss -464.378 encoder loss 109846.281 decoder loss 518.674

2022-09-20 02:46:54 INFO     Epoch 56
2022-09-20 02:46:54 INFO     Number of samples in train dataset 156907
2022-09-20 02:52:58 INFO     Critic training done in epoch 56
2022-09-20 02:55:01 INFO     Encoder decoder training done in epoch 56
2022-09-20 02:55:01 INFO     critic x loss -49900.924 critic z loss -472.568 encoder loss 115082.742 decoder loss 527.778

2022-09-20 02:55:01 INFO     Epoch 57
2022-09-20 02:55:01 INFO     Number of samples in train dataset 156907
2022-09-20 03:01:05 INFO     Critic training done in epoch 57
2022-09-20 03:03:08 INFO     Encoder decoder training done in epoch 57
2022-09-20 03:03:08 INFO     critic x loss -53272.009 critic z loss -481.673 encoder loss 120685.406 decoder loss 537.367

2022-09-20 03:03:08 INFO     Epoch 58
2022-09-20 03:03:08 INFO     Number of samples in train dataset 156907
2022-09-20 03:09:12 INFO     Critic training done in epoch 58
2022-09-20 03:11:15 INFO     Encoder decoder training done in epoch 58
2022-09-20 03:11:15 INFO     critic x loss -56135.257 critic z loss -489.651 encoder loss 126433.852 decoder loss 546.385

2022-09-20 03:11:15 INFO     Epoch 59
2022-09-20 03:11:15 INFO     Number of samples in train dataset 156907
2022-09-20 03:17:19 INFO     Critic training done in epoch 59
2022-09-20 03:19:22 INFO     Encoder decoder training done in epoch 59
2022-09-20 03:19:22 INFO     critic x loss -59289.978 critic z loss -498.278 encoder loss 132077.625 decoder loss 555.426

2022-09-20 03:19:22 INFO     Epoch 60
2022-09-20 03:19:22 INFO     Number of samples in train dataset 156907
2022-09-20 03:25:27 INFO     Critic training done in epoch 60
2022-09-20 03:27:30 INFO     Encoder decoder training done in epoch 60
2022-09-20 03:27:30 INFO     critic x loss -62767.802 critic z loss -505.757 encoder loss 138111.141 decoder loss 564.398

2022-09-20 03:27:30 INFO     Epoch 61
2022-09-20 03:27:30 INFO     Number of samples in train dataset 156907
2022-09-20 03:33:36 INFO     Critic training done in epoch 61
2022-09-20 03:35:38 INFO     Encoder decoder training done in epoch 61
2022-09-20 03:35:38 INFO     critic x loss -65725.197 critic z loss -513.610 encoder loss 143463.031 decoder loss 572.886

2022-09-20 03:35:38 INFO     Epoch 62
2022-09-20 03:35:38 INFO     Number of samples in train dataset 156907
2022-09-20 03:41:43 INFO     Critic training done in epoch 62
2022-09-20 03:43:46 INFO     Encoder decoder training done in epoch 62
2022-09-20 03:43:46 INFO     critic x loss -69609.238 critic z loss -522.177 encoder loss 150198.891 decoder loss 582.394

2022-09-20 03:43:46 INFO     Epoch 63
2022-09-20 03:43:46 INFO     Number of samples in train dataset 156907
2022-09-20 03:49:52 INFO     Critic training done in epoch 63
2022-09-20 03:51:55 INFO     Encoder decoder training done in epoch 63
2022-09-20 03:51:55 INFO     critic x loss -72464.156 critic z loss -529.630 encoder loss 155526.359 decoder loss 590.936

2022-09-20 03:51:55 INFO     Epoch 64
2022-09-20 03:51:55 INFO     Number of samples in train dataset 156907
2022-09-20 03:58:00 INFO     Critic training done in epoch 64
2022-09-20 04:00:03 INFO     Encoder decoder training done in epoch 64
2022-09-20 04:00:03 INFO     critic x loss -75887.522 critic z loss -537.913 encoder loss 161745.031 decoder loss 599.707

2022-09-20 04:00:03 INFO     Epoch 65
2022-09-20 04:00:03 INFO     Number of samples in train dataset 156907
2022-09-20 04:06:08 INFO     Critic training done in epoch 65
2022-09-20 04:08:11 INFO     Encoder decoder training done in epoch 65
2022-09-20 04:08:11 INFO     critic x loss -79118.831 critic z loss -544.756 encoder loss 167408.219 decoder loss 607.829

2022-09-20 04:08:11 INFO     Epoch 66
2022-09-20 04:08:11 INFO     Number of samples in train dataset 156907
2022-09-20 04:14:17 INFO     Critic training done in epoch 66
2022-09-20 04:16:20 INFO     Encoder decoder training done in epoch 66
2022-09-20 04:16:20 INFO     critic x loss -81752.095 critic z loss -551.986 encoder loss 173142.656 decoder loss 616.401

2022-09-20 04:16:20 INFO     Epoch 67
2022-09-20 04:16:20 INFO     Number of samples in train dataset 156907
2022-09-20 04:22:25 INFO     Critic training done in epoch 67
2022-09-20 04:24:28 INFO     Encoder decoder training done in epoch 67
2022-09-20 04:24:28 INFO     critic x loss -84578.835 critic z loss -559.446 encoder loss 179397.531 decoder loss 625.020

2022-09-20 04:24:28 INFO     Epoch 68
2022-09-20 04:24:28 INFO     Number of samples in train dataset 156907
2022-09-20 04:30:33 INFO     Critic training done in epoch 68
2022-09-20 04:32:36 INFO     Encoder decoder training done in epoch 68
2022-09-20 04:32:36 INFO     critic x loss -88044.322 critic z loss -566.494 encoder loss 185086.906 decoder loss 632.974

2022-09-20 04:32:36 INFO     Epoch 69
2022-09-20 04:32:36 INFO     Number of samples in train dataset 156907
2022-09-20 04:38:42 INFO     Critic training done in epoch 69
2022-09-20 04:40:45 INFO     Encoder decoder training done in epoch 69
2022-09-20 04:40:45 INFO     critic x loss -90150.103 critic z loss -573.774 encoder loss 190478.328 decoder loss 641.283

2022-09-20 04:40:45 INFO     Epoch 70
2022-09-20 04:40:45 INFO     Number of samples in train dataset 156907
2022-09-20 04:46:51 INFO     Critic training done in epoch 70
2022-09-20 04:48:54 INFO     Encoder decoder training done in epoch 70
2022-09-20 04:48:54 INFO     critic x loss -93664.987 critic z loss -580.611 encoder loss 196290.344 decoder loss 649.273

2022-09-20 04:48:54 INFO     Epoch 71
2022-09-20 04:48:54 INFO     Number of samples in train dataset 156907
2022-09-20 04:54:59 INFO     Critic training done in epoch 71
2022-09-20 04:57:02 INFO     Encoder decoder training done in epoch 71
2022-09-20 04:57:02 INFO     critic x loss -95122.224 critic z loss -587.117 encoder loss 202075.859 decoder loss 656.770

2022-09-20 04:57:02 INFO     Epoch 72
2022-09-20 04:57:03 INFO     Number of samples in train dataset 156907
2022-09-20 05:03:08 INFO     Critic training done in epoch 72
2022-09-20 05:05:12 INFO     Encoder decoder training done in epoch 72
2022-09-20 05:05:12 INFO     critic x loss -99611.049 critic z loss -594.914 encoder loss 208931.047 decoder loss 665.880

2022-09-20 05:05:12 INFO     Epoch 73
2022-09-20 05:05:12 INFO     Number of samples in train dataset 156907
2022-09-20 05:11:18 INFO     Critic training done in epoch 73
2022-09-20 05:13:21 INFO     Encoder decoder training done in epoch 73
2022-09-20 05:13:21 INFO     critic x loss -102471.501 critic z loss -601.528 encoder loss 214666.391 decoder loss 673.965

2022-09-20 05:13:21 INFO     Epoch 74
2022-09-20 05:13:21 INFO     Number of samples in train dataset 156907
2022-09-20 05:19:27 INFO     Critic training done in epoch 74
2022-09-20 05:21:30 INFO     Encoder decoder training done in epoch 74
2022-09-20 05:21:30 INFO     critic x loss -104718.071 critic z loss -608.573 encoder loss 220982.375 decoder loss 681.983

2022-09-20 05:21:30 INFO     Epoch 75
2022-09-20 05:21:31 INFO     Number of samples in train dataset 156907
2022-09-20 05:27:36 INFO     Critic training done in epoch 75
2022-09-20 05:29:39 INFO     Encoder decoder training done in epoch 75
2022-09-20 05:29:39 INFO     critic x loss -108259.513 critic z loss -615.652 encoder loss 227412.656 decoder loss 690.025

2022-09-20 05:29:39 INFO     Epoch 76
2022-09-20 05:29:39 INFO     Number of samples in train dataset 156907
2022-09-20 05:35:46 INFO     Critic training done in epoch 76
2022-09-20 05:37:49 INFO     Encoder decoder training done in epoch 76
2022-09-20 05:37:49 INFO     critic x loss -111583.825 critic z loss -623.078 encoder loss 233521.812 decoder loss 698.312

2022-09-20 05:37:49 INFO     Epoch 77
2022-09-20 05:37:49 INFO     Number of samples in train dataset 156907
2022-09-20 05:43:55 INFO     Critic training done in epoch 77
2022-09-20 05:45:59 INFO     Encoder decoder training done in epoch 77
2022-09-20 05:45:59 INFO     critic x loss -114554.973 critic z loss -630.190 encoder loss 239973.250 decoder loss 706.759

2022-09-20 05:45:59 INFO     Epoch 78
2022-09-20 05:45:59 INFO     Number of samples in train dataset 156907
2022-09-20 05:52:05 INFO     Critic training done in epoch 78
2022-09-20 05:54:08 INFO     Encoder decoder training done in epoch 78
2022-09-20 05:54:08 INFO     critic x loss -117025.103 critic z loss -637.191 encoder loss 246915.766 decoder loss 715.153

2022-09-20 05:54:08 INFO     Epoch 79
2022-09-20 05:54:08 INFO     Number of samples in train dataset 156907
2022-09-20 06:00:14 INFO     Critic training done in epoch 79
2022-09-20 06:02:18 INFO     Encoder decoder training done in epoch 79
2022-09-20 06:02:18 INFO     critic x loss -120101.984 critic z loss -645.161 encoder loss 253044.688 decoder loss 723.423

2022-09-20 06:02:18 INFO     Epoch 80
2022-09-20 06:02:18 INFO     Number of samples in train dataset 156907
2022-09-20 06:08:24 INFO     Critic training done in epoch 80
2022-09-20 06:10:27 INFO     Encoder decoder training done in epoch 80
2022-09-20 06:10:27 INFO     critic x loss -123954.923 critic z loss -652.572 encoder loss 260703.562 decoder loss 731.948

2022-09-20 06:10:27 INFO     Epoch 81
2022-09-20 06:10:27 INFO     Number of samples in train dataset 156907
2022-09-20 06:16:34 INFO     Critic training done in epoch 81
2022-09-20 06:18:37 INFO     Encoder decoder training done in epoch 81
2022-09-20 06:18:37 INFO     critic x loss -127271.383 critic z loss -660.011 encoder loss 268104.062 decoder loss 741.364

2022-09-20 06:18:37 INFO     Epoch 82
2022-09-20 06:18:38 INFO     Number of samples in train dataset 156907
2022-09-20 06:24:44 INFO     Critic training done in epoch 82
2022-09-20 06:26:47 INFO     Encoder decoder training done in epoch 82
2022-09-20 06:26:47 INFO     critic x loss -130904.555 critic z loss -667.404 encoder loss 275358.219 decoder loss 749.095

2022-09-20 06:26:47 INFO     Epoch 83
2022-09-20 06:26:47 INFO     Number of samples in train dataset 156907
2022-09-20 06:32:54 INFO     Critic training done in epoch 83
2022-09-20 06:34:58 INFO     Encoder decoder training done in epoch 83
2022-09-20 06:34:58 INFO     critic x loss -134335.291 critic z loss -674.525 encoder loss 282138.562 decoder loss 757.142

2022-09-20 06:34:58 INFO     Epoch 84
2022-09-20 06:34:58 INFO     Number of samples in train dataset 156907
2022-09-20 06:41:04 INFO     Critic training done in epoch 84
2022-09-20 06:43:07 INFO     Encoder decoder training done in epoch 84
2022-09-20 06:43:07 INFO     critic x loss -138322.958 critic z loss -681.836 encoder loss 290458.094 decoder loss 765.602

2022-09-20 06:43:07 INFO     Epoch 85
2022-09-20 06:43:07 INFO     Number of samples in train dataset 156907
2022-09-20 06:49:14 INFO     Critic training done in epoch 85
2022-09-20 06:51:18 INFO     Encoder decoder training done in epoch 85
2022-09-20 06:51:18 INFO     critic x loss -142134.870 critic z loss -690.398 encoder loss 298354.938 decoder loss 774.446

2022-09-20 06:51:18 INFO     Epoch 86
2022-09-20 06:51:18 INFO     Number of samples in train dataset 156907
2022-09-20 06:57:25 INFO     Critic training done in epoch 86
2022-09-20 06:59:28 INFO     Encoder decoder training done in epoch 86
2022-09-20 06:59:28 INFO     critic x loss -145815.622 critic z loss -698.230 encoder loss 306149.938 decoder loss 783.024

2022-09-20 06:59:28 INFO     Epoch 87
2022-09-20 06:59:28 INFO     Number of samples in train dataset 156907
2022-09-20 07:05:35 INFO     Critic training done in epoch 87
2022-09-20 07:07:39 INFO     Encoder decoder training done in epoch 87
2022-09-20 07:07:39 INFO     critic x loss -150437.494 critic z loss -706.026 encoder loss 314884.000 decoder loss 792.002

2022-09-20 07:07:39 INFO     Epoch 88
2022-09-20 07:07:39 INFO     Number of samples in train dataset 156907
2022-09-20 07:13:46 INFO     Critic training done in epoch 88
2022-09-20 07:15:49 INFO     Encoder decoder training done in epoch 88
2022-09-20 07:15:49 INFO     critic x loss -154216.825 critic z loss -713.112 encoder loss 323185.875 decoder loss 800.566

2022-09-20 07:15:49 INFO     Epoch 89
2022-09-20 07:15:49 INFO     Number of samples in train dataset 156907
2022-09-20 07:21:56 INFO     Critic training done in epoch 89
2022-09-20 07:23:59 INFO     Encoder decoder training done in epoch 89
2022-09-20 07:23:59 INFO     critic x loss -158852.846 critic z loss -720.977 encoder loss 331479.281 decoder loss 809.217

2022-09-20 07:23:59 INFO     Epoch 90
2022-09-20 07:24:00 INFO     Number of samples in train dataset 156907
2022-09-20 07:30:07 INFO     Critic training done in epoch 90
2022-09-20 07:32:11 INFO     Encoder decoder training done in epoch 90
2022-09-20 07:32:11 INFO     critic x loss -163936.599 critic z loss -728.365 encoder loss 340763.250 decoder loss 818.081

2022-09-20 07:32:11 INFO     Epoch 91
2022-09-20 07:32:11 INFO     Number of samples in train dataset 156907
2022-09-20 07:38:18 INFO     Critic training done in epoch 91
2022-09-20 07:40:21 INFO     Encoder decoder training done in epoch 91
2022-09-20 07:40:21 INFO     critic x loss -167698.377 critic z loss -736.091 encoder loss 349808.656 decoder loss 826.409

2022-09-20 07:40:21 INFO     Epoch 92
2022-09-20 07:40:22 INFO     Number of samples in train dataset 156907
2022-09-20 07:46:29 INFO     Critic training done in epoch 92
2022-09-20 07:48:32 INFO     Encoder decoder training done in epoch 92
2022-09-20 07:48:32 INFO     critic x loss -172908.766 critic z loss -743.751 encoder loss 359808.938 decoder loss 834.803

2022-09-20 07:48:32 INFO     Epoch 93
2022-09-20 07:48:33 INFO     Number of samples in train dataset 156907
2022-09-20 07:54:40 INFO     Critic training done in epoch 93
2022-09-20 07:56:43 INFO     Encoder decoder training done in epoch 93
2022-09-20 07:56:43 INFO     critic x loss -178994.741 critic z loss -752.400 encoder loss 369952.844 decoder loss 844.240

2022-09-20 07:56:43 INFO     Epoch 94
2022-09-20 07:56:44 INFO     Number of samples in train dataset 156907
2022-09-20 08:02:52 INFO     Critic training done in epoch 94
2022-09-20 08:04:55 INFO     Encoder decoder training done in epoch 94
2022-09-20 08:04:55 INFO     critic x loss -184210.737 critic z loss -759.424 encoder loss 378847.562 decoder loss 852.733

2022-09-20 08:04:55 INFO     Epoch 95
2022-09-20 08:04:55 INFO     Number of samples in train dataset 156907
2022-09-20 08:11:03 INFO     Critic training done in epoch 95
2022-09-20 08:13:07 INFO     Encoder decoder training done in epoch 95
2022-09-20 08:13:07 INFO     critic x loss -187000.641 critic z loss -767.543 encoder loss 387062.219 decoder loss 861.657

2022-09-20 08:13:07 INFO     Epoch 96
2022-09-20 08:13:07 INFO     Number of samples in train dataset 156907
2022-09-20 08:19:15 INFO     Critic training done in epoch 96
2022-09-20 08:21:18 INFO     Encoder decoder training done in epoch 96
2022-09-20 08:21:18 INFO     critic x loss -192389.852 critic z loss -775.245 encoder loss 395636.250 decoder loss 870.593

2022-09-20 08:21:18 INFO     Epoch 97
2022-09-20 08:21:18 INFO     Number of samples in train dataset 156907
2022-09-20 08:27:26 INFO     Critic training done in epoch 97
2022-09-20 08:29:30 INFO     Encoder decoder training done in epoch 97
2022-09-20 08:29:30 INFO     critic x loss -197475.593 critic z loss -783.873 encoder loss 404157.250 decoder loss 879.371

2022-09-20 08:29:30 INFO     Epoch 98
2022-09-20 08:29:30 INFO     Number of samples in train dataset 156907
2022-09-20 08:35:37 INFO     Critic training done in epoch 98
2022-09-20 08:37:41 INFO     Encoder decoder training done in epoch 98
2022-09-20 08:37:41 INFO     critic x loss -202980.898 critic z loss -791.262 encoder loss 413348.844 decoder loss 888.765

2022-09-20 08:37:41 INFO     Epoch 99
2022-09-20 08:37:41 INFO     Number of samples in train dataset 156907
2022-09-20 08:43:48 INFO     Critic training done in epoch 99
2022-09-20 08:45:52 INFO     Encoder decoder training done in epoch 99
2022-09-20 08:45:52 INFO     critic x loss -207321.696 critic z loss -800.078 encoder loss 421504.781 decoder loss 897.867

2022-09-20 08:45:52 INFO     Epoch 100
2022-09-20 08:45:52 INFO     Number of samples in train dataset 156907
2022-09-20 08:52:00 INFO     Critic training done in epoch 100
2022-09-20 08:54:04 INFO     Encoder decoder training done in epoch 100
2022-09-20 08:54:04 INFO     critic x loss -212999.802 critic z loss -807.477 encoder loss 431359.875 decoder loss 906.328

2022-09-20 08:54:04 INFO     Epoch 101
2022-09-20 08:54:04 INFO     Number of samples in train dataset 156907
2022-09-20 09:00:12 INFO     Critic training done in epoch 101
2022-09-20 09:02:15 INFO     Encoder decoder training done in epoch 101
2022-09-20 09:02:15 INFO     critic x loss -218295.615 critic z loss -815.326 encoder loss 441460.094 decoder loss 915.243

2022-09-20 09:02:15 INFO     Epoch 102
2022-09-20 09:02:16 INFO     Number of samples in train dataset 156907
2022-09-20 09:08:24 INFO     Critic training done in epoch 102
2022-09-20 09:10:28 INFO     Encoder decoder training done in epoch 102
2022-09-20 09:10:28 INFO     critic x loss -222464.499 critic z loss -822.590 encoder loss 448638.594 decoder loss 922.848

2022-09-20 09:10:28 INFO     Epoch 103
2022-09-20 09:10:28 INFO     Number of samples in train dataset 156907
2022-09-20 09:16:35 INFO     Critic training done in epoch 103
2022-09-20 09:18:39 INFO     Encoder decoder training done in epoch 103
2022-09-20 09:18:39 INFO     critic x loss -228326.413 critic z loss -829.532 encoder loss 458151.344 decoder loss 930.744

2022-09-20 09:18:39 INFO     Epoch 104
2022-09-20 09:18:39 INFO     Number of samples in train dataset 156907
2022-09-20 09:24:45 INFO     Critic training done in epoch 104
2022-09-20 09:26:48 INFO     Encoder decoder training done in epoch 104
2022-09-20 09:26:48 INFO     critic x loss -233551.066 critic z loss -837.652 encoder loss 468235.031 decoder loss 939.732

2022-09-20 09:26:48 INFO     Epoch 105
2022-09-20 09:26:48 INFO     Number of samples in train dataset 156907
2022-09-20 09:32:56 INFO     Critic training done in epoch 105
2022-09-20 09:34:59 INFO     Encoder decoder training done in epoch 105
2022-09-20 09:34:59 INFO     critic x loss -238244.791 critic z loss -845.061 encoder loss 476154.281 decoder loss 948.060

2022-09-20 09:34:59 INFO     Epoch 106
2022-09-20 09:34:59 INFO     Number of samples in train dataset 156907
2022-09-20 09:41:06 INFO     Critic training done in epoch 106
2022-09-20 09:43:10 INFO     Encoder decoder training done in epoch 106
2022-09-20 09:43:10 INFO     critic x loss -244580.903 critic z loss -852.083 encoder loss 487018.281 decoder loss 956.592

2022-09-20 09:43:10 INFO     Epoch 107
2022-09-20 09:43:10 INFO     Number of samples in train dataset 156907
2022-09-20 09:49:18 INFO     Critic training done in epoch 107
2022-09-20 09:51:21 INFO     Encoder decoder training done in epoch 107
2022-09-20 09:51:21 INFO     critic x loss -249560.670 critic z loss -860.473 encoder loss 497536.781 decoder loss 965.535

2022-09-20 09:51:21 INFO     Epoch 108
2022-09-20 09:51:21 INFO     Number of samples in train dataset 156907
2022-09-20 09:57:28 INFO     Critic training done in epoch 108
2022-09-20 09:59:32 INFO     Encoder decoder training done in epoch 108
2022-09-20 09:59:32 INFO     critic x loss -256122.763 critic z loss -867.850 encoder loss 506043.594 decoder loss 974.371

2022-09-20 09:59:32 INFO     Epoch 109
2022-09-20 09:59:32 INFO     Number of samples in train dataset 156907
2022-09-20 10:05:39 INFO     Critic training done in epoch 109
2022-09-20 10:07:42 INFO     Encoder decoder training done in epoch 109
2022-09-20 10:07:42 INFO     critic x loss -262201.238 critic z loss -875.678 encoder loss 517112.750 decoder loss 982.703

2022-09-20 10:07:42 INFO     Epoch 110
2022-09-20 10:07:43 INFO     Number of samples in train dataset 156907
2022-09-20 10:13:50 INFO     Critic training done in epoch 110
2022-09-20 10:15:53 INFO     Encoder decoder training done in epoch 110
2022-09-20 10:15:53 INFO     critic x loss -268940.689 critic z loss -882.890 encoder loss 527301.188 decoder loss 990.958

2022-09-20 10:15:53 INFO     Epoch 111
2022-09-20 10:15:53 INFO     Number of samples in train dataset 156907
2022-09-20 10:22:00 INFO     Critic training done in epoch 111
2022-09-20 10:24:04 INFO     Encoder decoder training done in epoch 111
2022-09-20 10:24:04 INFO     critic x loss -274002.237 critic z loss -890.250 encoder loss 537866.562 decoder loss 999.603

2022-09-20 10:24:04 INFO     Epoch 112
2022-09-20 10:24:04 INFO     Number of samples in train dataset 156907
2022-09-20 10:30:11 INFO     Critic training done in epoch 112
2022-09-20 10:32:14 INFO     Encoder decoder training done in epoch 112
2022-09-20 10:32:14 INFO     critic x loss -281418.048 critic z loss -898.422 encoder loss 547553.438 decoder loss 1008.687

2022-09-20 10:32:14 INFO     Epoch 113
2022-09-20 10:32:15 INFO     Number of samples in train dataset 156907
2022-09-20 10:38:21 INFO     Critic training done in epoch 113
2022-09-20 10:40:25 INFO     Encoder decoder training done in epoch 113
2022-09-20 10:40:25 INFO     critic x loss -285372.341 critic z loss -906.094 encoder loss 557348.375 decoder loss 1017.399

2022-09-20 10:40:25 INFO     Epoch 114
2022-09-20 10:40:25 INFO     Number of samples in train dataset 156907
2022-09-20 10:46:32 INFO     Critic training done in epoch 114
2022-09-20 10:48:35 INFO     Encoder decoder training done in epoch 114
2022-09-20 10:48:35 INFO     critic x loss -293187.529 critic z loss -914.316 encoder loss 567971.688 decoder loss 1025.971

2022-09-20 10:48:35 INFO     Epoch 115
2022-09-20 10:48:36 INFO     Number of samples in train dataset 156907
2022-09-20 10:54:43 INFO     Critic training done in epoch 115
2022-09-20 10:56:46 INFO     Encoder decoder training done in epoch 115
2022-09-20 10:56:46 INFO     critic x loss -299074.427 critic z loss -921.850 encoder loss 579451.312 decoder loss 1034.459

2022-09-20 10:56:46 INFO     Epoch 116
2022-09-20 10:56:46 INFO     Number of samples in train dataset 156907
2022-09-20 11:02:54 INFO     Critic training done in epoch 116
2022-09-20 11:04:57 INFO     Encoder decoder training done in epoch 116
2022-09-20 11:04:57 INFO     critic x loss -304801.124 critic z loss -929.071 encoder loss 588407.625 decoder loss 1043.390

2022-09-20 11:04:57 INFO     Epoch 117
2022-09-20 11:04:57 INFO     Number of samples in train dataset 156907
2022-09-20 11:11:05 INFO     Critic training done in epoch 117
2022-09-20 11:13:08 INFO     Encoder decoder training done in epoch 117
2022-09-20 11:13:08 INFO     critic x loss -311100.576 critic z loss -937.098 encoder loss 599713.750 decoder loss 1051.289

2022-09-20 11:13:08 INFO     Epoch 118
2022-09-20 11:13:08 INFO     Number of samples in train dataset 156907
2022-09-20 11:19:15 INFO     Critic training done in epoch 118
2022-09-20 11:21:19 INFO     Encoder decoder training done in epoch 118
2022-09-20 11:21:19 INFO     critic x loss -316841.094 critic z loss -944.030 encoder loss 609289.562 decoder loss 1060.529

2022-09-20 11:21:19 INFO     Epoch 119
2022-09-20 11:21:19 INFO     Number of samples in train dataset 156907
2022-09-20 11:27:26 INFO     Critic training done in epoch 119
2022-09-20 11:29:29 INFO     Encoder decoder training done in epoch 119
2022-09-20 11:29:29 INFO     critic x loss -324713.473 critic z loss -951.420 encoder loss 623884.562 decoder loss 1068.686

2022-09-20 11:29:29 INFO     Epoch 120
2022-09-20 11:29:30 INFO     Number of samples in train dataset 156907
2022-09-20 11:35:37 INFO     Critic training done in epoch 120
2022-09-20 11:37:40 INFO     Encoder decoder training done in epoch 120
2022-09-20 11:37:40 INFO     critic x loss -332613.334 critic z loss -959.889 encoder loss 634359.250 decoder loss 1077.906

2022-09-20 11:37:40 INFO     Epoch 121
2022-09-20 11:37:41 INFO     Number of samples in train dataset 156907
2022-09-20 11:43:48 INFO     Critic training done in epoch 121
2022-09-20 11:45:51 INFO     Encoder decoder training done in epoch 121
2022-09-20 11:45:51 INFO     critic x loss -340038.388 critic z loss -968.019 encoder loss 646163.000 decoder loss 1087.116

2022-09-20 11:45:51 INFO     Epoch 122
2022-09-20 11:45:51 INFO     Number of samples in train dataset 156907
2022-09-20 11:51:58 INFO     Critic training done in epoch 122
2022-09-20 11:54:02 INFO     Encoder decoder training done in epoch 122
2022-09-20 11:54:02 INFO     critic x loss -345752.679 critic z loss -974.971 encoder loss 654957.312 decoder loss 1095.184

2022-09-20 11:54:02 INFO     Epoch 123
2022-09-20 11:54:02 INFO     Number of samples in train dataset 156907
2022-09-20 12:00:10 INFO     Critic training done in epoch 123
2022-09-20 12:02:13 INFO     Encoder decoder training done in epoch 123
2022-09-20 12:02:13 INFO     critic x loss -351248.089 critic z loss -983.049 encoder loss 668669.500 decoder loss 1104.180

2022-09-20 12:02:13 INFO     Epoch 124
2022-09-20 12:02:13 INFO     Number of samples in train dataset 156907
2022-09-20 12:08:21 INFO     Critic training done in epoch 124
2022-09-20 12:10:24 INFO     Encoder decoder training done in epoch 124
2022-09-20 12:10:24 INFO     critic x loss -357756.958 critic z loss -990.115 encoder loss 679498.500 decoder loss 1111.929

2022-09-20 12:10:24 INFO     Epoch 125
2022-09-20 12:10:24 INFO     Number of samples in train dataset 156907
2022-09-20 12:16:32 INFO     Critic training done in epoch 125
2022-09-20 12:18:35 INFO     Encoder decoder training done in epoch 125
2022-09-20 12:18:35 INFO     critic x loss -366305.481 critic z loss -998.038 encoder loss 691478.188 decoder loss 1121.010

2022-09-20 12:18:35 INFO     Epoch 126
2022-09-20 12:18:35 INFO     Number of samples in train dataset 156907
2022-09-20 12:24:43 INFO     Critic training done in epoch 126
2022-09-20 12:26:46 INFO     Encoder decoder training done in epoch 126
2022-09-20 12:26:46 INFO     critic x loss -373756.184 critic z loss -1006.684 encoder loss 701974.438 decoder loss 1130.286

2022-09-20 12:26:46 INFO     Epoch 127
2022-09-20 12:26:46 INFO     Number of samples in train dataset 156907
2022-09-20 12:32:54 INFO     Critic training done in epoch 127
2022-09-20 12:34:57 INFO     Encoder decoder training done in epoch 127
2022-09-20 12:34:57 INFO     critic x loss -381074.431 critic z loss -1013.086 encoder loss 714542.438 decoder loss 1138.128

2022-09-20 12:34:57 INFO     Epoch 128
2022-09-20 12:34:58 INFO     Number of samples in train dataset 156907
2022-09-20 12:41:05 INFO     Critic training done in epoch 128
2022-09-20 12:43:09 INFO     Encoder decoder training done in epoch 128
2022-09-20 12:43:09 INFO     critic x loss -387018.095 critic z loss -1021.241 encoder loss 726969.188 decoder loss 1146.878

2022-09-20 12:43:09 INFO     Epoch 129
2022-09-20 12:43:09 INFO     Number of samples in train dataset 156907
2022-09-20 12:49:17 INFO     Critic training done in epoch 129
2022-09-20 12:51:20 INFO     Encoder decoder training done in epoch 129
2022-09-20 12:51:20 INFO     critic x loss -394061.153 critic z loss -1029.080 encoder loss 737546.875 decoder loss 1155.887

2022-09-20 12:51:20 INFO     Epoch 130
2022-09-20 12:51:20 INFO     Number of samples in train dataset 156907
2022-09-20 12:57:27 INFO     Critic training done in epoch 130
2022-09-20 12:59:31 INFO     Encoder decoder training done in epoch 130
2022-09-20 12:59:31 INFO     critic x loss -403243.601 critic z loss -1036.384 encoder loss 751135.812 decoder loss 1164.558

2022-09-20 12:59:31 INFO     Epoch 131
2022-09-20 12:59:31 INFO     Number of samples in train dataset 156907
2022-09-20 13:05:39 INFO     Critic training done in epoch 131
2022-09-20 13:07:42 INFO     Encoder decoder training done in epoch 131
2022-09-20 13:07:42 INFO     critic x loss -409125.023 critic z loss -1043.638 encoder loss 761934.500 decoder loss 1173.311

2022-09-20 13:07:42 INFO     Epoch 132
2022-09-20 13:07:42 INFO     Number of samples in train dataset 156907
2022-09-20 13:13:50 INFO     Critic training done in epoch 132
2022-09-20 13:15:54 INFO     Encoder decoder training done in epoch 132
2022-09-20 13:15:54 INFO     critic x loss -416447.360 critic z loss -1051.693 encoder loss 774952.312 decoder loss 1182.031

2022-09-20 13:15:54 INFO     Epoch 133
2022-09-20 13:15:54 INFO     Number of samples in train dataset 156907
2022-09-20 13:22:02 INFO     Critic training done in epoch 133
2022-09-20 13:24:05 INFO     Encoder decoder training done in epoch 133
2022-09-20 13:24:05 INFO     critic x loss -425846.670 critic z loss -1058.724 encoder loss 786407.500 decoder loss 1189.958

2022-09-20 13:24:05 INFO     Epoch 134
2022-09-20 13:24:05 INFO     Number of samples in train dataset 156907
2022-09-20 13:30:13 INFO     Critic training done in epoch 134
2022-09-20 13:32:16 INFO     Encoder decoder training done in epoch 134
2022-09-20 13:32:16 INFO     critic x loss -429859.230 critic z loss -1066.278 encoder loss 798291.812 decoder loss 1198.112

2022-09-20 13:32:16 INFO     Epoch 135
2022-09-20 13:32:16 INFO     Number of samples in train dataset 156907
2022-09-20 13:38:24 INFO     Critic training done in epoch 135
2022-09-20 13:40:27 INFO     Encoder decoder training done in epoch 135
2022-09-20 13:40:27 INFO     critic x loss -438931.907 critic z loss -1073.862 encoder loss 809613.312 decoder loss 1207.651

2022-09-20 13:40:27 INFO     Epoch 136
2022-09-20 13:40:28 INFO     Number of samples in train dataset 156907
2022-09-20 13:46:36 INFO     Critic training done in epoch 136
2022-09-20 13:48:39 INFO     Encoder decoder training done in epoch 136
2022-09-20 13:48:39 INFO     critic x loss -443175.936 critic z loss -1081.751 encoder loss 821819.625 decoder loss 1216.786

2022-09-20 13:48:39 INFO     Epoch 137
2022-09-20 13:48:39 INFO     Number of samples in train dataset 156907
2022-09-20 13:54:48 INFO     Critic training done in epoch 137
2022-09-20 13:56:50 INFO     Encoder decoder training done in epoch 137
2022-09-20 13:56:50 INFO     critic x loss -452877.854 critic z loss -1088.822 encoder loss 836249.375 decoder loss 1224.637

2022-09-20 13:56:50 INFO     Epoch 138
2022-09-20 13:56:50 INFO     Number of samples in train dataset 156907
2022-09-20 14:02:59 INFO     Critic training done in epoch 138
2022-09-20 14:05:02 INFO     Encoder decoder training done in epoch 138
2022-09-20 14:05:02 INFO     critic x loss -462957.849 critic z loss -1097.274 encoder loss 849906.188 decoder loss 1233.075

2022-09-20 14:05:02 INFO     Epoch 139
2022-09-20 14:05:02 INFO     Number of samples in train dataset 156907
2022-09-20 14:11:11 INFO     Critic training done in epoch 139
2022-09-20 14:13:14 INFO     Encoder decoder training done in epoch 139
2022-09-20 14:13:14 INFO     critic x loss -467884.177 critic z loss -1102.731 encoder loss 859397.188 decoder loss 1240.703

2022-09-20 14:13:14 INFO     Epoch 140
2022-09-20 14:13:14 INFO     Number of samples in train dataset 156907
2022-09-20 14:19:22 INFO     Critic training done in epoch 140
2022-09-20 14:21:25 INFO     Encoder decoder training done in epoch 140
2022-09-20 14:21:25 INFO     critic x loss -477219.622 critic z loss -1111.121 encoder loss 873652.438 decoder loss 1249.541

2022-09-20 14:21:25 INFO     Epoch 141
2022-09-20 14:21:26 INFO     Number of samples in train dataset 156907
2022-09-20 14:27:35 INFO     Critic training done in epoch 141
2022-09-20 14:29:38 INFO     Encoder decoder training done in epoch 141
2022-09-20 14:29:38 INFO     critic x loss -485129.575 critic z loss -1118.739 encoder loss 886512.250 decoder loss 1258.092

2022-09-20 14:29:38 INFO     Epoch 142
2022-09-20 14:29:38 INFO     Number of samples in train dataset 156907
2022-09-20 14:35:46 INFO     Critic training done in epoch 142
2022-09-20 14:37:49 INFO     Encoder decoder training done in epoch 142
2022-09-20 14:37:49 INFO     critic x loss -494563.979 critic z loss -1125.141 encoder loss 901833.312 decoder loss 1266.042

2022-09-20 14:37:49 INFO     Epoch 143
2022-09-20 14:37:49 INFO     Number of samples in train dataset 156907
2022-09-20 14:43:58 INFO     Critic training done in epoch 143
2022-09-20 14:46:01 INFO     Encoder decoder training done in epoch 143
2022-09-20 14:46:01 INFO     critic x loss -501366.440 critic z loss -1132.647 encoder loss 912887.812 decoder loss 1274.428

2022-09-20 14:46:01 INFO     Epoch 144
2022-09-20 14:46:01 INFO     Number of samples in train dataset 156907
2022-09-20 14:52:10 INFO     Critic training done in epoch 144
2022-09-20 14:54:13 INFO     Encoder decoder training done in epoch 144
2022-09-20 14:54:13 INFO     critic x loss -506725.299 critic z loss -1140.040 encoder loss 925857.625 decoder loss 1282.988

2022-09-20 14:54:13 INFO     Epoch 145
2022-09-20 14:54:13 INFO     Number of samples in train dataset 156907
2022-09-20 15:00:22 INFO     Critic training done in epoch 145
2022-09-20 15:02:25 INFO     Encoder decoder training done in epoch 145
2022-09-20 15:02:25 INFO     critic x loss -514806.329 critic z loss -1147.618 encoder loss 939119.750 decoder loss 1292.773

2022-09-20 15:02:25 INFO     Epoch 146
2022-09-20 15:02:25 INFO     Number of samples in train dataset 156907
2022-09-20 15:08:34 INFO     Critic training done in epoch 146
2022-09-20 15:10:37 INFO     Encoder decoder training done in epoch 146
2022-09-20 15:10:37 INFO     critic x loss -523735.240 critic z loss -1153.589 encoder loss 950872.750 decoder loss 1300.227

2022-09-20 15:10:37 INFO     Epoch 147
2022-09-20 15:10:37 INFO     Number of samples in train dataset 156907
2022-09-20 15:16:46 INFO     Critic training done in epoch 147
2022-09-20 15:18:49 INFO     Encoder decoder training done in epoch 147
2022-09-20 15:18:49 INFO     critic x loss -530027.368 critic z loss -1162.327 encoder loss 964017.625 decoder loss 1308.268

2022-09-20 15:18:49 INFO     Epoch 148
2022-09-20 15:18:49 INFO     Number of samples in train dataset 156907
2022-09-20 15:24:59 INFO     Critic training done in epoch 148
2022-09-20 15:27:01 INFO     Encoder decoder training done in epoch 148
2022-09-20 15:27:01 INFO     critic x loss -538210.032 critic z loss -1168.996 encoder loss 977915.062 decoder loss 1316.952

2022-09-20 15:27:01 INFO     Epoch 149
2022-09-20 15:27:01 INFO     Number of samples in train dataset 156907
2022-09-20 15:33:11 INFO     Critic training done in epoch 149
2022-09-20 15:35:14 INFO     Encoder decoder training done in epoch 149
2022-09-20 15:35:14 INFO     critic x loss -544886.217 critic z loss -1176.522 encoder loss 991364.062 decoder loss 1324.974

2022-09-20 15:35:14 INFO     Epoch 150
2022-09-20 15:35:14 INFO     Number of samples in train dataset 156907
2022-09-20 15:41:23 INFO     Critic training done in epoch 150
2022-09-20 15:43:26 INFO     Encoder decoder training done in epoch 150
2022-09-20 15:43:26 INFO     critic x loss -556256.666 critic z loss -1183.716 encoder loss 1007611.125 decoder loss 1334.191

2022-09-20 15:43:26 INFO     Epoch 151
2022-09-20 15:43:26 INFO     Number of samples in train dataset 156907
2022-09-20 15:49:36 INFO     Critic training done in epoch 151
2022-09-20 15:51:38 INFO     Encoder decoder training done in epoch 151
2022-09-20 15:51:38 INFO     critic x loss -563812.718 critic z loss -1191.124 encoder loss 1020005.500 decoder loss 1341.767

2022-09-20 15:51:38 INFO     Epoch 152
2022-09-20 15:51:39 INFO     Number of samples in train dataset 156907
2022-09-20 15:57:48 INFO     Critic training done in epoch 152
2022-09-20 15:59:50 INFO     Encoder decoder training done in epoch 152
2022-09-20 15:59:50 INFO     critic x loss -568730.688 critic z loss -1196.627 encoder loss 1032022.312 decoder loss 1349.639

2022-09-20 15:59:50 INFO     Epoch 153
2022-09-20 15:59:50 INFO     Number of samples in train dataset 156907
2022-09-20 16:06:00 INFO     Critic training done in epoch 153
2022-09-20 16:08:02 INFO     Encoder decoder training done in epoch 153
2022-09-20 16:08:02 INFO     critic x loss -577692.867 critic z loss -1203.880 encoder loss 1043053.938 decoder loss 1358.411

2022-09-20 16:08:02 INFO     Epoch 154
2022-09-20 16:08:02 INFO     Number of samples in train dataset 156907
2022-09-20 16:14:12 INFO     Critic training done in epoch 154
2022-09-20 16:16:15 INFO     Encoder decoder training done in epoch 154
2022-09-20 16:16:15 INFO     critic x loss -585063.326 critic z loss -1211.290 encoder loss 1059071.250 decoder loss 1365.915

2022-09-20 16:16:15 INFO     Epoch 155
2022-09-20 16:16:15 INFO     Number of samples in train dataset 156907
2022-09-20 16:22:24 INFO     Critic training done in epoch 155
2022-09-20 16:24:27 INFO     Encoder decoder training done in epoch 155
2022-09-20 16:24:27 INFO     critic x loss -594157.204 critic z loss -1218.302 encoder loss 1070088.875 decoder loss 1375.056

2022-09-20 16:24:27 INFO     Epoch 156
2022-09-20 16:24:27 INFO     Number of samples in train dataset 156907
2022-09-20 16:30:36 INFO     Critic training done in epoch 156
2022-09-20 16:32:39 INFO     Encoder decoder training done in epoch 156
2022-09-20 16:32:39 INFO     critic x loss -602489.741 critic z loss -1225.379 encoder loss 1086363.000 decoder loss 1382.556

2022-09-20 16:32:39 INFO     Epoch 157
2022-09-20 16:32:39 INFO     Number of samples in train dataset 156907
2022-09-20 16:38:49 INFO     Critic training done in epoch 157
2022-09-20 16:40:51 INFO     Encoder decoder training done in epoch 157
2022-09-20 16:40:51 INFO     critic x loss -609455.404 critic z loss -1233.243 encoder loss 1102437.250 decoder loss 1391.909

2022-09-20 16:40:51 INFO     Epoch 158
2022-09-20 16:40:51 INFO     Number of samples in train dataset 156907
2022-09-20 16:47:02 INFO     Critic training done in epoch 158
2022-09-20 16:49:04 INFO     Encoder decoder training done in epoch 158
2022-09-20 16:49:04 INFO     critic x loss -616547.848 critic z loss -1240.112 encoder loss 1113648.375 decoder loss 1398.665

2022-09-20 16:49:04 INFO     Epoch 159
2022-09-20 16:49:05 INFO     Number of samples in train dataset 156907
2022-09-20 16:55:15 INFO     Critic training done in epoch 159
2022-09-20 16:57:18 INFO     Encoder decoder training done in epoch 159
2022-09-20 16:57:18 INFO     critic x loss -627006.638 critic z loss -1247.367 encoder loss 1128911.750 decoder loss 1407.162

2022-09-20 16:57:18 INFO     Epoch 160
2022-09-20 16:57:18 INFO     Number of samples in train dataset 156907
2022-09-20 17:03:27 INFO     Critic training done in epoch 160
2022-09-20 17:05:29 INFO     Encoder decoder training done in epoch 160
2022-09-20 17:05:29 INFO     critic x loss -637720.454 critic z loss -1253.931 encoder loss 1145149.125 decoder loss 1415.364

2022-09-20 17:05:29 INFO     Epoch 161
2022-09-20 17:05:30 INFO     Number of samples in train dataset 156907
2022-09-20 17:11:39 INFO     Critic training done in epoch 161
2022-09-20 17:13:41 INFO     Encoder decoder training done in epoch 161
2022-09-20 17:13:41 INFO     critic x loss -644304.705 critic z loss -1260.317 encoder loss 1155501.750 decoder loss 1422.785

2022-09-20 17:13:41 INFO     Epoch 162
2022-09-20 17:13:42 INFO     Number of samples in train dataset 156907
2022-09-20 17:19:51 INFO     Critic training done in epoch 162
2022-09-20 17:21:54 INFO     Encoder decoder training done in epoch 162
2022-09-20 17:21:54 INFO     critic x loss -650831.225 critic z loss -1266.953 encoder loss 1170502.125 decoder loss 1431.408

2022-09-20 17:21:54 INFO     Epoch 163
2022-09-20 17:21:54 INFO     Number of samples in train dataset 156907
2022-09-20 17:28:04 INFO     Critic training done in epoch 163
2022-09-20 17:30:06 INFO     Encoder decoder training done in epoch 163
2022-09-20 17:30:06 INFO     critic x loss -659135.320 critic z loss -1275.353 encoder loss 1184821.000 decoder loss 1439.448

2022-09-20 17:30:06 INFO     Epoch 164
2022-09-20 17:30:06 INFO     Number of samples in train dataset 156907
2022-09-20 17:36:18 INFO     Critic training done in epoch 164
2022-09-20 17:38:20 INFO     Encoder decoder training done in epoch 164
2022-09-20 17:38:20 INFO     critic x loss -664489.850 critic z loss -1280.687 encoder loss 1198874.000 decoder loss 1446.621

2022-09-20 17:38:20 INFO     Epoch 165
2022-09-20 17:38:20 INFO     Number of samples in train dataset 156907
2022-09-20 17:44:30 INFO     Critic training done in epoch 165
2022-09-20 17:46:32 INFO     Encoder decoder training done in epoch 165
2022-09-20 17:46:32 INFO     critic x loss -675699.694 critic z loss -1289.003 encoder loss 1211711.625 decoder loss 1456.449

2022-09-20 17:46:32 INFO     Epoch 166
2022-09-20 17:46:32 INFO     Number of samples in train dataset 156907
2022-09-20 17:52:42 INFO     Critic training done in epoch 166
2022-09-20 17:54:45 INFO     Encoder decoder training done in epoch 166
2022-09-20 17:54:45 INFO     critic x loss -683155.487 critic z loss -1296.464 encoder loss 1225755.000 decoder loss 1463.505

2022-09-20 17:54:45 INFO     Epoch 167
2022-09-20 17:54:45 INFO     Number of samples in train dataset 156907
2022-09-20 18:00:55 INFO     Critic training done in epoch 167
2022-09-20 18:02:58 INFO     Encoder decoder training done in epoch 167
2022-09-20 18:02:58 INFO     critic x loss -688280.191 critic z loss -1301.993 encoder loss 1238305.750 decoder loss 1471.430

2022-09-20 18:02:58 INFO     Epoch 168
2022-09-20 18:02:58 INFO     Number of samples in train dataset 156907
2022-09-20 18:09:08 INFO     Critic training done in epoch 168
2022-09-20 18:11:11 INFO     Encoder decoder training done in epoch 168
2022-09-20 18:11:11 INFO     critic x loss -696712.210 critic z loss -1310.025 encoder loss 1253361.375 decoder loss 1480.531

2022-09-20 18:11:11 INFO     Epoch 169
2022-09-20 18:11:11 INFO     Number of samples in train dataset 156907
2022-09-20 18:17:20 INFO     Critic training done in epoch 169
2022-09-20 18:19:23 INFO     Encoder decoder training done in epoch 169
2022-09-20 18:19:23 INFO     critic x loss -707619.604 critic z loss -1317.174 encoder loss 1265176.875 decoder loss 1488.286

2022-09-20 18:19:23 INFO     Epoch 170
2022-09-20 18:19:23 INFO     Number of samples in train dataset 156907
2022-09-20 18:25:33 INFO     Critic training done in epoch 170
2022-09-20 18:27:35 INFO     Encoder decoder training done in epoch 170
2022-09-20 18:27:35 INFO     critic x loss -712610.320 critic z loss -1323.905 encoder loss 1277093.750 decoder loss 1496.043

2022-09-20 18:27:35 INFO     Epoch 171
2022-09-20 18:27:36 INFO     Number of samples in train dataset 156907
2022-09-20 18:33:45 INFO     Critic training done in epoch 171
2022-09-20 18:35:48 INFO     Encoder decoder training done in epoch 171
2022-09-20 18:35:48 INFO     critic x loss -718034.557 critic z loss -1330.840 encoder loss 1290699.750 decoder loss 1503.765

2022-09-20 18:35:48 INFO     Epoch 172
2022-09-20 18:35:48 INFO     Number of samples in train dataset 156907
2022-09-20 18:41:58 INFO     Critic training done in epoch 172
2022-09-20 18:44:00 INFO     Encoder decoder training done in epoch 172
2022-09-20 18:44:00 INFO     critic x loss -726854.314 critic z loss -1337.041 encoder loss 1304038.125 decoder loss 1512.778

2022-09-20 18:44:00 INFO     Epoch 173
2022-09-20 18:44:01 INFO     Number of samples in train dataset 156907
2022-09-20 18:50:11 INFO     Critic training done in epoch 173
2022-09-20 18:52:13 INFO     Encoder decoder training done in epoch 173
2022-09-20 18:52:13 INFO     critic x loss -738086.710 critic z loss -1346.183 encoder loss 1320527.750 decoder loss 1522.125

2022-09-20 18:52:13 INFO     Epoch 174
2022-09-20 18:52:14 INFO     Number of samples in train dataset 156907
2022-09-20 18:58:23 INFO     Critic training done in epoch 174
2022-09-20 19:00:26 INFO     Encoder decoder training done in epoch 174
2022-09-20 19:00:26 INFO     critic x loss -743904.161 critic z loss -1353.783 encoder loss 1331309.375 decoder loss 1530.406

2022-09-20 19:00:26 INFO     Epoch 175
2022-09-20 19:00:26 INFO     Number of samples in train dataset 156907
2022-09-20 19:06:35 INFO     Critic training done in epoch 175
2022-09-20 19:08:38 INFO     Encoder decoder training done in epoch 175
2022-09-20 19:08:38 INFO     critic x loss -751625.740 critic z loss -1361.245 encoder loss 1343207.125 decoder loss 1538.322

2022-09-20 19:08:38 INFO     Epoch 176
2022-09-20 19:08:38 INFO     Number of samples in train dataset 156907
2022-09-20 19:14:48 INFO     Critic training done in epoch 176
2022-09-20 19:16:51 INFO     Encoder decoder training done in epoch 176
2022-09-20 19:16:51 INFO     critic x loss -759894.718 critic z loss -1367.546 encoder loss 1364117.375 decoder loss 1545.806

2022-09-20 19:16:51 INFO     Epoch 177
2022-09-20 19:16:51 INFO     Number of samples in train dataset 156907
2022-09-20 19:23:00 INFO     Critic training done in epoch 177
2022-09-20 19:25:03 INFO     Encoder decoder training done in epoch 177
2022-09-20 19:25:03 INFO     critic x loss -773234.206 critic z loss -1374.282 encoder loss 1378465.750 decoder loss 1554.663

2022-09-20 19:25:03 INFO     Epoch 178
2022-09-20 19:25:03 INFO     Number of samples in train dataset 156907
2022-09-20 19:31:13 INFO     Critic training done in epoch 178
2022-09-20 19:33:16 INFO     Encoder decoder training done in epoch 178
2022-09-20 19:33:16 INFO     critic x loss -776580.950 critic z loss -1381.588 encoder loss 1393023.125 decoder loss 1562.551

2022-09-20 19:33:16 INFO     Epoch 179
2022-09-20 19:33:16 INFO     Number of samples in train dataset 156907
2022-09-20 19:39:26 INFO     Critic training done in epoch 179
2022-09-20 19:41:29 INFO     Encoder decoder training done in epoch 179
2022-09-20 19:41:29 INFO     critic x loss -787481.719 critic z loss -1389.666 encoder loss 1409036.250 decoder loss 1570.447

2022-09-20 19:41:29 INFO     Epoch 180
2022-09-20 19:41:29 INFO     Number of samples in train dataset 156907
2022-09-20 19:47:38 INFO     Critic training done in epoch 180
2022-09-20 19:49:41 INFO     Encoder decoder training done in epoch 180
2022-09-20 19:49:41 INFO     critic x loss -797724.354 critic z loss -1395.723 encoder loss 1420304.000 decoder loss 1578.210

2022-09-20 19:49:41 INFO     Epoch 181
2022-09-20 19:49:41 INFO     Number of samples in train dataset 156907
2022-09-20 19:55:52 INFO     Critic training done in epoch 181
2022-09-20 19:57:55 INFO     Encoder decoder training done in epoch 181
2022-09-20 19:57:55 INFO     critic x loss -803750.741 critic z loss -1402.615 encoder loss 1438050.500 decoder loss 1587.114

2022-09-20 19:57:55 INFO     Epoch 182
2022-09-20 19:57:55 INFO     Number of samples in train dataset 156907
2022-09-20 20:04:05 INFO     Critic training done in epoch 182
2022-09-20 20:06:08 INFO     Encoder decoder training done in epoch 182
2022-09-20 20:06:08 INFO     critic x loss -814036.441 critic z loss -1412.400 encoder loss 1450977.125 decoder loss 1596.960

2022-09-20 20:06:08 INFO     Epoch 183
2022-09-20 20:06:08 INFO     Number of samples in train dataset 156907
2022-09-20 20:12:18 INFO     Critic training done in epoch 183
2022-09-20 20:14:22 INFO     Encoder decoder training done in epoch 183
2022-09-20 20:14:22 INFO     critic x loss -818783.689 critic z loss -1420.243 encoder loss 1466696.750 decoder loss 1604.842

2022-09-20 20:14:22 INFO     Epoch 184
2022-09-20 20:14:22 INFO     Number of samples in train dataset 156907
2022-09-20 20:20:31 INFO     Critic training done in epoch 184
2022-09-20 20:22:34 INFO     Encoder decoder training done in epoch 184
2022-09-20 20:22:34 INFO     critic x loss -831090.120 critic z loss -1426.371 encoder loss 1479947.500 decoder loss 1611.944

2022-09-20 20:22:34 INFO     Epoch 185
2022-09-20 20:22:35 INFO     Number of samples in train dataset 156907
2022-09-20 20:28:43 INFO     Critic training done in epoch 185
2022-09-20 20:30:47 INFO     Encoder decoder training done in epoch 185
2022-09-20 20:30:47 INFO     critic x loss -843526.420 critic z loss -1433.886 encoder loss 1499796.875 decoder loss 1621.183

2022-09-20 20:30:47 INFO     Epoch 186
2022-09-20 20:30:47 INFO     Number of samples in train dataset 156907
2022-09-20 20:36:55 INFO     Critic training done in epoch 186
2022-09-20 20:38:59 INFO     Encoder decoder training done in epoch 186
2022-09-20 20:38:59 INFO     critic x loss -852638.616 critic z loss -1440.536 encoder loss 1514339.875 decoder loss 1629.277

2022-09-20 20:38:59 INFO     Epoch 187
2022-09-20 20:38:59 INFO     Number of samples in train dataset 156907
2022-09-20 20:45:08 INFO     Critic training done in epoch 187
2022-09-20 20:47:12 INFO     Encoder decoder training done in epoch 187
2022-09-20 20:47:12 INFO     critic x loss -858959.977 critic z loss -1448.394 encoder loss 1531153.125 decoder loss 1638.780

2022-09-20 20:47:12 INFO     Epoch 188
2022-09-20 20:47:12 INFO     Number of samples in train dataset 156907
2022-09-20 20:53:21 INFO     Critic training done in epoch 188
2022-09-20 20:55:25 INFO     Encoder decoder training done in epoch 188
2022-09-20 20:55:25 INFO     critic x loss -867667.395 critic z loss -1455.898 encoder loss 1541234.000 decoder loss 1646.748

2022-09-20 20:55:25 INFO     Epoch 189
2022-09-20 20:55:25 INFO     Number of samples in train dataset 156907
2022-09-20 21:01:34 INFO     Critic training done in epoch 189
2022-09-20 21:03:38 INFO     Encoder decoder training done in epoch 189
2022-09-20 21:03:38 INFO     critic x loss -877147.921 critic z loss -1463.799 encoder loss 1559799.750 decoder loss 1655.089

2022-09-20 21:03:38 INFO     Epoch 190
2022-09-20 21:03:38 INFO     Number of samples in train dataset 156907
2022-09-20 21:09:47 INFO     Critic training done in epoch 190
2022-09-20 21:11:51 INFO     Encoder decoder training done in epoch 190
2022-09-20 21:11:51 INFO     critic x loss -889690.701 critic z loss -1470.805 encoder loss 1574504.625 decoder loss 1663.003

2022-09-20 21:11:51 INFO     Epoch 191
2022-09-20 21:11:51 INFO     Number of samples in train dataset 156907
2022-09-20 21:18:00 INFO     Critic training done in epoch 191
2022-09-20 21:20:04 INFO     Encoder decoder training done in epoch 191
2022-09-20 21:20:04 INFO     critic x loss -897303.620 critic z loss -1479.955 encoder loss 1595298.125 decoder loss 1672.457

2022-09-20 21:20:04 INFO     Epoch 192
2022-09-20 21:20:04 INFO     Number of samples in train dataset 156907
2022-09-20 21:26:13 INFO     Critic training done in epoch 192
2022-09-20 21:28:17 INFO     Encoder decoder training done in epoch 192
2022-09-20 21:28:17 INFO     critic x loss -910938.048 critic z loss -1485.633 encoder loss 1610913.000 decoder loss 1679.296

2022-09-20 21:28:17 INFO     Epoch 193
2022-09-20 21:28:17 INFO     Number of samples in train dataset 156907
2022-09-20 21:34:25 INFO     Critic training done in epoch 193
2022-09-20 21:36:29 INFO     Encoder decoder training done in epoch 193
2022-09-20 21:36:29 INFO     critic x loss -922919.070 critic z loss -1494.717 encoder loss 1628151.250 decoder loss 1690.445

2022-09-20 21:36:29 INFO     Epoch 194
2022-09-20 21:36:30 INFO     Number of samples in train dataset 156907
2022-09-20 21:42:39 INFO     Critic training done in epoch 194
2022-09-20 21:44:43 INFO     Encoder decoder training done in epoch 194
2022-09-20 21:44:43 INFO     critic x loss -936198.191 critic z loss -1500.892 encoder loss 1647279.375 decoder loss 1697.902

2022-09-20 21:44:43 INFO     Epoch 195
2022-09-20 21:44:43 INFO     Number of samples in train dataset 156907
2022-09-20 21:50:53 INFO     Critic training done in epoch 195
2022-09-20 21:52:57 INFO     Encoder decoder training done in epoch 195
2022-09-20 21:52:57 INFO     critic x loss -941789.180 critic z loss -1510.414 encoder loss 1662995.750 decoder loss 1705.940

2022-09-20 21:52:57 INFO     Epoch 196
2022-09-20 21:52:57 INFO     Number of samples in train dataset 156907
2022-09-20 21:59:06 INFO     Critic training done in epoch 196
2022-09-20 22:01:11 INFO     Encoder decoder training done in epoch 196
2022-09-20 22:01:11 INFO     critic x loss -958701.609 critic z loss -1517.238 encoder loss 1683515.875 decoder loss 1714.821

2022-09-20 22:01:11 INFO     Epoch 197
2022-09-20 22:01:11 INFO     Number of samples in train dataset 156907
2022-09-20 22:07:20 INFO     Critic training done in epoch 197
2022-09-20 22:09:24 INFO     Encoder decoder training done in epoch 197
2022-09-20 22:09:24 INFO     critic x loss -965971.305 critic z loss -1523.978 encoder loss 1694096.500 decoder loss 1722.623

2022-09-20 22:09:24 INFO     Epoch 198
2022-09-20 22:09:24 INFO     Number of samples in train dataset 156907
2022-09-20 22:15:33 INFO     Critic training done in epoch 198
2022-09-20 22:17:36 INFO     Encoder decoder training done in epoch 198
2022-09-20 22:17:36 INFO     critic x loss -980266.958 critic z loss -1531.123 encoder loss 1719756.000 decoder loss 1731.516

2022-09-20 22:17:36 INFO     Epoch 199
2022-09-20 22:17:36 INFO     Number of samples in train dataset 156907
2022-09-20 22:23:43 INFO     Critic training done in epoch 199
2022-09-20 22:25:45 INFO     Encoder decoder training done in epoch 199
2022-09-20 22:25:45 INFO     critic x loss -989326.512 critic z loss -1539.844 encoder loss 1737964.125 decoder loss 1740.861

