2022-09-19 19:16:35 INFO     Starting training
2022-09-19 19:16:35 INFO     Epoch 0
2022-09-19 19:16:35 INFO     Number of samples in train dataset 156907
2022-09-19 19:22:12 INFO     Critic training done in epoch 0
2022-09-19 19:24:07 INFO     Encoder decoder training done in epoch 0
2022-09-19 19:24:07 INFO     critic x loss -102.826 critic z loss -2.319 encoder loss 231.131 decoder loss 5.528

2022-09-19 19:24:07 INFO     Epoch 1
2022-09-19 19:24:07 INFO     Number of samples in train dataset 156907
2022-09-19 19:29:55 INFO     Critic training done in epoch 1
2022-09-19 19:31:53 INFO     Encoder decoder training done in epoch 1
2022-09-19 19:31:53 INFO     critic x loss -350.904 critic z loss -7.343 encoder loss 619.266 decoder loss 11.456

2022-09-19 19:31:53 INFO     Epoch 2
2022-09-19 19:31:53 INFO     Number of samples in train dataset 156907
2022-09-19 19:37:43 INFO     Critic training done in epoch 2
2022-09-19 19:39:42 INFO     Encoder decoder training done in epoch 2
2022-09-19 19:39:42 INFO     critic x loss -700.180 critic z loss -12.425 encoder loss 1091.215 decoder loss 17.456

2022-09-19 19:39:42 INFO     Epoch 3
2022-09-19 19:39:42 INFO     Number of samples in train dataset 156907
2022-09-19 19:45:32 INFO     Critic training done in epoch 3
2022-09-19 19:47:31 INFO     Encoder decoder training done in epoch 3
2022-09-19 19:47:31 INFO     critic x loss -1132.546 critic z loss -17.892 encoder loss 1631.519 decoder loss 23.712

2022-09-19 19:47:31 INFO     Epoch 4
2022-09-19 19:47:32 INFO     Number of samples in train dataset 156907
2022-09-19 19:53:22 INFO     Critic training done in epoch 4
2022-09-19 19:55:22 INFO     Encoder decoder training done in epoch 4
2022-09-19 19:55:22 INFO     critic x loss -1467.150 critic z loss -23.429 encoder loss 2075.782 decoder loss 30.076

2022-09-19 19:55:22 INFO     Epoch 5
2022-09-19 19:55:22 INFO     Number of samples in train dataset 156907
2022-09-19 20:01:13 INFO     Critic training done in epoch 5
2022-09-19 20:03:13 INFO     Encoder decoder training done in epoch 5
2022-09-19 20:03:13 INFO     critic x loss -1826.658 critic z loss -29.001 encoder loss 2607.311 decoder loss 36.543

2022-09-19 20:03:13 INFO     Epoch 6
2022-09-19 20:03:13 INFO     Number of samples in train dataset 156907
2022-09-19 20:09:05 INFO     Critic training done in epoch 6
2022-09-19 20:11:05 INFO     Encoder decoder training done in epoch 6
2022-09-19 20:11:05 INFO     critic x loss -2179.704 critic z loss -34.713 encoder loss 3180.144 decoder loss 42.458

2022-09-19 20:11:05 INFO     Epoch 7
2022-09-19 20:11:05 INFO     Number of samples in train dataset 156907
2022-09-19 20:16:58 INFO     Critic training done in epoch 7
2022-09-19 20:18:58 INFO     Encoder decoder training done in epoch 7
2022-09-19 20:18:58 INFO     critic x loss -2521.162 critic z loss -39.441 encoder loss 3774.315 decoder loss 48.339

2022-09-19 20:18:58 INFO     Epoch 8
2022-09-19 20:18:58 INFO     Number of samples in train dataset 156907
2022-09-19 20:24:52 INFO     Critic training done in epoch 8
2022-09-19 20:26:51 INFO     Encoder decoder training done in epoch 8
2022-09-19 20:26:51 INFO     critic x loss -2857.284 critic z loss -45.468 encoder loss 4474.229 decoder loss 54.975

2022-09-19 20:26:51 INFO     Epoch 9
2022-09-19 20:26:51 INFO     Number of samples in train dataset 156907
2022-09-19 20:32:46 INFO     Critic training done in epoch 9
2022-09-19 20:34:46 INFO     Encoder decoder training done in epoch 9
2022-09-19 20:34:46 INFO     critic x loss -3317.341 critic z loss -51.401 encoder loss 5207.035 decoder loss 61.644

2022-09-19 20:34:46 INFO     Epoch 10
2022-09-19 20:34:46 INFO     Number of samples in train dataset 156907
2022-09-19 20:40:40 INFO     Critic training done in epoch 10
2022-09-19 20:42:40 INFO     Encoder decoder training done in epoch 10
2022-09-19 20:42:40 INFO     critic x loss -3674.108 critic z loss -57.186 encoder loss 5851.312 decoder loss 68.168

2022-09-19 20:42:40 INFO     Epoch 11
2022-09-19 20:42:40 INFO     Number of samples in train dataset 156907
2022-09-19 20:48:35 INFO     Critic training done in epoch 11
2022-09-19 20:50:35 INFO     Encoder decoder training done in epoch 11
2022-09-19 20:50:35 INFO     critic x loss -3927.197 critic z loss -62.890 encoder loss 6474.293 decoder loss 74.620

2022-09-19 20:50:35 INFO     Epoch 12
2022-09-19 20:50:35 INFO     Number of samples in train dataset 156907
2022-09-19 20:56:31 INFO     Critic training done in epoch 12
2022-09-19 20:58:31 INFO     Encoder decoder training done in epoch 12
2022-09-19 20:58:31 INFO     critic x loss -4206.244 critic z loss -68.484 encoder loss 7193.318 decoder loss 81.106

2022-09-19 20:58:31 INFO     Epoch 13
2022-09-19 20:58:31 INFO     Number of samples in train dataset 156907
2022-09-19 21:04:26 INFO     Critic training done in epoch 13
2022-09-19 21:06:27 INFO     Encoder decoder training done in epoch 13
2022-09-19 21:06:27 INFO     critic x loss -4495.008 critic z loss -74.374 encoder loss 7950.273 decoder loss 87.783

2022-09-19 21:06:27 INFO     Epoch 14
2022-09-19 21:06:27 INFO     Number of samples in train dataset 156907
2022-09-19 21:12:23 INFO     Critic training done in epoch 14
2022-09-19 21:14:23 INFO     Encoder decoder training done in epoch 14
2022-09-19 21:14:23 INFO     critic x loss -4767.570 critic z loss -80.519 encoder loss 8764.694 decoder loss 94.659

2022-09-19 21:14:23 INFO     Epoch 15
2022-09-19 21:14:23 INFO     Number of samples in train dataset 156907
2022-09-19 21:20:19 INFO     Critic training done in epoch 15
2022-09-19 21:22:20 INFO     Encoder decoder training done in epoch 15
2022-09-19 21:22:20 INFO     critic x loss -4982.994 critic z loss -86.793 encoder loss 9537.585 decoder loss 101.500

2022-09-19 21:22:20 INFO     Epoch 16
2022-09-19 21:22:20 INFO     Number of samples in train dataset 156907
2022-09-19 21:28:16 INFO     Critic training done in epoch 16
2022-09-19 21:30:17 INFO     Encoder decoder training done in epoch 16
2022-09-19 21:30:17 INFO     critic x loss -5249.843 critic z loss -93.056 encoder loss 10430.438 decoder loss 108.286

2022-09-19 21:30:17 INFO     Epoch 17
2022-09-19 21:30:18 INFO     Number of samples in train dataset 156907
2022-09-19 21:36:14 INFO     Critic training done in epoch 17
2022-09-19 21:38:15 INFO     Encoder decoder training done in epoch 17
2022-09-19 21:38:15 INFO     critic x loss -5408.529 critic z loss -99.091 encoder loss 11268.297 decoder loss 114.999

2022-09-19 21:38:15 INFO     Epoch 18
2022-09-19 21:38:15 INFO     Number of samples in train dataset 156907
2022-09-19 21:44:12 INFO     Critic training done in epoch 18
2022-09-19 21:46:13 INFO     Encoder decoder training done in epoch 18
2022-09-19 21:46:13 INFO     critic x loss -5579.926 critic z loss -104.973 encoder loss 12138.264 decoder loss 121.840

2022-09-19 21:46:13 INFO     Epoch 19
2022-09-19 21:46:13 INFO     Number of samples in train dataset 156907
2022-09-19 21:52:10 INFO     Critic training done in epoch 19
2022-09-19 21:54:11 INFO     Encoder decoder training done in epoch 19
2022-09-19 21:54:11 INFO     critic x loss -5747.701 critic z loss -111.286 encoder loss 13066.482 decoder loss 129.104

2022-09-19 21:54:11 INFO     Epoch 20
2022-09-19 21:54:11 INFO     Number of samples in train dataset 156907
2022-09-19 22:00:08 INFO     Critic training done in epoch 20
2022-09-19 22:02:10 INFO     Encoder decoder training done in epoch 20
2022-09-19 22:02:10 INFO     critic x loss -5848.932 critic z loss -117.746 encoder loss 13966.768 decoder loss 136.204

2022-09-19 22:02:10 INFO     Epoch 21
2022-09-19 22:02:10 INFO     Number of samples in train dataset 156907
2022-09-19 22:08:07 INFO     Critic training done in epoch 21
2022-09-19 22:10:09 INFO     Encoder decoder training done in epoch 21
2022-09-19 22:10:09 INFO     critic x loss -5919.541 critic z loss -124.450 encoder loss 14855.393 decoder loss 143.376

2022-09-19 22:10:09 INFO     Epoch 22
2022-09-19 22:10:09 INFO     Number of samples in train dataset 156907
2022-09-19 22:16:06 INFO     Critic training done in epoch 22
2022-09-19 22:18:07 INFO     Encoder decoder training done in epoch 22
2022-09-19 22:18:07 INFO     critic x loss -6024.620 critic z loss -130.510 encoder loss 15844.770 decoder loss 150.500

2022-09-19 22:18:07 INFO     Epoch 23
2022-09-19 22:18:08 INFO     Number of samples in train dataset 156907
2022-09-19 22:24:05 INFO     Critic training done in epoch 23
2022-09-19 22:26:07 INFO     Encoder decoder training done in epoch 23
2022-09-19 22:26:07 INFO     critic x loss -6056.368 critic z loss -136.582 encoder loss 16800.455 decoder loss 157.297

2022-09-19 22:26:07 INFO     Epoch 24
2022-09-19 22:26:07 INFO     Number of samples in train dataset 156907
2022-09-19 22:32:05 INFO     Critic training done in epoch 24
2022-09-19 22:34:06 INFO     Encoder decoder training done in epoch 24
2022-09-19 22:34:06 INFO     critic x loss -6065.407 critic z loss -142.062 encoder loss 17731.844 decoder loss 163.782

2022-09-19 22:34:06 INFO     Epoch 25
2022-09-19 22:34:07 INFO     Number of samples in train dataset 156907
2022-09-19 22:40:04 INFO     Critic training done in epoch 25
2022-09-19 22:42:06 INFO     Encoder decoder training done in epoch 25
2022-09-19 22:42:06 INFO     critic x loss -5822.589 critic z loss -147.494 encoder loss 18424.039 decoder loss 169.979

2022-09-19 22:42:06 INFO     Epoch 26
2022-09-19 22:42:06 INFO     Number of samples in train dataset 156907
2022-09-19 22:48:03 INFO     Critic training done in epoch 26
2022-09-19 22:50:06 INFO     Encoder decoder training done in epoch 26
2022-09-19 22:50:06 INFO     critic x loss -5486.614 critic z loss -152.854 encoder loss 19114.375 decoder loss 175.920

2022-09-19 22:50:06 INFO     Epoch 27
2022-09-19 22:50:06 INFO     Number of samples in train dataset 156907
2022-09-19 22:56:04 INFO     Critic training done in epoch 27
2022-09-19 22:58:06 INFO     Encoder decoder training done in epoch 27
2022-09-19 22:58:06 INFO     critic x loss -5050.060 critic z loss -158.191 encoder loss 19662.449 decoder loss 181.707

2022-09-19 22:58:06 INFO     Epoch 28
2022-09-19 22:58:06 INFO     Number of samples in train dataset 156907
2022-09-19 23:04:04 INFO     Critic training done in epoch 28
2022-09-19 23:06:06 INFO     Encoder decoder training done in epoch 28
2022-09-19 23:06:06 INFO     critic x loss -4130.941 critic z loss -163.073 encoder loss 19948.076 decoder loss 187.210

2022-09-19 23:06:06 INFO     Epoch 29
2022-09-19 23:06:06 INFO     Number of samples in train dataset 156907
2022-09-19 23:12:08 INFO     Critic training done in epoch 29
2022-09-19 23:14:10 INFO     Encoder decoder training done in epoch 29
2022-09-19 23:14:10 INFO     critic x loss -3469.777 critic z loss -167.915 encoder loss 20398.602 decoder loss 192.468

2022-09-19 23:14:10 INFO     Epoch 30
2022-09-19 23:14:10 INFO     Number of samples in train dataset 156907
2022-09-19 23:20:08 INFO     Critic training done in epoch 30
2022-09-19 23:22:10 INFO     Encoder decoder training done in epoch 30
2022-09-19 23:22:10 INFO     critic x loss -2568.599 critic z loss -172.649 encoder loss 20824.939 decoder loss 197.955

2022-09-19 23:22:10 INFO     Epoch 31
2022-09-19 23:22:11 INFO     Number of samples in train dataset 156907
2022-09-19 23:28:10 INFO     Critic training done in epoch 31
2022-09-19 23:30:12 INFO     Encoder decoder training done in epoch 31
2022-09-19 23:30:12 INFO     critic x loss -1903.488 critic z loss -177.538 encoder loss 21453.309 decoder loss 203.549

2022-09-19 23:30:12 INFO     Epoch 32
2022-09-19 23:30:12 INFO     Number of samples in train dataset 156907
2022-09-19 23:36:11 INFO     Critic training done in epoch 32
2022-09-19 23:38:13 INFO     Encoder decoder training done in epoch 32
2022-09-19 23:38:13 INFO     critic x loss -1378.085 critic z loss -182.918 encoder loss 22215.301 decoder loss 209.660

2022-09-19 23:38:13 INFO     Epoch 33
2022-09-19 23:38:13 INFO     Number of samples in train dataset 156907
2022-09-19 23:44:12 INFO     Critic training done in epoch 33
2022-09-19 23:46:15 INFO     Encoder decoder training done in epoch 33
2022-09-19 23:46:15 INFO     critic x loss -895.172 critic z loss -188.106 encoder loss 23059.393 decoder loss 215.643

2022-09-19 23:46:15 INFO     Epoch 34
2022-09-19 23:46:15 INFO     Number of samples in train dataset 156907
2022-09-19 23:52:14 INFO     Critic training done in epoch 34
2022-09-19 23:54:17 INFO     Encoder decoder training done in epoch 34
2022-09-19 23:54:17 INFO     critic x loss -508.208 critic z loss -193.789 encoder loss 23962.002 decoder loss 221.857

2022-09-19 23:54:17 INFO     Epoch 35
2022-09-19 23:54:17 INFO     Number of samples in train dataset 156907
2022-09-20 00:00:15 INFO     Critic training done in epoch 35
2022-09-20 00:02:17 INFO     Encoder decoder training done in epoch 35
2022-09-20 00:02:17 INFO     critic x loss 105.779 critic z loss -199.330 encoder loss 24854.086 decoder loss 228.052

2022-09-20 00:02:17 INFO     Epoch 36
2022-09-20 00:02:18 INFO     Number of samples in train dataset 156907
2022-09-20 00:08:24 INFO     Critic training done in epoch 36
2022-09-20 00:10:28 INFO     Encoder decoder training done in epoch 36
2022-09-20 00:10:28 INFO     critic x loss 382.019 critic z loss -205.235 encoder loss 25827.131 decoder loss 234.426

2022-09-20 00:10:28 INFO     Epoch 37
2022-09-20 00:10:28 INFO     Number of samples in train dataset 156907
2022-09-20 00:16:33 INFO     Critic training done in epoch 37
2022-09-20 00:18:35 INFO     Encoder decoder training done in epoch 37
2022-09-20 00:18:35 INFO     critic x loss 961.668 critic z loss -210.787 encoder loss 26712.076 decoder loss 240.723

2022-09-20 00:18:35 INFO     Epoch 38
2022-09-20 00:18:35 INFO     Number of samples in train dataset 156907
2022-09-20 00:24:39 INFO     Critic training done in epoch 38
2022-09-20 00:26:41 INFO     Encoder decoder training done in epoch 38
2022-09-20 00:26:41 INFO     critic x loss 1586.108 critic z loss -216.288 encoder loss 27755.248 decoder loss 247.117

2022-09-20 00:26:41 INFO     Epoch 39
2022-09-20 00:26:41 INFO     Number of samples in train dataset 156907
2022-09-20 00:32:41 INFO     Critic training done in epoch 39
2022-09-20 00:34:44 INFO     Encoder decoder training done in epoch 39
2022-09-20 00:34:44 INFO     critic x loss 2075.705 critic z loss -221.707 encoder loss 29051.951 decoder loss 253.456

2022-09-20 00:34:44 INFO     Epoch 40
2022-09-20 00:34:44 INFO     Number of samples in train dataset 156907
2022-09-20 00:40:48 INFO     Critic training done in epoch 40
2022-09-20 00:42:53 INFO     Encoder decoder training done in epoch 40
2022-09-20 00:42:53 INFO     critic x loss 2219.328 critic z loss -227.412 encoder loss 30452.936 decoder loss 259.953

2022-09-20 00:42:53 INFO     Epoch 41
2022-09-20 00:42:53 INFO     Number of samples in train dataset 156907
2022-09-20 00:49:03 INFO     Critic training done in epoch 41
2022-09-20 00:51:07 INFO     Encoder decoder training done in epoch 41
2022-09-20 00:51:07 INFO     critic x loss 2346.657 critic z loss -232.707 encoder loss 32040.004 decoder loss 266.120

2022-09-20 00:51:07 INFO     Epoch 42
2022-09-20 00:51:07 INFO     Number of samples in train dataset 156907
2022-09-20 00:57:09 INFO     Critic training done in epoch 42
2022-09-20 00:59:11 INFO     Encoder decoder training done in epoch 42
2022-09-20 00:59:11 INFO     critic x loss 2261.719 critic z loss -238.172 encoder loss 33810.734 decoder loss 272.571

2022-09-20 00:59:11 INFO     Epoch 43
2022-09-20 00:59:11 INFO     Number of samples in train dataset 156907
2022-09-20 01:05:11 INFO     Critic training done in epoch 43
2022-09-20 01:07:14 INFO     Encoder decoder training done in epoch 43
2022-09-20 01:07:14 INFO     critic x loss 2268.637 critic z loss -243.649 encoder loss 35450.727 decoder loss 278.845

2022-09-20 01:07:14 INFO     Epoch 44
2022-09-20 01:07:14 INFO     Number of samples in train dataset 156907
2022-09-20 01:13:14 INFO     Critic training done in epoch 44
2022-09-20 01:15:17 INFO     Encoder decoder training done in epoch 44
2022-09-20 01:15:17 INFO     critic x loss 2285.186 critic z loss -249.242 encoder loss 37151.910 decoder loss 285.465

2022-09-20 01:15:17 INFO     Epoch 45
2022-09-20 01:15:17 INFO     Number of samples in train dataset 156907
2022-09-20 01:21:17 INFO     Critic training done in epoch 45
2022-09-20 01:23:20 INFO     Encoder decoder training done in epoch 45
2022-09-20 01:23:20 INFO     critic x loss 2399.806 critic z loss -254.781 encoder loss 38955.848 decoder loss 291.831

2022-09-20 01:23:20 INFO     Epoch 46
2022-09-20 01:23:20 INFO     Number of samples in train dataset 156907
2022-09-20 01:29:20 INFO     Critic training done in epoch 46
2022-09-20 01:31:22 INFO     Encoder decoder training done in epoch 46
2022-09-20 01:31:22 INFO     critic x loss 2893.750 critic z loss -259.745 encoder loss 40428.039 decoder loss 297.704

2022-09-20 01:31:22 INFO     Epoch 47
2022-09-20 01:31:22 INFO     Number of samples in train dataset 156907
2022-09-20 01:37:22 INFO     Critic training done in epoch 47
2022-09-20 01:39:24 INFO     Encoder decoder training done in epoch 47
2022-09-20 01:39:24 INFO     critic x loss 3221.124 critic z loss -265.074 encoder loss 42227.953 decoder loss 303.794

2022-09-20 01:39:24 INFO     Epoch 48
2022-09-20 01:39:25 INFO     Number of samples in train dataset 156907
2022-09-20 01:45:25 INFO     Critic training done in epoch 48
2022-09-20 01:47:28 INFO     Encoder decoder training done in epoch 48
2022-09-20 01:47:28 INFO     critic x loss 3194.441 critic z loss -270.043 encoder loss 44221.141 decoder loss 309.574

2022-09-20 01:47:28 INFO     Epoch 49
2022-09-20 01:47:28 INFO     Number of samples in train dataset 156907
2022-09-20 01:53:28 INFO     Critic training done in epoch 49
2022-09-20 01:55:31 INFO     Encoder decoder training done in epoch 49
2022-09-20 01:55:31 INFO     critic x loss 3575.027 critic z loss -274.760 encoder loss 45927.316 decoder loss 315.635

2022-09-20 01:55:31 INFO     Epoch 50
2022-09-20 01:55:31 INFO     Number of samples in train dataset 156907
2022-09-20 02:01:32 INFO     Critic training done in epoch 50
2022-09-20 02:03:35 INFO     Encoder decoder training done in epoch 50
2022-09-20 02:03:35 INFO     critic x loss 4062.788 critic z loss -280.224 encoder loss 47565.945 decoder loss 321.481

2022-09-20 02:03:35 INFO     Epoch 51
2022-09-20 02:03:35 INFO     Number of samples in train dataset 156907
2022-09-20 02:09:35 INFO     Critic training done in epoch 51
2022-09-20 02:11:38 INFO     Encoder decoder training done in epoch 51
2022-09-20 02:11:38 INFO     critic x loss 4759.100 critic z loss -285.084 encoder loss 49078.363 decoder loss 327.509

2022-09-20 02:11:38 INFO     Epoch 52
2022-09-20 02:11:38 INFO     Number of samples in train dataset 156907
2022-09-20 02:17:39 INFO     Critic training done in epoch 52
2022-09-20 02:19:42 INFO     Encoder decoder training done in epoch 52
2022-09-20 02:19:42 INFO     critic x loss 5258.993 critic z loss -290.152 encoder loss 50408.098 decoder loss 333.379

2022-09-20 02:19:42 INFO     Epoch 53
2022-09-20 02:19:43 INFO     Number of samples in train dataset 156907
2022-09-20 02:25:43 INFO     Critic training done in epoch 53
2022-09-20 02:27:46 INFO     Encoder decoder training done in epoch 53
2022-09-20 02:27:46 INFO     critic x loss 5945.660 critic z loss -295.562 encoder loss 51788.848 decoder loss 339.711

2022-09-20 02:27:46 INFO     Epoch 54
2022-09-20 02:27:46 INFO     Number of samples in train dataset 156907
2022-09-20 02:33:47 INFO     Critic training done in epoch 54
2022-09-20 02:35:50 INFO     Encoder decoder training done in epoch 54
2022-09-20 02:35:50 INFO     critic x loss 6808.861 critic z loss -300.840 encoder loss 53421.137 decoder loss 345.984

2022-09-20 02:35:50 INFO     Epoch 55
2022-09-20 02:35:50 INFO     Number of samples in train dataset 156907
2022-09-20 02:41:51 INFO     Critic training done in epoch 55
2022-09-20 02:43:54 INFO     Encoder decoder training done in epoch 55
2022-09-20 02:43:54 INFO     critic x loss 7886.143 critic z loss -306.597 encoder loss 54621.031 decoder loss 352.372

2022-09-20 02:43:54 INFO     Epoch 56
2022-09-20 02:43:54 INFO     Number of samples in train dataset 156907
2022-09-20 02:49:55 INFO     Critic training done in epoch 56
2022-09-20 02:51:58 INFO     Encoder decoder training done in epoch 56
2022-09-20 02:51:58 INFO     critic x loss 8716.651 critic z loss -312.085 encoder loss 56113.062 decoder loss 358.402

2022-09-20 02:51:58 INFO     Epoch 57
2022-09-20 02:51:58 INFO     Number of samples in train dataset 156907
2022-09-20 02:58:00 INFO     Critic training done in epoch 57
2022-09-20 03:00:03 INFO     Encoder decoder training done in epoch 57
2022-09-20 03:00:03 INFO     critic x loss 9236.013 critic z loss -317.630 encoder loss 57731.824 decoder loss 364.633

2022-09-20 03:00:03 INFO     Epoch 58
2022-09-20 03:00:03 INFO     Number of samples in train dataset 156907
2022-09-20 03:06:04 INFO     Critic training done in epoch 58
2022-09-20 03:08:07 INFO     Encoder decoder training done in epoch 58
2022-09-20 03:08:07 INFO     critic x loss 10296.528 critic z loss -323.292 encoder loss 59365.070 decoder loss 370.630

2022-09-20 03:08:07 INFO     Epoch 59
2022-09-20 03:08:07 INFO     Number of samples in train dataset 156907
2022-09-20 03:14:09 INFO     Critic training done in epoch 59
2022-09-20 03:16:11 INFO     Encoder decoder training done in epoch 59
2022-09-20 03:16:11 INFO     critic x loss 11232.782 critic z loss -328.685 encoder loss 61011.379 decoder loss 377.081

2022-09-20 03:16:11 INFO     Epoch 60
2022-09-20 03:16:11 INFO     Number of samples in train dataset 156907
2022-09-20 03:22:13 INFO     Critic training done in epoch 60
2022-09-20 03:24:16 INFO     Encoder decoder training done in epoch 60
2022-09-20 03:24:16 INFO     critic x loss 11947.028 critic z loss -334.733 encoder loss 62765.098 decoder loss 383.096

2022-09-20 03:24:16 INFO     Epoch 61
2022-09-20 03:24:16 INFO     Number of samples in train dataset 156907
2022-09-20 03:30:18 INFO     Critic training done in epoch 61
2022-09-20 03:32:20 INFO     Encoder decoder training done in epoch 61
2022-09-20 03:32:20 INFO     critic x loss 12510.883 critic z loss -339.526 encoder loss 64566.523 decoder loss 389.375

2022-09-20 03:32:20 INFO     Epoch 62
2022-09-20 03:32:20 INFO     Number of samples in train dataset 156907
2022-09-20 03:38:23 INFO     Critic training done in epoch 62
2022-09-20 03:40:25 INFO     Encoder decoder training done in epoch 62
2022-09-20 03:40:25 INFO     critic x loss 13502.881 critic z loss -345.647 encoder loss 66274.133 decoder loss 395.367

2022-09-20 03:40:25 INFO     Epoch 63
2022-09-20 03:40:26 INFO     Number of samples in train dataset 156907
2022-09-20 03:46:29 INFO     Critic training done in epoch 63
2022-09-20 03:48:31 INFO     Encoder decoder training done in epoch 63
2022-09-20 03:48:31 INFO     critic x loss 14655.046 critic z loss -350.954 encoder loss 68130.492 decoder loss 401.260

2022-09-20 03:48:31 INFO     Epoch 64
2022-09-20 03:48:31 INFO     Number of samples in train dataset 156907
2022-09-20 03:54:34 INFO     Critic training done in epoch 64
2022-09-20 03:56:36 INFO     Encoder decoder training done in epoch 64
2022-09-20 03:56:36 INFO     critic x loss 15145.393 critic z loss -356.272 encoder loss 70196.422 decoder loss 407.458

2022-09-20 03:56:36 INFO     Epoch 65
2022-09-20 03:56:36 INFO     Number of samples in train dataset 156907
2022-09-20 04:02:39 INFO     Critic training done in epoch 65
2022-09-20 04:04:42 INFO     Encoder decoder training done in epoch 65
2022-09-20 04:04:42 INFO     critic x loss 15756.087 critic z loss -361.955 encoder loss 72365.758 decoder loss 413.717

2022-09-20 04:04:42 INFO     Epoch 66
2022-09-20 04:04:42 INFO     Number of samples in train dataset 156907
2022-09-20 04:10:45 INFO     Critic training done in epoch 66
2022-09-20 04:12:48 INFO     Encoder decoder training done in epoch 66
2022-09-20 04:12:48 INFO     critic x loss 16101.998 critic z loss -367.313 encoder loss 74446.070 decoder loss 419.392

2022-09-20 04:12:48 INFO     Epoch 67
2022-09-20 04:12:48 INFO     Number of samples in train dataset 156907
2022-09-20 04:18:51 INFO     Critic training done in epoch 67
2022-09-20 04:20:54 INFO     Encoder decoder training done in epoch 67
2022-09-20 04:20:54 INFO     critic x loss 17262.698 critic z loss -372.774 encoder loss 76553.836 decoder loss 425.977

2022-09-20 04:20:54 INFO     Epoch 68
2022-09-20 04:20:54 INFO     Number of samples in train dataset 156907
2022-09-20 04:26:57 INFO     Critic training done in epoch 68
2022-09-20 04:29:00 INFO     Encoder decoder training done in epoch 68
2022-09-20 04:29:00 INFO     critic x loss 18147.274 critic z loss -378.090 encoder loss 78314.367 decoder loss 431.741

2022-09-20 04:29:00 INFO     Epoch 69
2022-09-20 04:29:00 INFO     Number of samples in train dataset 156907
2022-09-20 04:35:02 INFO     Critic training done in epoch 69
2022-09-20 04:37:05 INFO     Encoder decoder training done in epoch 69
2022-09-20 04:37:05 INFO     critic x loss 19063.824 critic z loss -383.142 encoder loss 80232.719 decoder loss 437.867

2022-09-20 04:37:05 INFO     Epoch 70
2022-09-20 04:37:05 INFO     Number of samples in train dataset 156907
2022-09-20 04:43:08 INFO     Critic training done in epoch 70
2022-09-20 04:45:11 INFO     Encoder decoder training done in epoch 70
2022-09-20 04:45:11 INFO     critic x loss 19864.746 critic z loss -389.297 encoder loss 82579.539 decoder loss 444.502

2022-09-20 04:45:11 INFO     Epoch 71
2022-09-20 04:45:11 INFO     Number of samples in train dataset 156907
2022-09-20 04:51:13 INFO     Critic training done in epoch 71
2022-09-20 04:53:17 INFO     Encoder decoder training done in epoch 71
2022-09-20 04:53:17 INFO     critic x loss 21196.253 critic z loss -393.823 encoder loss 84754.789 decoder loss 450.087

2022-09-20 04:53:17 INFO     Epoch 72
2022-09-20 04:53:17 INFO     Number of samples in train dataset 156907
2022-09-20 04:59:19 INFO     Critic training done in epoch 72
2022-09-20 05:01:22 INFO     Encoder decoder training done in epoch 72
2022-09-20 05:01:22 INFO     critic x loss 21453.248 critic z loss -399.699 encoder loss 87333.797 decoder loss 456.654

2022-09-20 05:01:22 INFO     Epoch 73
2022-09-20 05:01:22 INFO     Number of samples in train dataset 156907
2022-09-20 05:07:25 INFO     Critic training done in epoch 73
2022-09-20 05:09:28 INFO     Encoder decoder training done in epoch 73
2022-09-20 05:09:28 INFO     critic x loss 22889.556 critic z loss -405.130 encoder loss 88860.164 decoder loss 462.383

2022-09-20 05:09:28 INFO     Epoch 74
2022-09-20 05:09:28 INFO     Number of samples in train dataset 156907
2022-09-20 05:15:31 INFO     Critic training done in epoch 74
2022-09-20 05:17:35 INFO     Encoder decoder training done in epoch 74
2022-09-20 05:17:35 INFO     critic x loss 24179.320 critic z loss -410.028 encoder loss 91267.203 decoder loss 468.431

2022-09-20 05:17:35 INFO     Epoch 75
2022-09-20 05:17:35 INFO     Number of samples in train dataset 156907
2022-09-20 05:23:38 INFO     Critic training done in epoch 75
2022-09-20 05:25:41 INFO     Encoder decoder training done in epoch 75
2022-09-20 05:25:41 INFO     critic x loss 25041.729 critic z loss -415.797 encoder loss 93125.477 decoder loss 474.889

2022-09-20 05:25:41 INFO     Epoch 76
2022-09-20 05:25:42 INFO     Number of samples in train dataset 156907
2022-09-20 05:31:45 INFO     Critic training done in epoch 76
2022-09-20 05:33:48 INFO     Encoder decoder training done in epoch 76
2022-09-20 05:33:48 INFO     critic x loss 26021.127 critic z loss -420.890 encoder loss 95700.609 decoder loss 480.986

2022-09-20 05:33:48 INFO     Epoch 77
2022-09-20 05:33:48 INFO     Number of samples in train dataset 156907
2022-09-20 05:39:51 INFO     Critic training done in epoch 77
2022-09-20 05:41:55 INFO     Encoder decoder training done in epoch 77
2022-09-20 05:41:55 INFO     critic x loss 27239.844 critic z loss -425.981 encoder loss 97774.594 decoder loss 486.774

2022-09-20 05:41:55 INFO     Epoch 78
2022-09-20 05:41:55 INFO     Number of samples in train dataset 156907
2022-09-20 05:47:58 INFO     Critic training done in epoch 78
2022-09-20 05:50:01 INFO     Encoder decoder training done in epoch 78
2022-09-20 05:50:01 INFO     critic x loss 28875.421 critic z loss -431.515 encoder loss 100462.602 decoder loss 493.615

2022-09-20 05:50:01 INFO     Epoch 79
2022-09-20 05:50:01 INFO     Number of samples in train dataset 156907
2022-09-20 05:56:05 INFO     Critic training done in epoch 79
2022-09-20 05:58:08 INFO     Encoder decoder training done in epoch 79
2022-09-20 05:58:08 INFO     critic x loss 29557.791 critic z loss -436.995 encoder loss 102720.047 decoder loss 499.115

2022-09-20 05:58:08 INFO     Epoch 80
2022-09-20 05:58:08 INFO     Number of samples in train dataset 156907
2022-09-20 06:04:12 INFO     Critic training done in epoch 80
2022-09-20 06:06:15 INFO     Encoder decoder training done in epoch 80
2022-09-20 06:06:15 INFO     critic x loss 30642.073 critic z loss -442.145 encoder loss 105045.258 decoder loss 505.514

2022-09-20 06:06:15 INFO     Epoch 81
2022-09-20 06:06:15 INFO     Number of samples in train dataset 156907
2022-09-20 06:12:18 INFO     Critic training done in epoch 81
2022-09-20 06:14:22 INFO     Encoder decoder training done in epoch 81
2022-09-20 06:14:22 INFO     critic x loss 32420.838 critic z loss -447.200 encoder loss 107137.156 decoder loss 511.188

2022-09-20 06:14:22 INFO     Epoch 82
2022-09-20 06:14:22 INFO     Number of samples in train dataset 156907
2022-09-20 06:20:26 INFO     Critic training done in epoch 82
2022-09-20 06:22:29 INFO     Encoder decoder training done in epoch 82
2022-09-20 06:22:29 INFO     critic x loss 32831.453 critic z loss -452.420 encoder loss 110363.352 decoder loss 517.166

2022-09-20 06:22:29 INFO     Epoch 83
2022-09-20 06:22:29 INFO     Number of samples in train dataset 156907
2022-09-20 06:28:33 INFO     Critic training done in epoch 83
2022-09-20 06:30:37 INFO     Encoder decoder training done in epoch 83
2022-09-20 06:30:37 INFO     critic x loss 34605.167 critic z loss -458.135 encoder loss 112046.641 decoder loss 524.130

2022-09-20 06:30:37 INFO     Epoch 84
2022-09-20 06:30:37 INFO     Number of samples in train dataset 156907
2022-09-20 06:36:41 INFO     Critic training done in epoch 84
2022-09-20 06:38:44 INFO     Encoder decoder training done in epoch 84
2022-09-20 06:38:44 INFO     critic x loss 35533.390 critic z loss -463.524 encoder loss 115333.875 decoder loss 530.379

2022-09-20 06:38:44 INFO     Epoch 85
2022-09-20 06:38:44 INFO     Number of samples in train dataset 156907
2022-09-20 06:44:48 INFO     Critic training done in epoch 85
2022-09-20 06:46:52 INFO     Encoder decoder training done in epoch 85
2022-09-20 06:46:52 INFO     critic x loss 36382.838 critic z loss -469.502 encoder loss 118454.227 decoder loss 536.381

2022-09-20 06:46:52 INFO     Epoch 86
2022-09-20 06:46:52 INFO     Number of samples in train dataset 156907
2022-09-20 06:52:56 INFO     Critic training done in epoch 86
2022-09-20 06:54:59 INFO     Encoder decoder training done in epoch 86
2022-09-20 06:54:59 INFO     critic x loss 37089.636 critic z loss -474.104 encoder loss 120867.695 decoder loss 542.197

2022-09-20 06:54:59 INFO     Epoch 87
2022-09-20 06:54:59 INFO     Number of samples in train dataset 156907
2022-09-20 07:01:04 INFO     Critic training done in epoch 87
2022-09-20 07:03:06 INFO     Encoder decoder training done in epoch 87
2022-09-20 07:03:06 INFO     critic x loss 37814.241 critic z loss -479.847 encoder loss 125270.039 decoder loss 548.661

2022-09-20 07:03:06 INFO     Epoch 88
2022-09-20 07:03:06 INFO     Number of samples in train dataset 156907
2022-09-20 07:09:12 INFO     Critic training done in epoch 88
2022-09-20 07:11:15 INFO     Encoder decoder training done in epoch 88
2022-09-20 07:11:15 INFO     critic x loss 38370.660 critic z loss -484.529 encoder loss 128413.117 decoder loss 553.885

2022-09-20 07:11:15 INFO     Epoch 89
2022-09-20 07:11:15 INFO     Number of samples in train dataset 156907
2022-09-20 07:17:20 INFO     Critic training done in epoch 89
2022-09-20 07:19:23 INFO     Encoder decoder training done in epoch 89
2022-09-20 07:19:23 INFO     critic x loss 39218.107 critic z loss -489.682 encoder loss 131783.109 decoder loss 560.208

2022-09-20 07:19:23 INFO     Epoch 90
2022-09-20 07:19:23 INFO     Number of samples in train dataset 156907
2022-09-20 07:25:28 INFO     Critic training done in epoch 90
2022-09-20 07:27:31 INFO     Encoder decoder training done in epoch 90
2022-09-20 07:27:31 INFO     critic x loss 39162.431 critic z loss -494.979 encoder loss 135810.078 decoder loss 566.560

2022-09-20 07:27:31 INFO     Epoch 91
2022-09-20 07:27:32 INFO     Number of samples in train dataset 156907
2022-09-20 07:33:37 INFO     Critic training done in epoch 91
2022-09-20 07:35:40 INFO     Encoder decoder training done in epoch 91
2022-09-20 07:35:40 INFO     critic x loss 39666.991 critic z loss -499.724 encoder loss 140000.078 decoder loss 572.511

2022-09-20 07:35:40 INFO     Epoch 92
2022-09-20 07:35:40 INFO     Number of samples in train dataset 156907
2022-09-20 07:41:45 INFO     Critic training done in epoch 92
2022-09-20 07:43:48 INFO     Encoder decoder training done in epoch 92
2022-09-20 07:43:48 INFO     critic x loss 40030.439 critic z loss -505.030 encoder loss 143644.828 decoder loss 577.847

2022-09-20 07:43:48 INFO     Epoch 93
2022-09-20 07:43:48 INFO     Number of samples in train dataset 156907
2022-09-20 07:49:52 INFO     Critic training done in epoch 93
2022-09-20 07:51:55 INFO     Encoder decoder training done in epoch 93
2022-09-20 07:51:55 INFO     critic x loss 39611.657 critic z loss -510.717 encoder loss 147849.641 decoder loss 584.223

2022-09-20 07:51:55 INFO     Epoch 94
2022-09-20 07:51:55 INFO     Number of samples in train dataset 156907
2022-09-20 07:58:00 INFO     Critic training done in epoch 94
2022-09-20 08:00:03 INFO     Encoder decoder training done in epoch 94
2022-09-20 08:00:03 INFO     critic x loss 40574.925 critic z loss -515.446 encoder loss 151823.656 decoder loss 590.133

2022-09-20 08:00:03 INFO     Epoch 95
2022-09-20 08:00:03 INFO     Number of samples in train dataset 156907
2022-09-20 08:06:08 INFO     Critic training done in epoch 95
2022-09-20 08:08:11 INFO     Encoder decoder training done in epoch 95
2022-09-20 08:08:11 INFO     critic x loss 40691.133 critic z loss -520.413 encoder loss 155263.219 decoder loss 596.206

2022-09-20 08:08:11 INFO     Epoch 96
2022-09-20 08:08:11 INFO     Number of samples in train dataset 156907
2022-09-20 08:14:16 INFO     Critic training done in epoch 96
2022-09-20 08:16:19 INFO     Encoder decoder training done in epoch 96
2022-09-20 08:16:19 INFO     critic x loss 41835.835 critic z loss -525.547 encoder loss 158778.219 decoder loss 602.027

2022-09-20 08:16:19 INFO     Epoch 97
2022-09-20 08:16:19 INFO     Number of samples in train dataset 156907
2022-09-20 08:22:24 INFO     Critic training done in epoch 97
2022-09-20 08:24:28 INFO     Encoder decoder training done in epoch 97
2022-09-20 08:24:28 INFO     critic x loss 41090.545 critic z loss -531.337 encoder loss 162542.297 decoder loss 608.241

2022-09-20 08:24:28 INFO     Epoch 98
2022-09-20 08:24:28 INFO     Number of samples in train dataset 156907
2022-09-20 08:30:32 INFO     Critic training done in epoch 98
2022-09-20 08:32:36 INFO     Encoder decoder training done in epoch 98
2022-09-20 08:32:36 INFO     critic x loss 41565.004 critic z loss -536.395 encoder loss 166528.297 decoder loss 613.905

2022-09-20 08:32:36 INFO     Epoch 99
2022-09-20 08:32:36 INFO     Number of samples in train dataset 156907
2022-09-20 08:38:41 INFO     Critic training done in epoch 99
2022-09-20 08:40:45 INFO     Encoder decoder training done in epoch 99
2022-09-20 08:40:45 INFO     critic x loss 41921.683 critic z loss -541.835 encoder loss 169793.859 decoder loss 620.476

2022-09-20 08:40:45 INFO     Epoch 100
2022-09-20 08:40:45 INFO     Number of samples in train dataset 156907
2022-09-20 08:46:49 INFO     Critic training done in epoch 100
2022-09-20 08:48:53 INFO     Encoder decoder training done in epoch 100
2022-09-20 08:48:53 INFO     critic x loss 39994.486 critic z loss -547.028 encoder loss 174740.281 decoder loss 625.997

2022-09-20 08:48:53 INFO     Epoch 101
2022-09-20 08:48:53 INFO     Number of samples in train dataset 156907
2022-09-20 08:54:57 INFO     Critic training done in epoch 101
2022-09-20 08:57:01 INFO     Encoder decoder training done in epoch 101
2022-09-20 08:57:01 INFO     critic x loss 41450.414 critic z loss -551.863 encoder loss 178180.359 decoder loss 632.468

2022-09-20 08:57:01 INFO     Epoch 102
2022-09-20 08:57:01 INFO     Number of samples in train dataset 156907
2022-09-20 09:03:06 INFO     Critic training done in epoch 102
2022-09-20 09:05:09 INFO     Encoder decoder training done in epoch 102
2022-09-20 09:05:09 INFO     critic x loss 41468.245 critic z loss -556.087 encoder loss 182029.297 decoder loss 637.383

2022-09-20 09:05:09 INFO     Epoch 103
2022-09-20 09:05:10 INFO     Number of samples in train dataset 156907
2022-09-20 09:11:14 INFO     Critic training done in epoch 103
2022-09-20 09:13:18 INFO     Encoder decoder training done in epoch 103
2022-09-20 09:13:18 INFO     critic x loss 40646.489 critic z loss -561.890 encoder loss 186577.172 decoder loss 644.046

2022-09-20 09:13:18 INFO     Epoch 104
2022-09-20 09:13:18 INFO     Number of samples in train dataset 156907
2022-09-20 09:19:21 INFO     Critic training done in epoch 104
2022-09-20 09:21:24 INFO     Encoder decoder training done in epoch 104
2022-09-20 09:21:24 INFO     critic x loss 40651.136 critic z loss -567.698 encoder loss 190104.094 decoder loss 649.917

2022-09-20 09:21:24 INFO     Epoch 105
2022-09-20 09:21:25 INFO     Number of samples in train dataset 156907
2022-09-20 09:27:28 INFO     Critic training done in epoch 105
2022-09-20 09:29:31 INFO     Encoder decoder training done in epoch 105
2022-09-20 09:29:31 INFO     critic x loss 40326.736 critic z loss -571.917 encoder loss 193111.812 decoder loss 654.762

2022-09-20 09:29:31 INFO     Epoch 106
2022-09-20 09:29:31 INFO     Number of samples in train dataset 156907
2022-09-20 09:35:35 INFO     Critic training done in epoch 106
2022-09-20 09:37:39 INFO     Encoder decoder training done in epoch 106
2022-09-20 09:37:39 INFO     critic x loss 39508.386 critic z loss -577.320 encoder loss 198333.844 decoder loss 661.080

2022-09-20 09:37:39 INFO     Epoch 107
2022-09-20 09:37:39 INFO     Number of samples in train dataset 156907
2022-09-20 09:43:43 INFO     Critic training done in epoch 107
2022-09-20 09:45:46 INFO     Encoder decoder training done in epoch 107
2022-09-20 09:45:46 INFO     critic x loss 39805.885 critic z loss -582.741 encoder loss 202957.453 decoder loss 667.269

2022-09-20 09:45:46 INFO     Epoch 108
2022-09-20 09:45:46 INFO     Number of samples in train dataset 156907
2022-09-20 09:51:50 INFO     Critic training done in epoch 108
2022-09-20 09:53:53 INFO     Encoder decoder training done in epoch 108
2022-09-20 09:53:53 INFO     critic x loss 40278.320 critic z loss -587.558 encoder loss 205644.078 decoder loss 672.369

2022-09-20 09:53:53 INFO     Epoch 109
2022-09-20 09:53:53 INFO     Number of samples in train dataset 156907
2022-09-20 09:59:58 INFO     Critic training done in epoch 109
2022-09-20 10:02:01 INFO     Encoder decoder training done in epoch 109
2022-09-20 10:02:01 INFO     critic x loss 38324.525 critic z loss -592.611 encoder loss 211581.594 decoder loss 678.479

2022-09-20 10:02:01 INFO     Epoch 110
2022-09-20 10:02:01 INFO     Number of samples in train dataset 156907
2022-09-20 10:08:05 INFO     Critic training done in epoch 110
2022-09-20 10:10:07 INFO     Encoder decoder training done in epoch 110
2022-09-20 10:10:07 INFO     critic x loss 38501.670 critic z loss -597.614 encoder loss 214500.297 decoder loss 684.213

2022-09-20 10:10:08 INFO     Epoch 111
2022-09-20 10:10:08 INFO     Number of samples in train dataset 156907
2022-09-20 10:16:13 INFO     Critic training done in epoch 111
2022-09-20 10:18:16 INFO     Encoder decoder training done in epoch 111
2022-09-20 10:18:16 INFO     critic x loss 40018.354 critic z loss -602.354 encoder loss 217245.375 decoder loss 689.263

2022-09-20 10:18:16 INFO     Epoch 112
2022-09-20 10:18:16 INFO     Number of samples in train dataset 156907
2022-09-20 10:24:21 INFO     Critic training done in epoch 112
2022-09-20 10:26:24 INFO     Encoder decoder training done in epoch 112
2022-09-20 10:26:24 INFO     critic x loss 38331.670 critic z loss -606.849 encoder loss 222068.828 decoder loss 695.312

2022-09-20 10:26:24 INFO     Epoch 113
2022-09-20 10:26:24 INFO     Number of samples in train dataset 156907
2022-09-20 10:32:29 INFO     Critic training done in epoch 113
2022-09-20 10:34:32 INFO     Encoder decoder training done in epoch 113
2022-09-20 10:34:32 INFO     critic x loss 39528.869 critic z loss -612.244 encoder loss 225941.875 decoder loss 700.912

2022-09-20 10:34:32 INFO     Epoch 114
2022-09-20 10:34:32 INFO     Number of samples in train dataset 156907
2022-09-20 10:40:37 INFO     Critic training done in epoch 114
2022-09-20 10:42:40 INFO     Encoder decoder training done in epoch 114
2022-09-20 10:42:40 INFO     critic x loss 39472.153 critic z loss -617.674 encoder loss 229752.562 decoder loss 707.677

2022-09-20 10:42:40 INFO     Epoch 115
2022-09-20 10:42:40 INFO     Number of samples in train dataset 156907
2022-09-20 10:48:45 INFO     Critic training done in epoch 115
2022-09-20 10:50:47 INFO     Encoder decoder training done in epoch 115
2022-09-20 10:50:47 INFO     critic x loss 38734.036 critic z loss -622.973 encoder loss 233814.094 decoder loss 713.390

2022-09-20 10:50:47 INFO     Epoch 116
2022-09-20 10:50:47 INFO     Number of samples in train dataset 156907
2022-09-20 10:56:52 INFO     Critic training done in epoch 116
2022-09-20 10:58:55 INFO     Encoder decoder training done in epoch 116
2022-09-20 10:58:55 INFO     critic x loss 37502.716 critic z loss -628.189 encoder loss 237542.297 decoder loss 719.011

2022-09-20 10:58:55 INFO     Epoch 117
2022-09-20 10:58:55 INFO     Number of samples in train dataset 156907
2022-09-20 11:05:00 INFO     Critic training done in epoch 117
2022-09-20 11:07:03 INFO     Encoder decoder training done in epoch 117
2022-09-20 11:07:03 INFO     critic x loss 38190.289 critic z loss -632.886 encoder loss 241932.969 decoder loss 725.108

2022-09-20 11:07:03 INFO     Epoch 118
2022-09-20 11:07:03 INFO     Number of samples in train dataset 156907
2022-09-20 11:13:06 INFO     Critic training done in epoch 118
2022-09-20 11:15:10 INFO     Encoder decoder training done in epoch 118
2022-09-20 11:15:10 INFO     critic x loss 36402.697 critic z loss -639.096 encoder loss 246458.109 decoder loss 730.674

2022-09-20 11:15:10 INFO     Epoch 119
2022-09-20 11:15:10 INFO     Number of samples in train dataset 156907
2022-09-20 11:21:13 INFO     Critic training done in epoch 119
2022-09-20 11:23:17 INFO     Encoder decoder training done in epoch 119
2022-09-20 11:23:17 INFO     critic x loss 37300.975 critic z loss -642.909 encoder loss 250093.062 decoder loss 736.531

2022-09-20 11:23:17 INFO     Epoch 120
2022-09-20 11:23:17 INFO     Number of samples in train dataset 156907
2022-09-20 11:29:20 INFO     Critic training done in epoch 120
2022-09-20 11:31:24 INFO     Encoder decoder training done in epoch 120
2022-09-20 11:31:24 INFO     critic x loss 36775.440 critic z loss -649.215 encoder loss 254940.359 decoder loss 742.856

2022-09-20 11:31:24 INFO     Epoch 121
2022-09-20 11:31:24 INFO     Number of samples in train dataset 156907
2022-09-20 11:37:28 INFO     Critic training done in epoch 121
2022-09-20 11:39:32 INFO     Encoder decoder training done in epoch 121
2022-09-20 11:39:32 INFO     critic x loss 36905.791 critic z loss -654.550 encoder loss 258345.438 decoder loss 748.276

2022-09-20 11:39:32 INFO     Epoch 122
2022-09-20 11:39:32 INFO     Number of samples in train dataset 156907
2022-09-20 11:45:36 INFO     Critic training done in epoch 122
2022-09-20 11:47:39 INFO     Encoder decoder training done in epoch 122
2022-09-20 11:47:39 INFO     critic x loss 35630.591 critic z loss -659.234 encoder loss 263375.375 decoder loss 754.405

2022-09-20 11:47:39 INFO     Epoch 123
2022-09-20 11:47:39 INFO     Number of samples in train dataset 156907
2022-09-20 11:53:43 INFO     Critic training done in epoch 123
2022-09-20 11:55:47 INFO     Encoder decoder training done in epoch 123
2022-09-20 11:55:47 INFO     critic x loss 36772.992 critic z loss -664.558 encoder loss 266184.906 decoder loss 760.333

2022-09-20 11:55:47 INFO     Epoch 124
2022-09-20 11:55:47 INFO     Number of samples in train dataset 156907
2022-09-20 12:01:51 INFO     Critic training done in epoch 124
2022-09-20 12:03:54 INFO     Encoder decoder training done in epoch 124
2022-09-20 12:03:54 INFO     critic x loss 36691.574 critic z loss -669.384 encoder loss 270436.750 decoder loss 765.559

2022-09-20 12:03:54 INFO     Epoch 125
2022-09-20 12:03:54 INFO     Number of samples in train dataset 156907
2022-09-20 12:09:58 INFO     Critic training done in epoch 125
2022-09-20 12:12:01 INFO     Encoder decoder training done in epoch 125
2022-09-20 12:12:01 INFO     critic x loss 36573.372 critic z loss -675.302 encoder loss 273297.469 decoder loss 771.743

2022-09-20 12:12:01 INFO     Epoch 126
2022-09-20 12:12:02 INFO     Number of samples in train dataset 156907
2022-09-20 12:18:06 INFO     Critic training done in epoch 126
2022-09-20 12:20:09 INFO     Encoder decoder training done in epoch 126
2022-09-20 12:20:09 INFO     critic x loss 34962.929 critic z loss -680.414 encoder loss 278676.188 decoder loss 777.563

2022-09-20 12:20:09 INFO     Epoch 127
2022-09-20 12:20:09 INFO     Number of samples in train dataset 156907
2022-09-20 12:26:13 INFO     Critic training done in epoch 127
2022-09-20 12:28:16 INFO     Encoder decoder training done in epoch 127
2022-09-20 12:28:16 INFO     critic x loss 35535.069 critic z loss -685.400 encoder loss 282945.438 decoder loss 782.934

2022-09-20 12:28:16 INFO     Epoch 128
2022-09-20 12:28:16 INFO     Number of samples in train dataset 156907
2022-09-20 12:34:21 INFO     Critic training done in epoch 128
2022-09-20 12:36:24 INFO     Encoder decoder training done in epoch 128
2022-09-20 12:36:24 INFO     critic x loss 36638.193 critic z loss -689.460 encoder loss 284570.219 decoder loss 788.238

2022-09-20 12:36:24 INFO     Epoch 129
2022-09-20 12:36:24 INFO     Number of samples in train dataset 156907
2022-09-20 12:42:28 INFO     Critic training done in epoch 129
2022-09-20 12:44:31 INFO     Encoder decoder training done in epoch 129
2022-09-20 12:44:31 INFO     critic x loss 37105.748 critic z loss -694.180 encoder loss 288841.531 decoder loss 794.147

2022-09-20 12:44:31 INFO     Epoch 130
2022-09-20 12:44:32 INFO     Number of samples in train dataset 156907
2022-09-20 12:50:37 INFO     Critic training done in epoch 130
2022-09-20 12:52:40 INFO     Encoder decoder training done in epoch 130
2022-09-20 12:52:40 INFO     critic x loss 36368.884 critic z loss -700.204 encoder loss 294263.875 decoder loss 799.580

2022-09-20 12:52:40 INFO     Epoch 131
2022-09-20 12:52:40 INFO     Number of samples in train dataset 156907
2022-09-20 12:58:44 INFO     Critic training done in epoch 131
2022-09-20 13:00:47 INFO     Encoder decoder training done in epoch 131
2022-09-20 13:00:47 INFO     critic x loss 33241.975 critic z loss -705.380 encoder loss 299597.562 decoder loss 805.663

2022-09-20 13:00:47 INFO     Epoch 132
2022-09-20 13:00:47 INFO     Number of samples in train dataset 156907
2022-09-20 13:06:53 INFO     Critic training done in epoch 132
2022-09-20 13:08:55 INFO     Encoder decoder training done in epoch 132
2022-09-20 13:08:55 INFO     critic x loss 35463.352 critic z loss -710.091 encoder loss 302301.469 decoder loss 811.401

2022-09-20 13:08:55 INFO     Epoch 133
2022-09-20 13:08:56 INFO     Number of samples in train dataset 156907
2022-09-20 13:15:02 INFO     Critic training done in epoch 133
2022-09-20 13:17:04 INFO     Encoder decoder training done in epoch 133
2022-09-20 13:17:04 INFO     critic x loss 33416.668 critic z loss -714.512 encoder loss 307969.438 decoder loss 817.221

2022-09-20 13:17:04 INFO     Epoch 134
2022-09-20 13:17:05 INFO     Number of samples in train dataset 156907
2022-09-20 13:23:12 INFO     Critic training done in epoch 134
2022-09-20 13:25:14 INFO     Encoder decoder training done in epoch 134
2022-09-20 13:25:14 INFO     critic x loss 32931.083 critic z loss -720.763 encoder loss 312875.062 decoder loss 823.358

2022-09-20 13:25:14 INFO     Epoch 135
2022-09-20 13:25:14 INFO     Number of samples in train dataset 156907
2022-09-20 13:31:21 INFO     Critic training done in epoch 135
2022-09-20 13:33:23 INFO     Encoder decoder training done in epoch 135
2022-09-20 13:33:23 INFO     critic x loss 32120.803 critic z loss -727.178 encoder loss 317449.250 decoder loss 828.690

2022-09-20 13:33:23 INFO     Epoch 136
2022-09-20 13:33:23 INFO     Number of samples in train dataset 156907
2022-09-20 13:39:30 INFO     Critic training done in epoch 136
2022-09-20 13:41:32 INFO     Encoder decoder training done in epoch 136
2022-09-20 13:41:32 INFO     critic x loss 33324.948 critic z loss -730.310 encoder loss 321156.156 decoder loss 834.408

2022-09-20 13:41:32 INFO     Epoch 137
2022-09-20 13:41:32 INFO     Number of samples in train dataset 156907
2022-09-20 13:47:39 INFO     Critic training done in epoch 137
2022-09-20 13:49:41 INFO     Encoder decoder training done in epoch 137
2022-09-20 13:49:41 INFO     critic x loss 31612.122 critic z loss -737.057 encoder loss 326969.812 decoder loss 839.794

2022-09-20 13:49:41 INFO     Epoch 138
2022-09-20 13:49:41 INFO     Number of samples in train dataset 156907
2022-09-20 13:55:48 INFO     Critic training done in epoch 138
2022-09-20 13:57:50 INFO     Encoder decoder training done in epoch 138
2022-09-20 13:57:50 INFO     critic x loss 29823.324 critic z loss -740.655 encoder loss 332594.531 decoder loss 845.795

2022-09-20 13:57:50 INFO     Epoch 139
2022-09-20 13:57:50 INFO     Number of samples in train dataset 156907
2022-09-20 14:03:57 INFO     Critic training done in epoch 139
2022-09-20 14:06:00 INFO     Encoder decoder training done in epoch 139
2022-09-20 14:06:00 INFO     critic x loss 31631.200 critic z loss -744.708 encoder loss 334862.250 decoder loss 850.896

2022-09-20 14:06:00 INFO     Epoch 140
2022-09-20 14:06:00 INFO     Number of samples in train dataset 156907
2022-09-20 14:12:07 INFO     Critic training done in epoch 140
2022-09-20 14:14:09 INFO     Encoder decoder training done in epoch 140
2022-09-20 14:14:09 INFO     critic x loss 29152.324 critic z loss -751.008 encoder loss 341548.438 decoder loss 856.685

2022-09-20 14:14:09 INFO     Epoch 141
2022-09-20 14:14:09 INFO     Number of samples in train dataset 156907
2022-09-20 14:20:17 INFO     Critic training done in epoch 141
2022-09-20 14:22:19 INFO     Encoder decoder training done in epoch 141
2022-09-20 14:22:19 INFO     critic x loss 28850.745 critic z loss -755.725 encoder loss 346591.781 decoder loss 863.095

2022-09-20 14:22:19 INFO     Epoch 142
2022-09-20 14:22:19 INFO     Number of samples in train dataset 156907
2022-09-20 14:28:26 INFO     Critic training done in epoch 142
2022-09-20 14:30:28 INFO     Encoder decoder training done in epoch 142
2022-09-20 14:30:28 INFO     critic x loss 28874.229 critic z loss -759.755 encoder loss 349802.312 decoder loss 867.571

2022-09-20 14:30:28 INFO     Epoch 143
2022-09-20 14:30:28 INFO     Number of samples in train dataset 156907
2022-09-20 14:36:35 INFO     Critic training done in epoch 143
2022-09-20 14:38:37 INFO     Encoder decoder training done in epoch 143
2022-09-20 14:38:37 INFO     critic x loss 25926.330 critic z loss -765.369 encoder loss 355588.125 decoder loss 873.428

2022-09-20 14:38:37 INFO     Epoch 144
2022-09-20 14:38:37 INFO     Number of samples in train dataset 156907
2022-09-20 14:44:44 INFO     Critic training done in epoch 144
2022-09-20 14:46:46 INFO     Encoder decoder training done in epoch 144
2022-09-20 14:46:46 INFO     critic x loss 28584.470 critic z loss -769.821 encoder loss 360535.781 decoder loss 878.615

2022-09-20 14:46:46 INFO     Epoch 145
2022-09-20 14:46:46 INFO     Number of samples in train dataset 156907
2022-09-20 14:52:53 INFO     Critic training done in epoch 145
2022-09-20 14:54:55 INFO     Encoder decoder training done in epoch 145
2022-09-20 14:54:55 INFO     critic x loss 26698.344 critic z loss -774.733 encoder loss 365239.469 decoder loss 885.607

2022-09-20 14:54:55 INFO     Epoch 146
2022-09-20 14:54:55 INFO     Number of samples in train dataset 156907
2022-09-20 15:01:02 INFO     Critic training done in epoch 146
2022-09-20 15:03:04 INFO     Encoder decoder training done in epoch 146
2022-09-20 15:03:04 INFO     critic x loss 26204.500 critic z loss -780.940 encoder loss 370063.500 decoder loss 890.604

2022-09-20 15:03:04 INFO     Epoch 147
2022-09-20 15:03:04 INFO     Number of samples in train dataset 156907
2022-09-20 15:09:11 INFO     Critic training done in epoch 147
2022-09-20 15:11:13 INFO     Encoder decoder training done in epoch 147
2022-09-20 15:11:13 INFO     critic x loss 26326.870 critic z loss -784.938 encoder loss 374488.781 decoder loss 896.185

2022-09-20 15:11:13 INFO     Epoch 148
2022-09-20 15:11:13 INFO     Number of samples in train dataset 156907
2022-09-20 15:17:20 INFO     Critic training done in epoch 148
2022-09-20 15:19:22 INFO     Encoder decoder training done in epoch 148
2022-09-20 15:19:22 INFO     critic x loss 23338.725 critic z loss -789.710 encoder loss 381005.844 decoder loss 902.032

2022-09-20 15:19:22 INFO     Epoch 149
2022-09-20 15:19:22 INFO     Number of samples in train dataset 156907
2022-09-20 15:25:30 INFO     Critic training done in epoch 149
2022-09-20 15:27:31 INFO     Encoder decoder training done in epoch 149
2022-09-20 15:27:31 INFO     critic x loss 24929.901 critic z loss -794.440 encoder loss 384611.594 decoder loss 907.849

2022-09-20 15:27:31 INFO     Epoch 150
2022-09-20 15:27:31 INFO     Number of samples in train dataset 156907
2022-09-20 15:33:38 INFO     Critic training done in epoch 150
2022-09-20 15:35:40 INFO     Encoder decoder training done in epoch 150
2022-09-20 15:35:40 INFO     critic x loss 23624.326 critic z loss -801.288 encoder loss 392344.875 decoder loss 913.323

2022-09-20 15:35:40 INFO     Epoch 151
2022-09-20 15:35:40 INFO     Number of samples in train dataset 156907
2022-09-20 15:41:48 INFO     Critic training done in epoch 151
2022-09-20 15:43:50 INFO     Encoder decoder training done in epoch 151
2022-09-20 15:43:50 INFO     critic x loss 24196.756 critic z loss -803.206 encoder loss 392784.406 decoder loss 917.874

2022-09-20 15:43:50 INFO     Epoch 152
2022-09-20 15:43:50 INFO     Number of samples in train dataset 156907
2022-09-20 15:49:57 INFO     Critic training done in epoch 152
2022-09-20 15:51:59 INFO     Encoder decoder training done in epoch 152
2022-09-20 15:51:59 INFO     critic x loss 25872.199 critic z loss -809.960 encoder loss 400505.781 decoder loss 925.190

2022-09-20 15:51:59 INFO     Epoch 153
2022-09-20 15:51:59 INFO     Number of samples in train dataset 156907
2022-09-20 15:58:06 INFO     Critic training done in epoch 153
2022-09-20 16:00:07 INFO     Encoder decoder training done in epoch 153
2022-09-20 16:00:07 INFO     critic x loss 22177.290 critic z loss -815.970 encoder loss 407153.844 decoder loss 930.165

2022-09-20 16:00:07 INFO     Epoch 154
2022-09-20 16:00:08 INFO     Number of samples in train dataset 156907
2022-09-20 16:06:14 INFO     Critic training done in epoch 154
2022-09-20 16:08:16 INFO     Encoder decoder training done in epoch 154
2022-09-20 16:08:16 INFO     critic x loss 23335.902 critic z loss -820.613 encoder loss 411818.875 decoder loss 935.131

2022-09-20 16:08:16 INFO     Epoch 155
2022-09-20 16:08:16 INFO     Number of samples in train dataset 156907
2022-09-20 16:14:23 INFO     Critic training done in epoch 155
2022-09-20 16:16:25 INFO     Encoder decoder training done in epoch 155
2022-09-20 16:16:25 INFO     critic x loss 20207.423 critic z loss -824.359 encoder loss 419036.781 decoder loss 940.528

2022-09-20 16:16:25 INFO     Epoch 156
2022-09-20 16:16:25 INFO     Number of samples in train dataset 156907
2022-09-20 16:22:32 INFO     Critic training done in epoch 156
2022-09-20 16:24:34 INFO     Encoder decoder training done in epoch 156
2022-09-20 16:24:34 INFO     critic x loss 17631.358 critic z loss -829.926 encoder loss 424709.750 decoder loss 947.441

2022-09-20 16:24:34 INFO     Epoch 157
2022-09-20 16:24:34 INFO     Number of samples in train dataset 156907
2022-09-20 16:30:41 INFO     Critic training done in epoch 157
2022-09-20 16:32:43 INFO     Encoder decoder training done in epoch 157
2022-09-20 16:32:43 INFO     critic x loss 19610.972 critic z loss -834.330 encoder loss 430357.719 decoder loss 951.332

2022-09-20 16:32:43 INFO     Epoch 158
2022-09-20 16:32:43 INFO     Number of samples in train dataset 156907
2022-09-20 16:38:51 INFO     Critic training done in epoch 158
2022-09-20 16:40:52 INFO     Encoder decoder training done in epoch 158
2022-09-20 16:40:52 INFO     critic x loss 15866.566 critic z loss -838.790 encoder loss 435473.281 decoder loss 957.434

2022-09-20 16:40:52 INFO     Epoch 159
2022-09-20 16:40:52 INFO     Number of samples in train dataset 156907
2022-09-20 16:47:01 INFO     Critic training done in epoch 159
2022-09-20 16:49:03 INFO     Encoder decoder training done in epoch 159
2022-09-20 16:49:03 INFO     critic x loss 16626.206 critic z loss -844.830 encoder loss 441910.000 decoder loss 964.360

2022-09-20 16:49:03 INFO     Epoch 160
2022-09-20 16:49:03 INFO     Number of samples in train dataset 156907
2022-09-20 16:55:12 INFO     Critic training done in epoch 160
2022-09-20 16:57:14 INFO     Encoder decoder training done in epoch 160
2022-09-20 16:57:14 INFO     critic x loss 13996.321 critic z loss -849.456 encoder loss 448233.594 decoder loss 968.918

2022-09-20 16:57:14 INFO     Epoch 161
2022-09-20 16:57:14 INFO     Number of samples in train dataset 156907
2022-09-20 17:03:23 INFO     Critic training done in epoch 161
2022-09-20 17:05:25 INFO     Encoder decoder training done in epoch 161
2022-09-20 17:05:25 INFO     critic x loss 14685.741 critic z loss -854.005 encoder loss 453162.594 decoder loss 974.108

2022-09-20 17:05:25 INFO     Epoch 162
2022-09-20 17:05:25 INFO     Number of samples in train dataset 156907
2022-09-20 17:11:33 INFO     Critic training done in epoch 162
2022-09-20 17:13:35 INFO     Encoder decoder training done in epoch 162
2022-09-20 17:13:35 INFO     critic x loss 12234.883 critic z loss -858.704 encoder loss 459797.469 decoder loss 979.239

2022-09-20 17:13:35 INFO     Epoch 163
2022-09-20 17:13:35 INFO     Number of samples in train dataset 156907
2022-09-20 17:19:43 INFO     Critic training done in epoch 163
2022-09-20 17:21:45 INFO     Encoder decoder training done in epoch 163
2022-09-20 17:21:45 INFO     critic x loss 10060.138 critic z loss -862.828 encoder loss 467009.156 decoder loss 985.722

2022-09-20 17:21:45 INFO     Epoch 164
2022-09-20 17:21:45 INFO     Number of samples in train dataset 156907
2022-09-20 17:27:54 INFO     Critic training done in epoch 164
2022-09-20 17:29:56 INFO     Encoder decoder training done in epoch 164
2022-09-20 17:29:56 INFO     critic x loss 8550.633 critic z loss -868.655 encoder loss 473419.094 decoder loss 990.973

2022-09-20 17:29:56 INFO     Epoch 165
2022-09-20 17:29:56 INFO     Number of samples in train dataset 156907
2022-09-20 17:36:06 INFO     Critic training done in epoch 165
2022-09-20 17:38:08 INFO     Encoder decoder training done in epoch 165
2022-09-20 17:38:08 INFO     critic x loss 8443.253 critic z loss -871.384 encoder loss 479134.500 decoder loss 996.068

2022-09-20 17:38:08 INFO     Epoch 166
2022-09-20 17:38:08 INFO     Number of samples in train dataset 156907
2022-09-20 17:44:16 INFO     Critic training done in epoch 166
2022-09-20 17:46:18 INFO     Encoder decoder training done in epoch 166
2022-09-20 17:46:18 INFO     critic x loss 8482.770 critic z loss -875.564 encoder loss 485918.656 decoder loss 1001.073

2022-09-20 17:46:18 INFO     Epoch 167
2022-09-20 17:46:18 INFO     Number of samples in train dataset 156907
2022-09-20 17:52:26 INFO     Critic training done in epoch 167
2022-09-20 17:54:28 INFO     Encoder decoder training done in epoch 167
2022-09-20 17:54:28 INFO     critic x loss 3175.837 critic z loss -880.100 encoder loss 491316.438 decoder loss 1005.364

2022-09-20 17:54:28 INFO     Epoch 168
2022-09-20 17:54:28 INFO     Number of samples in train dataset 156907
2022-09-20 18:00:36 INFO     Critic training done in epoch 168
2022-09-20 18:02:38 INFO     Encoder decoder training done in epoch 168
2022-09-20 18:02:38 INFO     critic x loss 2678.192 critic z loss -885.979 encoder loss 498583.250 decoder loss 1011.838

2022-09-20 18:02:38 INFO     Epoch 169
2022-09-20 18:02:38 INFO     Number of samples in train dataset 156907
2022-09-20 18:08:45 INFO     Critic training done in epoch 169
2022-09-20 18:10:47 INFO     Encoder decoder training done in epoch 169
2022-09-20 18:10:47 INFO     critic x loss 2129.368 critic z loss -890.610 encoder loss 504926.125 decoder loss 1017.199

2022-09-20 18:10:47 INFO     Epoch 170
2022-09-20 18:10:47 INFO     Number of samples in train dataset 156907
2022-09-20 18:16:54 INFO     Critic training done in epoch 170
2022-09-20 18:18:56 INFO     Encoder decoder training done in epoch 170
2022-09-20 18:18:56 INFO     critic x loss -255.264 critic z loss -894.320 encoder loss 513306.094 decoder loss 1022.437

2022-09-20 18:18:56 INFO     Epoch 171
2022-09-20 18:18:57 INFO     Number of samples in train dataset 156907
2022-09-20 18:25:04 INFO     Critic training done in epoch 171
2022-09-20 18:27:06 INFO     Encoder decoder training done in epoch 171
2022-09-20 18:27:06 INFO     critic x loss -782.603 critic z loss -899.048 encoder loss 518992.750 decoder loss 1028.639

2022-09-20 18:27:06 INFO     Epoch 172
2022-09-20 18:27:06 INFO     Number of samples in train dataset 156907
2022-09-20 18:33:13 INFO     Critic training done in epoch 172
2022-09-20 18:35:15 INFO     Encoder decoder training done in epoch 172
2022-09-20 18:35:15 INFO     critic x loss -1872.019 critic z loss -903.865 encoder loss 527855.812 decoder loss 1032.658

2022-09-20 18:35:15 INFO     Epoch 173
2022-09-20 18:35:15 INFO     Number of samples in train dataset 156907
2022-09-20 18:41:22 INFO     Critic training done in epoch 173
2022-09-20 18:43:24 INFO     Encoder decoder training done in epoch 173
2022-09-20 18:43:24 INFO     critic x loss -3312.768 critic z loss -908.240 encoder loss 534929.750 decoder loss 1038.967

2022-09-20 18:43:24 INFO     Epoch 174
2022-09-20 18:43:24 INFO     Number of samples in train dataset 156907
2022-09-20 18:49:31 INFO     Critic training done in epoch 174
2022-09-20 18:51:33 INFO     Encoder decoder training done in epoch 174
2022-09-20 18:51:33 INFO     critic x loss -7524.912 critic z loss -914.213 encoder loss 544320.375 decoder loss 1045.254

2022-09-20 18:51:33 INFO     Epoch 175
2022-09-20 18:51:34 INFO     Number of samples in train dataset 156907
2022-09-20 18:57:41 INFO     Critic training done in epoch 175
2022-09-20 18:59:43 INFO     Encoder decoder training done in epoch 175
2022-09-20 18:59:43 INFO     critic x loss -10875.511 critic z loss -918.555 encoder loss 548881.000 decoder loss 1049.955

2022-09-20 18:59:43 INFO     Epoch 176
2022-09-20 18:59:43 INFO     Number of samples in train dataset 156907
2022-09-20 19:05:50 INFO     Critic training done in epoch 176
2022-09-20 19:07:52 INFO     Encoder decoder training done in epoch 176
2022-09-20 19:07:52 INFO     critic x loss -13943.575 critic z loss -923.667 encoder loss 554385.562 decoder loss 1055.355

2022-09-20 19:07:52 INFO     Epoch 177
2022-09-20 19:07:52 INFO     Number of samples in train dataset 156907
2022-09-20 19:13:59 INFO     Critic training done in epoch 177
2022-09-20 19:16:02 INFO     Encoder decoder training done in epoch 177
2022-09-20 19:16:02 INFO     critic x loss -12522.904 critic z loss -927.878 encoder loss 562606.812 decoder loss 1060.955

2022-09-20 19:16:02 INFO     Epoch 178
2022-09-20 19:16:02 INFO     Number of samples in train dataset 156907
2022-09-20 19:22:09 INFO     Critic training done in epoch 178
2022-09-20 19:24:11 INFO     Encoder decoder training done in epoch 178
2022-09-20 19:24:11 INFO     critic x loss -12080.216 critic z loss -932.785 encoder loss 568741.750 decoder loss 1066.445

2022-09-20 19:24:11 INFO     Epoch 179
2022-09-20 19:24:11 INFO     Number of samples in train dataset 156907
2022-09-20 19:30:17 INFO     Critic training done in epoch 179
2022-09-20 19:32:20 INFO     Encoder decoder training done in epoch 179
2022-09-20 19:32:20 INFO     critic x loss -18730.645 critic z loss -936.393 encoder loss 576699.188 decoder loss 1071.074

2022-09-20 19:32:20 INFO     Epoch 180
2022-09-20 19:32:20 INFO     Number of samples in train dataset 156907
2022-09-20 19:38:26 INFO     Critic training done in epoch 180
2022-09-20 19:40:29 INFO     Encoder decoder training done in epoch 180
2022-09-20 19:40:29 INFO     critic x loss -18320.662 critic z loss -941.426 encoder loss 581909.250 decoder loss 1076.801

2022-09-20 19:40:29 INFO     Epoch 181
2022-09-20 19:40:29 INFO     Number of samples in train dataset 156907
2022-09-20 19:46:35 INFO     Critic training done in epoch 181
2022-09-20 19:48:38 INFO     Encoder decoder training done in epoch 181
2022-09-20 19:48:38 INFO     critic x loss -17329.000 critic z loss -944.395 encoder loss 588034.438 decoder loss 1081.944

2022-09-20 19:48:38 INFO     Epoch 182
2022-09-20 19:48:38 INFO     Number of samples in train dataset 156907
2022-09-20 19:54:44 INFO     Critic training done in epoch 182
2022-09-20 19:56:47 INFO     Encoder decoder training done in epoch 182
2022-09-20 19:56:47 INFO     critic x loss -19445.255 critic z loss -948.810 encoder loss 596302.188 decoder loss 1086.823

2022-09-20 19:56:47 INFO     Epoch 183
2022-09-20 19:56:47 INFO     Number of samples in train dataset 156907
2022-09-20 20:02:54 INFO     Critic training done in epoch 183
2022-09-20 20:04:57 INFO     Encoder decoder training done in epoch 183
2022-09-20 20:04:57 INFO     critic x loss -21499.997 critic z loss -954.323 encoder loss 604175.562 decoder loss 1092.869

2022-09-20 20:04:57 INFO     Epoch 184
2022-09-20 20:04:57 INFO     Number of samples in train dataset 156907
2022-09-20 20:11:04 INFO     Critic training done in epoch 184
2022-09-20 20:13:07 INFO     Encoder decoder training done in epoch 184
2022-09-20 20:13:07 INFO     critic x loss -24907.382 critic z loss -959.157 encoder loss 616609.938 decoder loss 1098.436

2022-09-20 20:13:07 INFO     Epoch 185
2022-09-20 20:13:07 INFO     Number of samples in train dataset 156907
2022-09-20 20:19:14 INFO     Critic training done in epoch 185
2022-09-20 20:21:17 INFO     Encoder decoder training done in epoch 185
2022-09-20 20:21:17 INFO     critic x loss -27153.874 critic z loss -963.694 encoder loss 621051.812 decoder loss 1104.299

2022-09-20 20:21:17 INFO     Epoch 186
2022-09-20 20:21:17 INFO     Number of samples in train dataset 156907
2022-09-20 20:27:24 INFO     Critic training done in epoch 186
2022-09-20 20:29:28 INFO     Encoder decoder training done in epoch 186
2022-09-20 20:29:28 INFO     critic x loss -25605.434 critic z loss -966.837 encoder loss 623998.188 decoder loss 1108.159

2022-09-20 20:29:28 INFO     Epoch 187
2022-09-20 20:29:28 INFO     Number of samples in train dataset 156907
2022-09-20 20:35:34 INFO     Critic training done in epoch 187
2022-09-20 20:37:38 INFO     Encoder decoder training done in epoch 187
2022-09-20 20:37:38 INFO     critic x loss -27769.157 critic z loss -971.217 encoder loss 631235.438 decoder loss 1114.212

2022-09-20 20:37:38 INFO     Epoch 188
2022-09-20 20:37:38 INFO     Number of samples in train dataset 156907
2022-09-20 20:43:44 INFO     Critic training done in epoch 188
2022-09-20 20:45:48 INFO     Encoder decoder training done in epoch 188
2022-09-20 20:45:48 INFO     critic x loss -26773.046 critic z loss -975.570 encoder loss 639629.688 decoder loss 1119.541

2022-09-20 20:45:48 INFO     Epoch 189
2022-09-20 20:45:48 INFO     Number of samples in train dataset 156907
2022-09-20 20:51:53 INFO     Critic training done in epoch 189
2022-09-20 20:53:57 INFO     Encoder decoder training done in epoch 189
2022-09-20 20:53:57 INFO     critic x loss -35802.654 critic z loss -981.780 encoder loss 651058.688 decoder loss 1124.162

2022-09-20 20:53:57 INFO     Epoch 190
2022-09-20 20:53:57 INFO     Number of samples in train dataset 156907
2022-09-20 21:00:02 INFO     Critic training done in epoch 190
2022-09-20 21:02:06 INFO     Encoder decoder training done in epoch 190
2022-09-20 21:02:06 INFO     critic x loss -38141.922 critic z loss -985.337 encoder loss 657430.375 decoder loss 1130.511

2022-09-20 21:02:06 INFO     Epoch 191
2022-09-20 21:02:06 INFO     Number of samples in train dataset 156907
2022-09-20 21:08:11 INFO     Critic training done in epoch 191
2022-09-20 21:10:16 INFO     Encoder decoder training done in epoch 191
2022-09-20 21:10:16 INFO     critic x loss -37736.707 critic z loss -990.857 encoder loss 664528.000 decoder loss 1135.056

2022-09-20 21:10:16 INFO     Epoch 192
2022-09-20 21:10:16 INFO     Number of samples in train dataset 156907
2022-09-20 21:16:21 INFO     Critic training done in epoch 192
2022-09-20 21:18:25 INFO     Encoder decoder training done in epoch 192
2022-09-20 21:18:25 INFO     critic x loss -41009.731 critic z loss -994.237 encoder loss 673862.500 decoder loss 1141.229

2022-09-20 21:18:25 INFO     Epoch 193
2022-09-20 21:18:25 INFO     Number of samples in train dataset 156907
2022-09-20 21:24:30 INFO     Critic training done in epoch 193
2022-09-20 21:26:34 INFO     Encoder decoder training done in epoch 193
2022-09-20 21:26:34 INFO     critic x loss -44067.201 critic z loss -999.791 encoder loss 682722.562 decoder loss 1146.624

2022-09-20 21:26:34 INFO     Epoch 194
2022-09-20 21:26:35 INFO     Number of samples in train dataset 156907
2022-09-20 21:32:39 INFO     Critic training done in epoch 194
2022-09-20 21:34:43 INFO     Encoder decoder training done in epoch 194
2022-09-20 21:34:43 INFO     critic x loss -44871.055 critic z loss -1003.173 encoder loss 691527.125 decoder loss 1151.749

2022-09-20 21:34:43 INFO     Epoch 195
2022-09-20 21:34:44 INFO     Number of samples in train dataset 156907
2022-09-20 21:40:49 INFO     Critic training done in epoch 195
2022-09-20 21:42:53 INFO     Encoder decoder training done in epoch 195
2022-09-20 21:42:53 INFO     critic x loss -48094.625 critic z loss -1009.003 encoder loss 697811.812 decoder loss 1157.065

2022-09-20 21:42:53 INFO     Epoch 196
2022-09-20 21:42:53 INFO     Number of samples in train dataset 156907
2022-09-20 21:48:58 INFO     Critic training done in epoch 196
2022-09-20 21:51:03 INFO     Encoder decoder training done in epoch 196
2022-09-20 21:51:03 INFO     critic x loss -50219.536 critic z loss -1012.901 encoder loss 704668.062 decoder loss 1160.771

2022-09-20 21:51:03 INFO     Epoch 197
2022-09-20 21:51:03 INFO     Number of samples in train dataset 156907
2022-09-20 21:57:08 INFO     Critic training done in epoch 197
2022-09-20 21:59:11 INFO     Encoder decoder training done in epoch 197
2022-09-20 21:59:11 INFO     critic x loss -49099.435 critic z loss -1016.279 encoder loss 712086.562 decoder loss 1166.450

2022-09-20 21:59:11 INFO     Epoch 198
2022-09-20 21:59:12 INFO     Number of samples in train dataset 156907
2022-09-20 22:05:17 INFO     Critic training done in epoch 198
2022-09-20 22:07:21 INFO     Encoder decoder training done in epoch 198
2022-09-20 22:07:21 INFO     critic x loss -52007.842 critic z loss -1019.712 encoder loss 720375.375 decoder loss 1172.655

2022-09-20 22:07:21 INFO     Epoch 199
2022-09-20 22:07:21 INFO     Number of samples in train dataset 156907
2022-09-20 22:13:26 INFO     Critic training done in epoch 199
2022-09-20 22:15:30 INFO     Encoder decoder training done in epoch 199
2022-09-20 22:15:30 INFO     critic x loss -54917.240 critic z loss -1027.036 encoder loss 728148.688 decoder loss 1178.215

